This file contains any messages produced by compilers while
running configure, to aid debugging if configure makes a mistake.

It was created by libXpm configure 3.5.4.2, which was
generated by GNU Autoconf 2.59.  Invocation command line was

  $ ./configure 

## --------- ##
## Platform. ##
## --------- ##

hostname = localhost.localdomain
uname -m = i686
uname -r = 2.6.23.1-42.fc8
uname -s = Linux
uname -v = #1 SMP Tue Oct 30 13:55:12 EDT 2007

/usr/bin/uname -p = unknown
/bin/uname -X     = unknown

/bin/arch              = i686
/usr/bin/arch -k       = unknown
/usr/convex/getsysinfo = unknown
hostinfo               = unknown
/bin/machine           = unknown
/usr/bin/oslevel       = unknown
/bin/universe          = unknown

PATH: /usr/kerberos/sbin
PATH: /usr/kerberos/bin
PATH: /usr/lib/ccache
PATH: /usr/local/sbin
PATH: /usr/local/bin
PATH: /sbin
PATH: /bin
PATH: /usr/sbin
PATH: /usr/bin
PATH: /root/bin


## ----------- ##
## Core tests. ##
## ----------- ##

configure:1583: checking for a BSD-compatible install
configure:1638: result: /usr/bin/install -c
configure:1649: checking whether build environment is sane
configure:1692: result: yes
configure:1725: checking for gawk
configure:1741: found /bin/gawk
configure:1751: result: gawk
configure:1761: checking whether make sets $(MAKE)
configure:1781: result: yes
configure:1946: checking whether to enable maintainer-specific portions of Makefiles
configure:1955: result: no
configure:2053: checking build system type
configure:2071: result: i686-pc-linux-gnu
configure:2079: checking host system type
configure:2093: result: i686-pc-linux-gnu
configure:2113: checking for style of include used by make
configure:2141: result: GNU
configure:2212: checking for gcc
configure:2228: found /usr/lib/ccache/gcc
configure:2238: result: gcc
configure:2482: checking for C compiler version
configure:2485: gcc --version </dev/null >&5
3.0
configure:2488: $? = 0
configure:2490: gcc -v </dev/null >&5
Reading specs from /usr/local/lib/gcc-lib/i686-pc-linux-gnu/3.0/specs
Configured with: ./configure 
Thread model: single
gcc version 3.0 20010507 (prerelease)
configure:2493: $? = 0
configure:2495: gcc -V </dev/null >&5
gcc: argument to `-V' is missing
configure:2498: $? = 1
configure:2521: checking for C compiler default output file name
configure:2524: gcc    conftest.c  >&5
configure:2527: $? = 0
configure:2573: result: a.out
configure:2578: checking whether the C compiler works
configure:2584: ./a.out
configure:2587: $? = 0
configure:2604: result: yes
configure:2611: checking whether we are cross compiling
configure:2613: result: no
configure:2616: checking for suffix of executables
configure:2618: gcc -o conftest    conftest.c  >&5
configure:2621: $? = 0
configure:2646: result: 
configure:2652: checking for suffix of object files
configure:2673: gcc -c   conftest.c >&5
configure:2676: $? = 0
configure:2698: result: o
configure:2702: checking whether we are using the GNU C compiler
configure:2726: gcc -c   conftest.c >&5
configure:2732: $? = 0
configure:2736: test -z 
			 || test ! -s conftest.err
configure:2739: $? = 0
configure:2742: test -s conftest.o
configure:2745: $? = 0
configure:2758: result: yes
configure:2764: checking whether gcc accepts -g
configure:2785: gcc -c -g  conftest.c >&5
configure:2791: $? = 0
configure:2795: test -z 
			 || test ! -s conftest.err
configure:2798: $? = 0
configure:2801: test -s conftest.o
configure:2804: $? = 0
configure:2815: result: yes
configure:2832: checking for gcc option to accept ANSI C
configure:2902: gcc  -c -g -O2  conftest.c >&5
configure:2908: $? = 0
configure:2912: test -z 
			 || test ! -s conftest.err
configure:2915: $? = 0
configure:2918: test -s conftest.o
configure:2921: $? = 0
configure:2939: result: none needed
configure:2957: gcc -c -g -O2  conftest.c >&5
conftest.c:2: parse error before "me"
configure:2963: $? = 1
configure: failed program was:
| #ifndef __cplusplus
|   choke me
| #endif
configure:3098: checking dependency style of gcc
configure:3181: result: gcc3
configure:3198: checking for a sed that does not truncate output
configure:3252: result: /bin/sed
configure:3255: checking for egrep
configure:3265: result: grep -E
configure:3281: checking for ld used by gcc
configure:3348: result: /usr/bin/ld
configure:3357: checking if the linker (/usr/bin/ld) is GNU ld
configure:3372: result: yes
configure:3377: checking for /usr/bin/ld option to reload object files
configure:3384: result: -r
configure:3393: checking for BSD-compatible nm
configure:3435: result: /usr/bin/nm -B
configure:3439: checking whether ln -s works
configure:3443: result: yes
configure:3450: checking how to recognise dependent libraries
configure:3633: result: pass_all
configure:3765: gcc -c -g -O2  conftest.c >&5
configure:3768: $? = 0
configure:3865: checking how to run the C preprocessor
configure:3900: gcc -E  conftest.c
configure:3906: $? = 0
configure:3938: gcc -E  conftest.c
conftest.c:11:28: ac_nonexistent.h: No such file or directory
configure:3944: $? = 1
configure: failed program was:
| /* confdefs.h.  */
| 
| #define PACKAGE_NAME "libXpm"
| #define PACKAGE_TARNAME "libXpm"
| #define PACKAGE_VERSION "3.5.4.2"
| #define PACKAGE_STRING "libXpm 3.5.4.2"
| #define PACKAGE_BUGREPORT "https://bugs.freedesktop.org/enter_bug.cgi?product=xorg"
| #define PACKAGE "libXpm"
| #define VERSION "3.5.4.2"
| /* end confdefs.h.  */
| #include <ac_nonexistent.h>
configure:3983: result: gcc -E
configure:4007: gcc -E  conftest.c
configure:4013: $? = 0
configure:4045: gcc -E  conftest.c
conftest.c:11:28: ac_nonexistent.h: No such file or directory
configure:4051: $? = 1
configure: failed program was:
| /* confdefs.h.  */
| 
| #define PACKAGE_NAME "libXpm"
| #define PACKAGE_TARNAME "libXpm"
| #define PACKAGE_VERSION "3.5.4.2"
| #define PACKAGE_STRING "libXpm 3.5.4.2"
| #define PACKAGE_BUGREPORT "https://bugs.freedesktop.org/enter_bug.cgi?product=xorg"
| #define PACKAGE "libXpm"
| #define VERSION "3.5.4.2"
| /* end confdefs.h.  */
| #include <ac_nonexistent.h>
configure:4095: checking for ANSI C header files
configure:4120: gcc -c -g -O2  conftest.c >&5
configure:4126: $? = 0
configure:4130: test -z 
			 || test ! -s conftest.err
configure:4133: $? = 0
configure:4136: test -s conftest.o
configure:4139: $? = 0
configure:4228: gcc -o conftest -g -O2   conftest.c  >&5
configure:4231: $? = 0
configure:4233: ./conftest
configure:4236: $? = 0
configure:4251: result: yes
configure:4275: checking for sys/types.h
configure:4291: gcc -c -g -O2  conftest.c >&5
configure:4297: $? = 0
configure:4301: test -z 
			 || test ! -s conftest.err
configure:4304: $? = 0
configure:4307: test -s conftest.o
configure:4310: $? = 0
configure:4321: result: yes
configure:4275: checking for sys/stat.h
configure:4291: gcc -c -g -O2  conftest.c >&5
configure:4297: $? = 0
configure:4301: test -z 
			 || test ! -s conftest.err
configure:4304: $? = 0
configure:4307: test -s conftest.o
configure:4310: $? = 0
configure:4321: result: yes
configure:4275: checking for stdlib.h
configure:4291: gcc -c -g -O2  conftest.c >&5
configure:4297: $? = 0
configure:4301: test -z 
			 || test ! -s conftest.err
configure:4304: $? = 0
configure:4307: test -s conftest.o
configure:4310: $? = 0
configure:4321: result: yes
configure:4275: checking for string.h
configure:4291: gcc -c -g -O2  conftest.c >&5
configure:4297: $? = 0
configure:4301: test -z 
			 || test ! -s conftest.err
configure:4304: $? = 0
configure:4307: test -s conftest.o
configure:4310: $? = 0
configure:4321: result: yes
configure:4275: checking for memory.h
configure:4291: gcc -c -g -O2  conftest.c >&5
configure:4297: $? = 0
configure:4301: test -z 
			 || test ! -s conftest.err
configure:4304: $? = 0
configure:4307: test -s conftest.o
configure:4310: $? = 0
configure:4321: result: yes
configure:4275: checking for strings.h
configure:4291: gcc -c -g -O2  conftest.c >&5
configure:4297: $? = 0
configure:4301: test -z 
			 || test ! -s conftest.err
configure:4304: $? = 0
configure:4307: test -s conftest.o
configure:4310: $? = 0
configure:4321: result: yes
configure:4275: checking for inttypes.h
configure:4291: gcc -c -g -O2  conftest.c >&5
configure:4297: $? = 0
configure:4301: test -z 
			 || test ! -s conftest.err
configure:4304: $? = 0
configure:4307: test -s conftest.o
configure:4310: $? = 0
configure:4321: result: yes
configure:4275: checking for stdint.h
configure:4291: gcc -c -g -O2  conftest.c >&5
configure:4297: $? = 0
configure:4301: test -z 
			 || test ! -s conftest.err
configure:4304: $? = 0
configure:4307: test -s conftest.o
configure:4310: $? = 0
configure:4321: result: yes
configure:4275: checking for unistd.h
configure:4291: gcc -c -g -O2  conftest.c >&5
configure:4297: $? = 0
configure:4301: test -z 
			 || test ! -s conftest.err
configure:4304: $? = 0
configure:4307: test -s conftest.o
configure:4310: $? = 0
configure:4321: result: yes
configure:4347: checking dlfcn.h usability
configure:4359: gcc -c -g -O2  conftest.c >&5
configure:4365: $? = 0
configure:4369: test -z 
			 || test ! -s conftest.err
configure:4372: $? = 0
configure:4375: test -s conftest.o
configure:4378: $? = 0
configure:4388: result: yes
configure:4392: checking dlfcn.h presence
configure:4402: gcc -E  conftest.c
configure:4408: $? = 0
configure:4428: result: yes
configure:4463: checking for dlfcn.h
configure:4470: result: yes
configure:4535: checking for g++
configure:4551: found /usr/lib/ccache/g++
configure:4561: result: g++
configure:4577: checking for C++ compiler version
configure:4580: g++ --version </dev/null >&5
g++ (GCC) 4.1.2 20070925 (Red Hat 4.1.2-33)
Copyright (C) 2006 Free Software Foundation, Inc.
This is free software; see the source for copying conditions.  There is NO
warranty; not even for MERCHANTABILITY or FITNESS FOR A PARTICULAR PURPOSE.

configure:4583: $? = 0
configure:4585: g++ -v </dev/null >&5
Using built-in specs.
Target: i386-redhat-linux
Configured with: ../configure --prefix=/usr --mandir=/usr/share/man --infodir=/usr/share/info --enable-shared --enable-threads=posix --enable-checking=release --with-system-zlib --enable-__cxa_atexit --disable-libunwind-exceptions --enable-languages=c,c++,objc,obj-c++,java,fortran,ada --enable-java-awt=gtk --disable-dssi --enable-plugin --with-java-home=/usr/lib/jvm/java-1.5.0-gcj-1.5.0.0/jre --enable-libgcj-multifile --enable-java-maintainer-mode --with-ecj-jar=/usr/share/java/eclipse-ecj.jar --with-cpu=generic --host=i386-redhat-linux
Thread model: posix
gcc version 4.1.2 20070925 (Red Hat 4.1.2-33)
configure:4588: $? = 0
configure:4590: g++ -V </dev/null >&5
g++: '-V' option must have argument
configure:4593: $? = 1
configure:4596: checking whether we are using the GNU C++ compiler
configure:4620: g++ -c   conftest.cc >&5
configure:4626: $? = 0
configure:4630: test -z 
			 || test ! -s conftest.err
configure:4633: $? = 0
configure:4636: test -s conftest.o
configure:4639: $? = 0
configure:4652: result: yes
configure:4658: checking whether g++ accepts -g
configure:4679: g++ -c -g  conftest.cc >&5
configure:4685: $? = 0
configure:4689: test -z 
			 || test ! -s conftest.err
configure:4692: $? = 0
configure:4695: test -s conftest.o
configure:4698: $? = 0
configure:4709: result: yes
configure:4751: g++ -c -g -O2  conftest.cc >&5
configure:4757: $? = 0
configure:4761: test -z 
			 || test ! -s conftest.err
configure:4764: $? = 0
configure:4767: test -s conftest.o
configure:4770: $? = 0
configure:4796: g++ -c -g -O2  conftest.cc >&5
conftest.cc: In function 'int main()':
conftest.cc:26: error: 'exit' was not declared in this scope
configure:4802: $? = 1
configure: failed program was:
| /* confdefs.h.  */
| 
| #define PACKAGE_NAME "libXpm"
| #define PACKAGE_TARNAME "libXpm"
| #define PACKAGE_VERSION "3.5.4.2"
| #define PACKAGE_STRING "libXpm 3.5.4.2"
| #define PACKAGE_BUGREPORT "https://bugs.freedesktop.org/enter_bug.cgi?product=xorg"
| #define PACKAGE "libXpm"
| #define VERSION "3.5.4.2"
| #define STDC_HEADERS 1
| #define HAVE_SYS_TYPES_H 1
| #define HAVE_SYS_STAT_H 1
| #define HAVE_STDLIB_H 1
| #define HAVE_STRING_H 1
| #define HAVE_MEMORY_H 1
| #define HAVE_STRINGS_H 1
| #define HAVE_INTTYPES_H 1
| #define HAVE_STDINT_H 1
| #define HAVE_UNISTD_H 1
| #define HAVE_DLFCN_H 1
| /* end confdefs.h.  */
| 
| int
| main ()
| {
| exit (42);
|   ;
|   return 0;
| }
configure:4751: g++ -c -g -O2  conftest.cc >&5
configure:4757: $? = 0
configure:4761: test -z 
			 || test ! -s conftest.err
configure:4764: $? = 0
configure:4767: test -s conftest.o
configure:4770: $? = 0
configure:4796: g++ -c -g -O2  conftest.cc >&5
configure:4802: $? = 0
configure:4806: test -z 
			 || test ! -s conftest.err
configure:4809: $? = 0
configure:4812: test -s conftest.o
configure:4815: $? = 0
configure:4840: checking dependency style of g++
configure:4923: result: gcc3
configure:4945: checking how to run the C++ preprocessor
configure:4976: g++ -E  conftest.cc
configure:4982: $? = 0
configure:5014: g++ -E  conftest.cc
conftest.cc:25:28: error: ac_nonexistent.h: No such file or directory
configure:5020: $? = 1
configure: failed program was:
| /* confdefs.h.  */
| 
| #define PACKAGE_NAME "libXpm"
| #define PACKAGE_TARNAME "libXpm"
| #define PACKAGE_VERSION "3.5.4.2"
| #define PACKAGE_STRING "libXpm 3.5.4.2"
| #define PACKAGE_BUGREPORT "https://bugs.freedesktop.org/enter_bug.cgi?product=xorg"
| #define PACKAGE "libXpm"
| #define VERSION "3.5.4.2"
| #define STDC_HEADERS 1
| #define HAVE_SYS_TYPES_H 1
| #define HAVE_SYS_STAT_H 1
| #define HAVE_STDLIB_H 1
| #define HAVE_STRING_H 1
| #define HAVE_MEMORY_H 1
| #define HAVE_STRINGS_H 1
| #define HAVE_INTTYPES_H 1
| #define HAVE_STDINT_H 1
| #define HAVE_UNISTD_H 1
| #define HAVE_DLFCN_H 1
| #ifdef __cplusplus
| extern "C" void std::exit (int) throw (); using std::exit;
| #endif
| /* end confdefs.h.  */
| #include <ac_nonexistent.h>
configure:5059: result: g++ -E
configure:5083: g++ -E  conftest.cc
configure:5089: $? = 0
configure:5121: g++ -E  conftest.cc
conftest.cc:25:28: error: ac_nonexistent.h: No such file or directory
configure:5127: $? = 1
configure: failed program was:
| /* confdefs.h.  */
| 
| #define PACKAGE_NAME "libXpm"
| #define PACKAGE_TARNAME "libXpm"
| #define PACKAGE_VERSION "3.5.4.2"
| #define PACKAGE_STRING "libXpm 3.5.4.2"
| #define PACKAGE_BUGREPORT "https://bugs.freedesktop.org/enter_bug.cgi?product=xorg"
| #define PACKAGE "libXpm"
| #define VERSION "3.5.4.2"
| #define STDC_HEADERS 1
| #define HAVE_SYS_TYPES_H 1
| #define HAVE_SYS_STAT_H 1
| #define HAVE_STDLIB_H 1
| #define HAVE_STRING_H 1
| #define HAVE_MEMORY_H 1
| #define HAVE_STRINGS_H 1
| #define HAVE_INTTYPES_H 1
| #define HAVE_STDINT_H 1
| #define HAVE_UNISTD_H 1
| #define HAVE_DLFCN_H 1
| #ifdef __cplusplus
| extern "C" void std::exit (int) throw (); using std::exit;
| #endif
| /* end confdefs.h.  */
| #include <ac_nonexistent.h>
configure:5222: checking for g77
configure:5251: result: no
configure:5222: checking for f77
configure:5251: result: no
configure:5222: checking for xlf
configure:5251: result: no
configure:5222: checking for frt
configure:5251: result: no
configure:5222: checking for pgf77
configure:5251: result: no
configure:5222: checking for fort77
configure:5251: result: no
configure:5222: checking for fl32
configure:5251: result: no
configure:5222: checking for af77
configure:5251: result: no
configure:5222: checking for f90
configure:5251: result: no
configure:5222: checking for xlf90
configure:5251: result: no
configure:5222: checking for pgf90
configure:5251: result: no
configure:5222: checking for epcf90
configure:5251: result: no
configure:5222: checking for f95
configure:5238: found /usr/bin/f95
configure:5248: result: f95
configure:5263: checking for Fortran 77 compiler version
configure:5266: f95 --version </dev/null >&5
GNU Fortran (GCC) 4.1.2 20070925 (Red Hat 4.1.2-33)
Copyright (C) 2007 Free Software Foundation, Inc.

GNU Fortran comes with NO WARRANTY, to the extent permitted by law.
You may redistribute copies of GNU Fortran
under the terms of the GNU General Public License.
For more information about these matters, see the file named COPYING

configure:5269: $? = 0
configure:5271: f95 -v </dev/null >&5
Using built-in specs.
Target: i386-redhat-linux
Configured with: ../configure --prefix=/usr --mandir=/usr/share/man --infodir=/usr/share/info --enable-shared --enable-threads=posix --enable-checking=release --with-system-zlib --enable-__cxa_atexit --disable-libunwind-exceptions --enable-languages=c,c++,objc,obj-c++,java,fortran,ada --enable-java-awt=gtk --disable-dssi --enable-plugin --with-java-home=/usr/lib/jvm/java-1.5.0-gcj-1.5.0.0/jre --enable-libgcj-multifile --enable-java-maintainer-mode --with-ecj-jar=/usr/share/java/eclipse-ecj.jar --with-cpu=generic --host=i386-redhat-linux
Thread model: posix
gcc version 4.1.2 20070925 (Red Hat 4.1.2-33)
configure:5274: $? = 0
configure:5276: f95 -V </dev/null >&5
f95: '-V' option must have argument
configure:5279: $? = 1
configure:5287: checking whether we are using the GNU Fortran 77 compiler
configure:5301: f95 -c  conftest.F >&5
configure:5307: $? = 0
configure:5311: test -z 
			 || test ! -s conftest.err
configure:5314: $? = 0
configure:5317: test -s conftest.o
configure:5320: $? = 0
configure:5333: result: yes
configure:5339: checking whether f95 accepts -g
configure:5351: f95 -c -g conftest.f >&5
configure:5357: $? = 0
configure:5361: test -z 
			 || test ! -s conftest.err
configure:5364: $? = 0
configure:5367: test -s conftest.o
configure:5370: $? = 0
configure:5382: result: yes
configure:5412: checking the maximum length of command line arguments
configure:5477: result: 32768
configure:5488: checking command to parse /usr/bin/nm -B output from gcc object
configure:5577: gcc -c -g -O2  conftest.c >&5
configure:5580: $? = 0
configure:5584: /usr/bin/nm -B conftest.o \| sed -n -e 's/^.*[ 	]\([ABCDGIRSTW][ABCDGIRSTW]*\)[ 	][ 	]*\(\)\([_A-Za-z][_A-Za-z0-9]*\)$/\1 \2\3 \3/p' \> conftest.nm
configure:5587: $? = 0
configure:5639: gcc -o conftest -g -O2   conftest.c conftstm.o >&5
configure:5642: $? = 0
configure:5680: result: ok
configure:5684: checking for objdir
configure:5699: result: .libs
configure:5789: checking for ar
configure:5805: found /usr/bin/ar
configure:5816: result: ar
configure:5869: checking for ranlib
configure:5885: found /usr/bin/ranlib
configure:5896: result: ranlib
configure:5949: checking for strip
configure:5965: found /usr/bin/strip
configure:5976: result: strip
configure:6238: checking if gcc static flag  works
configure:6261: result: yes
configure:6279: checking if gcc supports -fno-rtti -fno-exceptions
configure:6297: gcc -c -g -O2  -fno-rtti -fno-exceptions conftest.c >&5
cc1: Unrecognized option `-fno-rtti'
configure:6301: $? = 1
configure:6312: result: no
configure:6327: checking for gcc option to produce PIC
configure:6504: result: -fPIC
configure:6512: checking if gcc PIC flag -fPIC works
configure:6530: gcc -c -g -O2  -fPIC -DPIC conftest.c >&5
configure:6534: $? = 0
configure:6545: result: yes
configure:6569: checking if gcc supports -c -o file.o
configure:6590: gcc -c -g -O2  -o out/conftest2.o conftest.c >&5
configure:6594: $? = 0
configure:6614: result: yes
configure:6640: checking whether the gcc linker (/usr/bin/ld) supports shared libraries
configure:7488: result: yes
configure:7514: checking whether -lc should be explicitly linked in
configure:7519: gcc -c -g -O2  conftest.c >&5
configure:7522: $? = 0
configure:7536: gcc -shared conftest.o  -v -Wl,-soname -Wl,conftest -o conftest 2\>\&1 \| grep  -lc  \>/dev/null 2\>\&1
configure:7539: $? = 0
configure:7551: result: no
configure:7559: checking dynamic linker characteristics
configure:8154: result: GNU/Linux ld.so
configure:8158: checking how to hardcode library paths into programs
configure:8183: result: immediate
configure:8197: checking whether stripping libraries is possible
configure:8202: result: yes
configure:9032: checking if libtool supports shared libraries
configure:9034: result: yes
configure:9037: checking whether to build shared libraries
configure:9095: result: yes
configure:9098: checking whether to build static libraries
configure:9102: result: yes
configure:9194: creating libtool
configure:9741: checking for ld used by g++
configure:9808: result: /usr/bin/ld
configure:9817: checking if the linker (/usr/bin/ld) is GNU ld
configure:9832: result: yes
configure:9883: checking whether the g++ linker (/usr/bin/ld) supports shared libraries
configure:10711: result: yes
configure:10729: g++ -c -g -O2  conftest.cc >&5
configure:10732: $? = 0
configure:10828: checking for g++ option to produce PIC
configure:11080: result: -fPIC
configure:11088: checking if g++ PIC flag -fPIC works
configure:11106: g++ -c -g -O2  -fPIC -DPIC conftest.cc >&5
configure:11110: $? = 0
configure:11121: result: yes
configure:11145: checking if g++ supports -c -o file.o
configure:11166: g++ -c -g -O2  -o out/conftest2.o conftest.cc >&5
configure:11170: $? = 0
configure:11190: result: yes
configure:11216: checking whether the g++ linker (/usr/bin/ld) supports shared libraries
configure:11241: result: yes
configure:11312: checking dynamic linker characteristics
configure:11907: result: GNU/Linux ld.so
configure:11911: checking how to hardcode library paths into programs
configure:11936: result: immediate
configure:11950: checking whether stripping libraries is possible
configure:11955: result: yes
configure:13262: checking if libtool supports shared libraries
configure:13264: result: yes
configure:13267: checking whether to build shared libraries
configure:13285: result: yes
configure:13288: checking whether to build static libraries
configure:13292: result: yes
configure:13304: checking for f95 option to produce PIC
configure:13481: result: -fPIC
configure:13489: checking if f95 PIC flag -fPIC works
configure:13507: f95 -c -g -O2 -fPIC conftest.f >&5
configure:13511: $? = 0
configure:13522: result: yes
configure:13546: checking if f95 supports -c -o file.o
configure:13567: f95 -c -g -O2 -o out/conftest2.o conftest.f >&5
configure:13571: $? = 0
configure:13591: result: yes
configure:13617: checking whether the f95 linker (/usr/bin/ld) supports shared libraries
configure:14445: result: yes
configure:14516: checking dynamic linker characteristics
configure:15111: result: GNU/Linux ld.so
configure:15115: checking how to hardcode library paths into programs
configure:15140: result: immediate
configure:15154: checking whether stripping libraries is possible
configure:15159: result: yes
configure:19364: checking for gcc
configure:19390: result: gcc
configure:19634: checking for C compiler version
configure:19637: gcc --version </dev/null >&5
3.0
configure:19640: $? = 0
configure:19642: gcc -v </dev/null >&5
Reading specs from /usr/local/lib/gcc-lib/i686-pc-linux-gnu/3.0/specs
Configured with: ./configure 
Thread model: single
gcc version 3.0 20010507 (prerelease)
configure:19645: $? = 0
configure:19647: gcc -V </dev/null >&5
gcc: argument to `-V' is missing
configure:19650: $? = 1
configure:19653: checking whether we are using the GNU C compiler
configure:19709: result: yes
configure:19715: checking whether gcc accepts -g
configure:19766: result: yes
configure:19783: checking for gcc option to accept ANSI C
configure:19890: result: none needed
configure:19908: gcc -c -g -O2  conftest.c >&5
conftest.c:2: parse error before "me"
configure:19914: $? = 1
configure: failed program was:
| #ifndef __cplusplus
|   choke me
| #endif
configure:20049: checking dependency style of gcc
configure:20132: result: gcc3
configure:20199: checking for pkg-config
configure:20217: found /usr/bin/pkg-config
configure:20229: result: /usr/bin/pkg-config
configure:20244: checking pkg-config is at least version 0.9.0
configure:20247: result: yes
configure:20258: checking for XPM
configure:20263: $PKG_CONFIG --exists --print-errors "xproto x11"
configure:20266: $? = 0
configure:20277: $PKG_CONFIG --exists --print-errors "xproto x11"
configure:20280: $? = 0
configure:20335: result: yes
configure:20343: checking for ANSI C header files
configure:20499: result: yes
configure:20515: checking for strlcat
configure:20572: gcc -o conftest -g -O2   conftest.c  >&5
/tmp/ccLAeDql.o: In function `main':
/root/libXpm-3.5.4.2/conftest.c:66: undefined reference to `strlcat'
/root/libXpm-3.5.4.2/conftest.c:65: undefined reference to `strlcat'
collect2: ld returned 1 exit status
configure:20578: $? = 1
configure: failed program was:
| /* confdefs.h.  */
| 
| #define PACKAGE_NAME "libXpm"
| #define PACKAGE_TARNAME "libXpm"
| #define PACKAGE_VERSION "3.5.4.2"
| #define PACKAGE_STRING "libXpm 3.5.4.2"
| #define PACKAGE_BUGREPORT "https://bugs.freedesktop.org/enter_bug.cgi?product=xorg"
| #define PACKAGE "libXpm"
| #define VERSION "3.5.4.2"
| #define STDC_HEADERS 1
| #define HAVE_SYS_TYPES_H 1
| #define HAVE_SYS_STAT_H 1
| #define HAVE_STDLIB_H 1
| #define HAVE_STRING_H 1
| #define HAVE_MEMORY_H 1
| #define HAVE_STRINGS_H 1
| #define HAVE_INTTYPES_H 1
| #define HAVE_STDINT_H 1
| #define HAVE_UNISTD_H 1
| #define HAVE_DLFCN_H 1
| #ifdef __cplusplus
| extern "C" void std::exit (int) throw (); using std::exit;
| #endif
| #define STDC_HEADERS 1
| /* end confdefs.h.  */
| /* Define strlcat to an innocuous variant, in case <limits.h> declares strlcat.
|    For example, HP-UX 11i <limits.h> declares gettimeofday.  */
| #define strlcat innocuous_strlcat
| 
| /* System header to define __stub macros and hopefully few prototypes,
|     which can conflict with char strlcat (); below.
|     Prefer <limits.h> to <assert.h> if __STDC__ is defined, since
|     <limits.h> exists even on freestanding compilers.  */
| 
| #ifdef __STDC__
| # include <limits.h>
| #else
| # include <assert.h>
| #endif
| 
| #undef strlcat
| 
| /* Override any gcc2 internal prototype to avoid an error.  */
| #ifdef __cplusplus
| extern "C"
| {
| #endif
| /* We use char because int might match the return type of a gcc2
|    builtin and then its argument prototype would still apply.  */
| char strlcat ();
| /* The GNU C library defines this for functions which it implements
|     to always fail with ENOSYS.  Some functions are actually named
|     something starting with __ and the normal name is an alias.  */
| #if defined (__stub_strlcat) || defined (__stub___strlcat)
| choke me
| #else
| char (*f) () = strlcat;
| #endif
| #ifdef __cplusplus
| }
| #endif
| 
| int
| main ()
| {
| return f != strlcat;
|   ;
|   return 0;
| }
configure:20603: result: no
configure:20642: checking for SXPM
configure:20647: $PKG_CONFIG --exists --print-errors "xt xext xextproto"
configure:20650: $? = 0
configure:20661: $PKG_CONFIG --exists --print-errors "xt xext xextproto"
configure:20664: $? = 0
configure:20685: result: yes
configure:20955: creating ./config.status

## ---------------------- ##
## Running config.status. ##
## ---------------------- ##

This file was extended by libXpm config.status 3.5.4.2, which was
generated by GNU Autoconf 2.59.  Invocation command line was

  CONFIG_FILES    = 
  CONFIG_HEADERS  = 
  CONFIG_LINKS    = 
  CONFIG_COMMANDS = 
  $ ./config.status 

on localhost.localdomain

config.status:738: creating Makefile
config.status:738: creating src/Makefile
config.status:738: creating sxpm/Makefile
config.status:738: creating cxpm/Makefile
config.status:738: creating xpm.pc
config.status:842: creating config.h
config.status:1134: executing depfiles commands

## ---------------- ##
## Cache variables. ##
## ---------------- ##

ac_cv_build=i686-pc-linux-gnu
ac_cv_build_alias=i686-pc-linux-gnu
ac_cv_c_compiler_gnu=yes
ac_cv_cxx_compiler_gnu=yes
ac_cv_env_CC_set=
ac_cv_env_CC_value=
ac_cv_env_CFLAGS_set=
ac_cv_env_CFLAGS_value=
ac_cv_env_CPPFLAGS_set=
ac_cv_env_CPPFLAGS_value=
ac_cv_env_CPP_set=
ac_cv_env_CPP_value=
ac_cv_env_CXXCPP_set=
ac_cv_env_CXXCPP_value=
ac_cv_env_CXXFLAGS_set=
ac_cv_env_CXXFLAGS_value=
ac_cv_env_CXX_set=
ac_cv_env_CXX_value=
ac_cv_env_F77_set=
ac_cv_env_F77_value=
ac_cv_env_FFLAGS_set=
ac_cv_env_FFLAGS_value=
ac_cv_env_LDFLAGS_set=
ac_cv_env_LDFLAGS_value=
ac_cv_env_PKG_CONFIG_set=
ac_cv_env_PKG_CONFIG_value=
ac_cv_env_SXPM_CFLAGS_set=
ac_cv_env_SXPM_CFLAGS_value=
ac_cv_env_SXPM_LIBS_set=
ac_cv_env_SXPM_LIBS_value=
ac_cv_env_XPM_CFLAGS_set=
ac_cv_env_XPM_CFLAGS_value=
ac_cv_env_XPM_LIBS_set=
ac_cv_env_XPM_LIBS_value=
ac_cv_env_build_alias_set=
ac_cv_env_build_alias_value=
ac_cv_env_host_alias_set=
ac_cv_env_host_alias_value=
ac_cv_env_target_alias_set=
ac_cv_env_target_alias_value=
ac_cv_exeext=
ac_cv_f77_compiler_gnu=yes
ac_cv_func_strlcat=no
ac_cv_header_dlfcn_h=yes
ac_cv_header_inttypes_h=yes
ac_cv_header_memory_h=yes
ac_cv_header_stdc=yes
ac_cv_header_stdint_h=yes
ac_cv_header_stdlib_h=yes
ac_cv_header_string_h=yes
ac_cv_header_strings_h=yes
ac_cv_header_sys_stat_h=yes
ac_cv_header_sys_types_h=yes
ac_cv_header_unistd_h=yes
ac_cv_host=i686-pc-linux-gnu
ac_cv_host_alias=i686-pc-linux-gnu
ac_cv_objext=o
ac_cv_path_ac_pt_PKG_CONFIG=/usr/bin/pkg-config
ac_cv_path_install='/usr/bin/install -c'
ac_cv_prog_AWK=gawk
ac_cv_prog_CPP='gcc -E'
ac_cv_prog_CXXCPP='g++ -E'
ac_cv_prog_ac_ct_AR=ar
ac_cv_prog_ac_ct_CC=gcc
ac_cv_prog_ac_ct_CXX=g++
ac_cv_prog_ac_ct_F77=f95
ac_cv_prog_ac_ct_RANLIB=ranlib
ac_cv_prog_ac_ct_STRIP=strip
ac_cv_prog_cc_g=yes
ac_cv_prog_cc_stdc=
ac_cv_prog_cxx_g=yes
ac_cv_prog_egrep='grep -E'
ac_cv_prog_f77_g=yes
ac_cv_prog_make_make_set=yes
am_cv_CC_dependencies_compiler_type=gcc3
am_cv_CXX_dependencies_compiler_type=gcc3
lt_cv_cc_64bit_output=no
lt_cv_deplibs_check_method=pass_all
lt_cv_file_magic_cmd='$MAGIC_CMD'
lt_cv_file_magic_test_file='/lib/libc.so.6 /lib/libc-2.7.so'
lt_cv_ld_reload_flag=-r
lt_cv_objdir=.libs
lt_cv_path_LD=/usr/bin/ld
lt_cv_path_LDCXX=/usr/bin/ld
lt_cv_path_NM='/usr/bin/nm -B'
lt_cv_path_SED=/bin/sed
lt_cv_prog_compiler_c_o=yes
lt_cv_prog_compiler_c_o_CXX=yes
lt_cv_prog_compiler_c_o_F77=yes
lt_cv_prog_compiler_rtti_exceptions=no
lt_cv_prog_gnu_ld=yes
lt_cv_prog_gnu_ldcxx=yes
lt_cv_sys_global_symbol_pipe='sed -n -e '\''s/^.*[ 	]\([ABCDGIRSTW][ABCDGIRSTW]*\)[ 	][ 	]*\(\)\([_A-Za-z][_A-Za-z0-9]*\)$/\1 \2\3 \3/p'\'''
lt_cv_sys_global_symbol_to_c_name_address='sed -n -e '\''s/^: \([^ ]*\) $/  {\"\1\", (lt_ptr) 0},/p'\'' -e '\''s/^[BCDEGRST] \([^ ]*\) \([^ ]*\)$/  {"\2", (lt_ptr) \&\2},/p'\'''
lt_cv_sys_global_symbol_to_cdecl='sed -n -e '\''s/^. .* \(.*\)$/extern int \1;/p'\'''
lt_cv_sys_max_cmd_len=32768
lt_lt_cv_prog_compiler_c_o='"yes"'
lt_lt_cv_prog_compiler_c_o_CXX='"yes"'
lt_lt_cv_prog_compiler_c_o_F77='"yes"'
lt_lt_cv_sys_global_symbol_pipe='"sed -n -e '\''s/^.*[ 	]\\([ABCDGIRSTW][ABCDGIRSTW]*\\)[ 	][ 	]*\\(\\)\\([_A-Za-z][_A-Za-z0-9]*\\)\$/\\1 \\2\\3 \\3/p'\''"'
lt_lt_cv_sys_global_symbol_to_c_name_address='"sed -n -e '\''s/^: \\([^ ]*\\) \$/  {\\\"\\1\\\", (lt_ptr) 0},/p'\'' -e '\''s/^[BCDEGRST] \\([^ ]*\\) \\([^ ]*\\)\$/  {\"\\2\", (lt_ptr) \\&\\2},/p'\''"'
lt_lt_cv_sys_global_symbol_to_cdecl='"sed -n -e '\''s/^. .* \\(.*\\)\$/extern int \\1;/p'\''"'
pkg_cv_SXPM_CFLAGS=' '
pkg_cv_SXPM_LIBS='-lXt -lX11 -lXext  '
pkg_cv_XPM_CFLAGS=' '
pkg_cv_XPM_LIBS='-lX11  '

## ----------------- ##
## Output variables. ##
## ----------------- ##

ACLOCAL='${SHELL} /root/libXpm-3.5.4.2/missing --run aclocal-1.7'
ADMIN_MAN_DIR='$(mandir)/man$(ADMIN_MAN_SUFFIX)'
ADMIN_MAN_SUFFIX='8'
AMDEPBACKSLASH='\'
AMDEP_FALSE='#'
AMDEP_TRUE=''
AMTAR='${SHELL} /root/libXpm-3.5.4.2/missing --run tar'
APP_MAN_DIR='$(mandir)/man1'
APP_MAN_SUFFIX='1x'
AR='ar'
AUTOCONF='${SHELL} /root/libXpm-3.5.4.2/missing --run autoconf'
AUTOHEADER='${SHELL} /root/libXpm-3.5.4.2/missing --run autoheader'
AUTOMAKE='${SHELL} /root/libXpm-3.5.4.2/missing --run automake-1.7'
AWK='gawk'
BUILD_SXPM_FALSE='#'
BUILD_SXPM_TRUE=''
CC='gcc'
CCDEPMODE='depmode=gcc3'
CFLAGS='-Wall -Wpointer-arith -Wstrict-prototypes 	-Wmissing-prototypes -Wmissing-declarations 	-Wnested-externs -fno-strict-aliasing -g -O2'
CPP='gcc -E'
CPPFLAGS=''
CXX='g++'
CXXCPP='g++ -E'
CXXDEPMODE='depmode=gcc3'
CXXFLAGS='-g -O2'
CYGPATH_W='echo'
DEFS='-DHAVE_CONFIG_H'
DEPDIR='.deps'
DRIVER_MAN_DIR='$(mandir)/man$(DRIVER_MAN_SUFFIX)'
DRIVER_MAN_SUFFIX='4'
ECHO='echo'
ECHO_C=''
ECHO_N='-n'
ECHO_T=''
EGREP='grep -E'
EXEEXT=''
F77='f95'
FFLAGS='-g -O2'
FILE_MAN_DIR='$(mandir)/man5'
FILE_MAN_SUFFIX='5x'
INSTALL_DATA='${INSTALL} -m 644'
INSTALL_PROGRAM='${INSTALL}'
INSTALL_SCRIPT='${INSTALL}'
INSTALL_STRIP_PROGRAM='${SHELL} $(install_sh) -c -s'
LDFLAGS=''
LIBOBJS=''
LIBS=''
LIBTOOL='$(SHELL) $(top_builddir)/libtool'
LIB_MAN_DIR='$(mandir)/man3'
LIB_MAN_SUFFIX='3x'
LN_S='ln -s'
LTLIBOBJS=''
MAINT='#'
MAINTAINER_MODE_FALSE=''
MAINTAINER_MODE_TRUE='#'
MAKEINFO='${SHELL} /root/libXpm-3.5.4.2/missing --run makeinfo'
MISC_MAN_DIR='$(mandir)/man$(MISC_MAN_SUFFIX)'
MISC_MAN_SUFFIX='7'
OBJEXT='o'
PACKAGE='libXpm'
PACKAGE_BUGREPORT='https://bugs.freedesktop.org/enter_bug.cgi?product=xorg'
PACKAGE_NAME='libXpm'
PACKAGE_STRING='libXpm 3.5.4.2'
PACKAGE_TARNAME='libXpm'
PACKAGE_VERSION='3.5.4.2'
PATH_SEPARATOR=':'
PKG_CONFIG='/usr/bin/pkg-config'
RANLIB='ranlib'
SET_MAKE=''
SHELL='/bin/sh'
STRIP='strip'
SXPM_CFLAGS=' '
SXPM_LIBS='-lXt -lX11 -lXext  '
VERSION='3.5.4.2'
XPM_CFLAGS=' '
XPM_LIBS='-lX11  '
ac_ct_AR='ar'
ac_ct_CC='gcc'
ac_ct_CXX='g++'
ac_ct_F77='f95'
ac_ct_RANLIB='ranlib'
ac_ct_STRIP='strip'
ac_pt_PKG_CONFIG='/usr/bin/pkg-config'
am__fastdepCC_FALSE='#'
am__fastdepCC_TRUE=''
am__fastdepCXX_FALSE='#'
am__fastdepCXX_TRUE=''
am__include='include'
am__leading_dot='.'
am__quote=''
bindir='${exec_prefix}/bin'
build='i686-pc-linux-gnu'
build_alias=''
build_cpu='i686'
build_os='linux-gnu'
build_vendor='pc'
datadir='${prefix}/share'
exec_prefix='${prefix}'
host='i686-pc-linux-gnu'
host_alias=''
host_cpu='i686'
host_os='linux-gnu'
host_vendor='pc'
includedir='${prefix}/include'
infodir='${prefix}/info'
install_sh='/root/libXpm-3.5.4.2/install-sh'
libdir='${exec_prefix}/lib'
libexecdir='${exec_prefix}/libexec'
localstatedir='${prefix}/var'
mandir='${prefix}/man'
oldincludedir='/usr/include'
prefix='/usr/local'
program_transform_name='s,x,x,'
sbindir='${exec_prefix}/sbin'
sharedstatedir='${prefix}/com'
sysconfdir='${prefix}/etc'
target_alias=''

## ----------- ##
## confdefs.h. ##
## ----------- ##

#define HAVE_DLFCN_H 1
#define HAVE_INTTYPES_H 1
#define HAVE_MEMORY_H 1
#define HAVE_STDINT_H 1
#define HAVE_STDLIB_H 1
#define HAVE_STRINGS_H 1
#define HAVE_STRING_H 1
#define HAVE_SYS_STAT_H 1
#define HAVE_SYS_TYPES_H 1
#define HAVE_UNISTD_H 1
#define PACKAGE "libXpm"
#define PACKAGE_BUGREPORT "https://bugs.freedesktop.org/enter_bug.cgi?product=xorg"
#define PACKAGE_NAME "libXpm"
#define PACKAGE_STRING "libXpm 3.5.4.2"
#define PACKAGE_TARNAME "libXpm"
#define PACKAGE_VERSION "3.5.4.2"
#define STAT_ZFILE 1
#define STDC_HEADERS 1
#define STDC_HEADERS 1
#define VERSION "3.5.4.2"
#endif
#ifdef __cplusplus
extern "C" void std::exit (int) throw (); using std::exit;

configure: exit 0
