This file contains any messages produced by compilers while
running configure, to aid debugging if configure makes a mistake.

It was created by bash configure 2.05a, which was
generated by GNU Autoconf 2.52.  Invocation command line was

  $ ./configure --exec-prefix=/ --prefix=/usr --enable-static-link --disable-job-control --disable-largefile

## ---------- ##
## Platform.  ##
## ---------- ##

hostname = localhost.localdomain
uname -m = i686
uname -r = 2.6.23.1-42.fc8
uname -s = Linux
uname -v = #1 SMP Tue Oct 30 13:55:12 EDT 2007

/usr/bin/uname -p = unknown
/bin/uname -X     = unknown

/bin/arch              = i686
/usr/bin/arch -k       = unknown
/usr/convex/getsysinfo = unknown
hostinfo               = unknown
/bin/machine           = unknown
/usr/bin/oslevel       = unknown
/bin/universe          = unknown

PATH = /bin:/sbin:/usr/bin:/usr/sbin:/usr/bin/X11:/usr/local/bin

## ------------ ##
## Core tests.  ##
## ------------ ##

configure:1000: PATH=".;."; conftest.sh
./configure: line 1001: conftest.sh: command not found
configure:1003: $? = 127
configure:1047: checking build system type
configure:1065: result: i686-pc-linux-gnu
configure:1072: checking host system type
configure:1086: result: i686-pc-linux-gnu
configure:1549: checking for gcc
configure:1564: found /usr/bin/gcc
configure:1572: result: gcc
configure:1800: checking for C compiler version
configure:1803: gcc --version </dev/null >&5
gcc (GCC) 3.4.3
Copyright (C) 2004 Free Software Foundation, Inc.
This is free software; see the source for copying conditions.  There is NO
warranty; not even for MERCHANTABILITY or FITNESS FOR A PARTICULAR PURPOSE.

configure:1806: $? = 0
configure:1808: gcc -v </dev/null >&5
Using built-in specs.
Configured with: /home/andersen/CVS/buildroot/toolchain_build_i386/gcc-3.4.3/configure --prefix=/usr --build=i386-pc-linux-gnu --host=i386-linux-uclibc --target=i386-linux-uclibc --enable-languages=c,c++ --enable-shared --with-gxx-include-dir=/usr/include/c++ --disable-__cxa_atexit --enable-target-optspace --with-gnu-ld --disable-nls --enable-multilib --enable-sjlj-exceptions
Thread model: posix
gcc version 3.4.3
configure:1811: $? = 0
configure:1813: gcc -V </dev/null >&5
gcc: `-V' option must have argument
configure:1816: $? = 1
configure:1836: checking for C compiler default output
configure:1839: gcc    conftest.c  >&5
configure:1842: $? = 0
configure:1871: result: a.out
configure:1876: checking whether the C compiler works
configure:1882: ./a.out
configure:1885: $? = 0
configure:1900: result: yes
configure:1907: checking whether we are cross compiling
configure:1909: result: no
configure:1912: checking for executable suffix
configure:1914: gcc -o conftest    conftest.c  >&5
configure:1917: $? = 0
configure:1939: result: 
configure:1945: checking for object suffix
configure:1963: gcc -c   conftest.c >&5
configure:1966: $? = 0
configure:1985: result: o
configure:1989: checking whether we are using the GNU C compiler
configure:2010: gcc -c   conftest.c >&5
configure:2013: $? = 0
configure:2016: test -s conftest.o
configure:2019: $? = 0
configure:2031: result: yes
configure:2037: checking whether gcc accepts -g
configure:2055: gcc -c -g  conftest.c >&5
configure:2058: $? = 0
configure:2061: test -s conftest.o
configure:2064: $? = 0
configure:2074: result: yes
configure:2101: gcc -c -g -O2  conftest.c >&5
conftest.c:2: error: parse error before "me"
configure:2104: $? = 1
configure: failed program was:
#ifndef __cplusplus
  choke me
#endif
configure:2202: checking for POSIXized ISC
configure:2221: result: no
configure:2231: checking how to run the C preprocessor
configure:2257: gcc -E  conftest.c
configure:2263: $? = 0
configure:2290: gcc -E  conftest.c
configure:2287:28: ac_nonexistent.h: No such file or directory
configure:2296: $? = 1
configure: failed program was:
#line 2286 "configure"
#include "confdefs.h"
#include <ac_nonexistent.h>
configure:2333: result: gcc -E
configure:2348: gcc -E  conftest.c
configure:2354: $? = 0
configure:2381: gcc -E  conftest.c
configure:2378:28: ac_nonexistent.h: No such file or directory
configure:2387: $? = 1
configure: failed program was:
#line 2377 "configure"
#include "confdefs.h"
#include <ac_nonexistent.h>
configure:2426: checking for minix/config.h
configure:2436: gcc -E  conftest.c
configure:2433:26: minix/config.h: No such file or directory
configure:2442: $? = 1
configure: failed program was:
#line 2432 "configure"
#include "confdefs.h"
#include <minix/config.h>
configure:2461: result: no
configure:2832: checking whether gcc needs -traditional
configure:2867: result: no
configure:3341: checking for a BSD compatible install
configure:3390: result: /usr/bin/install -c
configure:3403: checking for ar
configure:3418: found /usr/bin/ar
configure:3427: result: ar
configure:3473: checking for ranlib
configure:3488: found /usr/bin/ranlib
configure:3497: result: ranlib
configure:3513: checking for bison
configure:3539: result: no
configure:3513: checking for byacc
configure:3539: result: no
configure:3547: checking whether make sets ${MAKE}
configure:3567: result: yes
configure:3585: checking for gcc option to accept ANSI C
configure:3642: gcc  -c -g -O2  conftest.c >&5
configure:3645: $? = 0
configure:3648: test -s conftest.o
configure:3651: $? = 0
configure:3668: result: none needed
configure:3676: checking for an ANSI C-conforming const
configure:3740: gcc -c -g -O2  conftest.c >&5
configure:3743: $? = 0
configure:3746: test -s conftest.o
configure:3749: $? = 0
configure:3759: result: yes
configure:3769: checking for inline
configure:3786: gcc -c -g -O2  conftest.c >&5
configure:3789: $? = 0
configure:3792: test -s conftest.o
configure:3795: $? = 0
configure:3806: result: inline
configure:3821: checking whether byte ordering is bigendian
configure:3846: gcc -c -g -O2  conftest.c >&5
configure:3849: $? = 0
configure:3852: test -s conftest.o
configure:3855: $? = 0
configure:3876: gcc -c -g -O2  conftest.c >&5
configure: In function `main':
configure:3867: error: `not' undeclared (first use in this function)
configure:3867: error: (Each undeclared identifier is reported only once
configure:3867: error: for each function it appears in.)
configure:3867: error: parse error before "big"
configure:3879: $? = 1
configure: failed program was:
#line 3859 "configure"
#include "confdefs.h"
#include <sys/types.h>
#include <sys/param.h>

int
main ()
{
#if BYTE_ORDER != BIG_ENDIAN
 not big endian
#endif

  ;
  return 0;
}
configure:3943: result: no
configure:3953: checking for preprocessor stringizing operator
configure:3974: result: yes
configure:3984: checking for long double
configure:4032: result: yes
configure:4042: checking for function prototypes
configure:4045: result: yes
configure:4057: checking for ANSI C header files
configure:4071: gcc -E  conftest.c
configure:4077: $? = 0
configure:4164: gcc -o conftest -g -O2   -static conftest.c  >&5
configure:4167: $? = 0
configure:4169: ./conftest
configure:4172: $? = 0
configure:4185: result: yes
configure:4201: checking for sys/types.h
configure:4213: gcc -c -g -O2  conftest.c >&5
configure:4216: $? = 0
configure:4219: test -s conftest.o
configure:4222: $? = 0
configure:4232: result: yes
configure:4201: checking for sys/stat.h
configure:4213: gcc -c -g -O2  conftest.c >&5
configure:4216: $? = 0
configure:4219: test -s conftest.o
configure:4222: $? = 0
configure:4232: result: yes
configure:4201: checking for stdlib.h
configure:4213: gcc -c -g -O2  conftest.c >&5
configure:4216: $? = 0
configure:4219: test -s conftest.o
configure:4222: $? = 0
configure:4232: result: yes
configure:4201: checking for string.h
configure:4213: gcc -c -g -O2  conftest.c >&5
configure:4216: $? = 0
configure:4219: test -s conftest.o
configure:4222: $? = 0
configure:4232: result: yes
configure:4201: checking for memory.h
configure:4213: gcc -c -g -O2  conftest.c >&5
configure:4216: $? = 0
configure:4219: test -s conftest.o
configure:4222: $? = 0
configure:4232: result: yes
configure:4201: checking for strings.h
configure:4213: gcc -c -g -O2  conftest.c >&5
configure:4216: $? = 0
configure:4219: test -s conftest.o
configure:4222: $? = 0
configure:4232: result: yes
configure:4201: checking for inttypes.h
configure:4213: gcc -c -g -O2  conftest.c >&5
configure:4216: $? = 0
configure:4219: test -s conftest.o
configure:4222: $? = 0
configure:4232: result: yes
configure:4201: checking for stdint.h
configure:4213: gcc -c -g -O2  conftest.c >&5
configure:4216: $? = 0
configure:4219: test -s conftest.o
configure:4222: $? = 0
configure:4232: result: yes
configure:4201: checking for unistd.h
configure:4213: gcc -c -g -O2  conftest.c >&5
configure:4216: $? = 0
configure:4219: test -s conftest.o
configure:4222: $? = 0
configure:4232: result: yes
configure:4242: checking whether char is unsigned
configure:4260: gcc -c -g -O2  conftest.c >&5
configure:4263: $? = 0
configure:4266: test -s conftest.o
configure:4269: $? = 0
configure:4279: result: no
configure:4291: checking for dirent.h that defines DIR
configure:4312: gcc -c -g -O2  conftest.c >&5
configure:4315: $? = 0
configure:4318: test -s conftest.o
configure:4321: $? = 0
configure:4331: result: yes
configure:4344: checking for opendir in -ldir
configure:4371: gcc -o conftest -g -O2   -static conftest.c -ldir   >&5
/usr/bin/ld: cannot find -ldir
collect2: ld returned 1 exit status
configure:4374: $? = 1
configure: failed program was:
#line 4352 "configure"
#include "confdefs.h"

/* Override any gcc2 internal prototype to avoid an error.  */
#ifdef __cplusplus
extern "C"
#endif
/* We use char because int might match the return type of a gcc2
   builtin and then its argument prototype would still apply.  */
char opendir ();
int
main ()
{
opendir ();
  ;
  return 0;
}
configure:4391: result: no
configure:4453: checking whether time.h and sys/time.h may both be included
configure:4475: gcc -c -g -O2  conftest.c >&5
configure:4478: $? = 0
configure:4481: test -s conftest.o
configure:4484: $? = 0
configure:4494: result: yes
configure:4507: checking for inttypes.h
configure:4542: result: yes
configure:4557: checking for unistd.h
configure:4592: result: yes
configure:4557: checking for stdlib.h
configure:4592: result: yes
configure:4557: checking for stdarg.h
configure:4567: gcc -E  conftest.c
configure:4573: $? = 0
configure:4592: result: yes
configure:4557: checking for varargs.h
configure:4567: gcc -E  conftest.c
In file included from configure:4564:
/usr/lib/gcc/i386-linux-uclibc/3.4.3/include/varargs.h:4:2: #error "GCC no longer implements <varargs.h>."
/usr/lib/gcc/i386-linux-uclibc/3.4.3/include/varargs.h:5:2: #error "Revise your code to use <stdarg.h>."
configure:4573: $? = 1
configure: failed program was:
#line 4563 "configure"
#include "confdefs.h"
#include <varargs.h>
configure:4592: result: no
configure:4557: checking for limits.h
configure:4567: gcc -E  conftest.c
configure:4573: $? = 0
configure:4592: result: yes
configure:4557: checking for string.h
configure:4592: result: yes
configure:4557: checking for memory.h
configure:4592: result: yes
configure:4557: checking for locale.h
configure:4567: gcc -E  conftest.c
configure:4573: $? = 0
configure:4592: result: yes
configure:4557: checking for termcap.h
configure:4567: gcc -E  conftest.c
configure:4573: $? = 0
configure:4592: result: yes
configure:4557: checking for termio.h
configure:4567: gcc -E  conftest.c
configure:4573: $? = 0
configure:4592: result: yes
configure:4557: checking for termios.h
configure:4567: gcc -E  conftest.c
configure:4573: $? = 0
configure:4592: result: yes
configure:4557: checking for dlfcn.h
configure:4567: gcc -E  conftest.c
configure:4573: $? = 0
configure:4592: result: yes
configure:4557: checking for stddef.h
configure:4567: gcc -E  conftest.c
configure:4573: $? = 0
configure:4592: result: yes
configure:4557: checking for stdint.h
configure:4592: result: yes
configure:4557: checking for netdb.h
configure:4567: gcc -E  conftest.c
configure:4573: $? = 0
configure:4592: result: yes
configure:4557: checking for grp.h
configure:4567: gcc -E  conftest.c
configure:4573: $? = 0
configure:4592: result: yes
configure:4557: checking for strings.h
configure:4592: result: yes
configure:4607: checking for sys/ptem.h
configure:4617: gcc -E  conftest.c
configure:4614:22: sys/ptem.h: No such file or directory
configure:4623: $? = 1
configure: failed program was:
#line 4613 "configure"
#include "confdefs.h"
#include <sys/ptem.h>
configure:4642: result: no
configure:4607: checking for sys/pte.h
configure:4617: gcc -E  conftest.c
configure:4614:21: sys/pte.h: No such file or directory
configure:4623: $? = 1
configure: failed program was:
#line 4613 "configure"
#include "confdefs.h"
#include <sys/pte.h>
configure:4642: result: no
configure:4607: checking for sys/stream.h
configure:4617: gcc -E  conftest.c
configure:4614:24: sys/stream.h: No such file or directory
configure:4623: $? = 1
configure: failed program was:
#line 4613 "configure"
#include "confdefs.h"
#include <sys/stream.h>
configure:4642: result: no
configure:4607: checking for sys/select.h
configure:4617: gcc -E  conftest.c
configure:4623: $? = 0
configure:4642: result: yes
configure:4607: checking for sys/file.h
configure:4617: gcc -E  conftest.c
configure:4623: $? = 0
configure:4642: result: yes
configure:4607: checking for sys/resource.h
configure:4617: gcc -E  conftest.c
configure:4623: $? = 0
configure:4642: result: yes
configure:4607: checking for sys/param.h
configure:4617: gcc -E  conftest.c
configure:4623: $? = 0
configure:4642: result: yes
configure:4607: checking for sys/socket.h
configure:4617: gcc -E  conftest.c
configure:4623: $? = 0
configure:4642: result: yes
configure:4607: checking for sys/time.h
configure:4617: gcc -E  conftest.c
configure:4623: $? = 0
configure:4642: result: yes
configure:4607: checking for sys/times.h
configure:4617: gcc -E  conftest.c
configure:4623: $? = 0
configure:4642: result: yes
configure:4607: checking for sys/wait.h
configure:4617: gcc -E  conftest.c
configure:4623: $? = 0
configure:4642: result: yes
configure:4655: checking for netinet/in.h
configure:4665: gcc -E  conftest.c
configure:4671: $? = 0
configure:4690: result: yes
configure:4655: checking for arpa/inet.h
configure:4665: gcc -E  conftest.c
configure:4671: $? = 0
configure:4690: result: yes
configure:4702: checking for working alloca.h
configure:4720: gcc -o conftest -g -O2   -static conftest.c  >&5
configure:4723: $? = 0
configure:4726: test -s conftest
configure:4729: $? = 0
configure:4739: result: yes
configure:4749: checking for alloca
configure:4787: gcc -o conftest -g -O2   -static conftest.c  >&5
configure:4790: $? = 0
configure:4793: test -s conftest
configure:4796: $? = 0
configure:4806: result: yes
configure:4987: checking whether getpgrp takes no argument
configure:5006: gcc -c -g -O2  conftest.c >&5
configure: In function `main':
configure:5032: error: too many arguments to function `getpgrp'
configure:5009: $? = 1
configure: failed program was:
#line 4994 "configure"
#include "confdefs.h"
#include <stdio.h>
#if HAVE_SYS_TYPES_H
# include <sys/types.h>
#endif
#if HAVE_SYS_STAT_H
# include <sys/stat.h>
#endif
#if STDC_HEADERS
# include <stdlib.h>
# include <stddef.h>
#else
# if HAVE_STDLIB_H
#  include <stdlib.h>
# endif
#endif
#if HAVE_STRING_H
# if !STDC_HEADERS && HAVE_MEMORY_H
#  include <memory.h>
# endif
# include <string.h>
#endif
#if HAVE_STRINGS_H
# include <strings.h>
#endif
#if HAVE_INTTYPES_H
# include <inttypes.h>
#else
# if HAVE_STDINT_H
#  include <stdint.h>
# endif
#endif
#if HAVE_UNISTD_H
# include <unistd.h>
#endif
int
main ()
{
getpgrp (0);
  ;
  return 0;
}
configure:5038: gcc -c -g -O2  conftest.c >&5
configure:5041: $? = 0
configure:5044: test -s conftest.o
configure:5047: $? = 0
configure:5142: result: yes
configure:5152: checking whether setvbuf arguments are reversed
configure:5180: gcc -o conftest -g -O2   -static conftest.c  >&5
configure: In function `main':
configure:5172: warning: passing arg 2 of `setvbuf' makes pointer from integer without a cast
configure:5172: warning: passing arg 3 of `setvbuf' makes integer from pointer without a cast
configure:5183: $? = 0
configure:5185: ./conftest
configure:5188: $? = 1
configure: program exited with status 1
configure: failed program was:
#line 5163 "configure"
#include "confdefs.h"
#include <stdio.h>
/* If setvbuf has the reversed format, exit 0. */
int
main ()
{
  /* This call has the arguments reversed.
     A reversed system may check and see that the address of main
     is not _IOLBF, _IONBF, or _IOFBF, and return nonzero.  */
  if (setvbuf(stdout, _IOLBF, (char *) main, BUFSIZ) != 0)
    exit(1);
  putc('\r', stdout);
  exit(0);			/* Non-reversed systems segv here.  */
}
configure:5201: result: no
configure:5214: checking for vprintf
configure:5251: gcc -o conftest -g -O2   -static conftest.c  >&5
configure:5230: warning: conflicting types for built-in function 'vprintf'
configure:5254: $? = 0
configure:5257: test -s conftest
configure:5260: $? = 0
configure:5270: result: yes
configure:5277: checking for _doprnt
configure:5314: gcc -o conftest -g -O2   -static conftest.c  >&5
/tmp/ccGyVPF2.o(.text+0x12): In function `main':
/bash-2.05/configure:5305: undefined reference to `_doprnt'
collect2: ld returned 1 exit status
configure:5317: $? = 1
configure: failed program was:
#line 5283 "configure"
#include "confdefs.h"
/* System header to define __stub macros and hopefully few prototypes,
    which can conflict with char _doprnt (); below.  */
#include <assert.h>
/* Override any gcc2 internal prototype to avoid an error.  */
#ifdef __cplusplus
extern "C"
#endif
/* We use char because int might match the return type of a gcc2
   builtin and then its argument prototype would still apply.  */
char _doprnt ();
char (*f) ();

int
main ()
{
/* The GNU C library defines this for functions which it implements
    to always fail with ENOSYS.  Some functions are actually named
    something starting with __ and the normal name is an alias.  */
#if defined (__stub__doprnt) || defined (__stub____doprnt)
choke me
#else
f = _doprnt;
#endif

  ;
  return 0;
}
configure:5333: result: no
configure:5346: checking for working strcoll
configure:5369: gcc -o conftest -g -O2   -static conftest.c  >&5
configure:5372: $? = 0
configure:5374: ./conftest
configure:5377: $? = 0
configure:5389: result: yes
configure:5438: checking return type of signal handlers
configure:5466: gcc -c -g -O2  conftest.c >&5
configure:5469: $? = 0
configure:5472: test -s conftest.o
configure:5475: $? = 0
configure:5485: result: void
configure:5492: checking for __setostype
configure:5529: gcc -o conftest -g -O2   -static conftest.c  >&5
/tmp/ccM7X3ZH.o(.text+0x12): In function `main':
/bash-2.05/configure:5520: undefined reference to `__setostype'
collect2: ld returned 1 exit status
configure:5532: $? = 1
configure: failed program was:
#line 5498 "configure"
#include "confdefs.h"
/* System header to define __stub macros and hopefully few prototypes,
    which can conflict with char __setostype (); below.  */
#include <assert.h>
/* Override any gcc2 internal prototype to avoid an error.  */
#ifdef __cplusplus
extern "C"
#endif
/* We use char because int might match the return type of a gcc2
   builtin and then its argument prototype would still apply.  */
char __setostype ();
char (*f) ();

int
main ()
{
/* The GNU C library defines this for functions which it implements
    to always fail with ENOSYS.  Some functions are actually named
    something starting with __ and the normal name is an alias.  */
#if defined (__stub___setostype) || defined (__stub_____setostype)
choke me
#else
f = __setostype;
#endif

  ;
  return 0;
}
configure:5548: result: no
configure:5557: checking for wait3
configure:5594: gcc -o conftest -g -O2   -static conftest.c  >&5
configure:5597: $? = 0
configure:5600: test -s conftest
configure:5603: $? = 0
configure:5613: result: yes
configure:5622: checking for mkfifo
configure:5659: gcc -o conftest -g -O2   -static conftest.c  >&5
configure:5662: $? = 0
configure:5665: test -s conftest
configure:5668: $? = 0
configure:5678: result: yes
configure:5698: checking for dup2
configure:5735: gcc -o conftest -g -O2   -static conftest.c  >&5
configure:5738: $? = 0
configure:5741: test -s conftest
configure:5744: $? = 0
configure:5754: result: yes
configure:5698: checking for select
configure:5735: gcc -o conftest -g -O2   -static conftest.c  >&5
configure:5738: $? = 0
configure:5741: test -s conftest
configure:5744: $? = 0
configure:5754: result: yes
configure:5698: checking for getdtablesize
configure:5735: gcc -o conftest -g -O2   -static conftest.c  >&5
configure:5738: $? = 0
configure:5741: test -s conftest
configure:5744: $? = 0
configure:5754: result: yes
configure:5698: checking for getgroups
configure:5735: gcc -o conftest -g -O2   -static conftest.c  >&5
configure:5738: $? = 0
configure:5741: test -s conftest
configure:5744: $? = 0
configure:5754: result: yes
configure:5698: checking for gethostname
configure:5735: gcc -o conftest -g -O2   -static conftest.c  >&5
configure:5738: $? = 0
configure:5741: test -s conftest
configure:5744: $? = 0
configure:5754: result: yes
configure:5698: checking for setdtablesize
configure:5735: gcc -o conftest -g -O2   -static conftest.c  >&5
/tmp/ccSmw1Pp.o(.text+0x12): In function `main':
/bash-2.05/configure:5726: undefined reference to `setdtablesize'
collect2: ld returned 1 exit status
configure:5738: $? = 1
configure: failed program was:
#line 5704 "configure"
#include "confdefs.h"
/* System header to define __stub macros and hopefully few prototypes,
    which can conflict with char setdtablesize (); below.  */
#include <assert.h>
/* Override any gcc2 internal prototype to avoid an error.  */
#ifdef __cplusplus
extern "C"
#endif
/* We use char because int might match the return type of a gcc2
   builtin and then its argument prototype would still apply.  */
char setdtablesize ();
char (*f) ();

int
main ()
{
/* The GNU C library defines this for functions which it implements
    to always fail with ENOSYS.  Some functions are actually named
    something starting with __ and the normal name is an alias.  */
#if defined (__stub_setdtablesize) || defined (__stub___setdtablesize)
choke me
#else
f = setdtablesize;
#endif

  ;
  return 0;
}
configure:5754: result: no
configure:5698: checking for getpagesize
configure:5735: gcc -o conftest -g -O2   -static conftest.c  >&5
configure:5738: $? = 0
configure:5741: test -s conftest
configure:5744: $? = 0
configure:5754: result: yes
configure:5698: checking for killpg
configure:5735: gcc -o conftest -g -O2   -static conftest.c  >&5
configure:5738: $? = 0
configure:5741: test -s conftest
configure:5744: $? = 0
configure:5754: result: yes
configure:5698: checking for lstat
configure:5735: gcc -o conftest -g -O2   -static conftest.c  >&5
configure:5738: $? = 0
configure:5741: test -s conftest
configure:5744: $? = 0
configure:5754: result: yes
configure:5698: checking for getpeername
configure:5735: gcc -o conftest -g -O2   -static conftest.c  >&5
configure:5738: $? = 0
configure:5741: test -s conftest
configure:5744: $? = 0
configure:5754: result: yes
configure:5698: checking for sbrk
configure:5735: gcc -o conftest -g -O2   -static conftest.c  >&5
configure:5738: $? = 0
configure:5741: test -s conftest
configure:5744: $? = 0
configure:5754: result: yes
configure:5698: checking for getrlimit
configure:5735: gcc -o conftest -g -O2   -static conftest.c  >&5
configure:5738: $? = 0
configure:5741: test -s conftest
configure:5744: $? = 0
configure:5754: result: yes
configure:5698: checking for getrusage
configure:5735: gcc -o conftest -g -O2   -static conftest.c  >&5
configure:5738: $? = 0
configure:5741: test -s conftest
configure:5744: $? = 0
configure:5754: result: yes
configure:5698: checking for gettimeofday
configure:5735: gcc -o conftest -g -O2   -static conftest.c  >&5
configure:5738: $? = 0
configure:5741: test -s conftest
configure:5744: $? = 0
configure:5754: result: yes
configure:5698: checking for waitpid
configure:5735: gcc -o conftest -g -O2   -static conftest.c  >&5
configure:5738: $? = 0
configure:5741: test -s conftest
configure:5744: $? = 0
configure:5754: result: yes
configure:5698: checking for tcgetpgrp
configure:5735: gcc -o conftest -g -O2   -static conftest.c  >&5
configure:5738: $? = 0
configure:5741: test -s conftest
configure:5744: $? = 0
configure:5754: result: yes
configure:5698: checking for readlink
configure:5735: gcc -o conftest -g -O2   -static conftest.c  >&5
configure:5738: $? = 0
configure:5741: test -s conftest
configure:5744: $? = 0
configure:5754: result: yes
configure:5767: checking for rename
configure:5804: gcc -o conftest -g -O2   -static conftest.c  >&5
configure:5807: $? = 0
configure:5810: test -s conftest
configure:5813: $? = 0
configure:5823: result: yes
configure:5842: checking for bcopy
configure:5879: gcc -o conftest -g -O2   -static conftest.c  >&5
configure:5858: warning: conflicting types for built-in function 'bcopy'
configure:5882: $? = 0
configure:5885: test -s conftest
configure:5888: $? = 0
configure:5898: result: yes
configure:5842: checking for bzero
configure:5879: gcc -o conftest -g -O2   -static conftest.c  >&5
configure:5858: warning: conflicting types for built-in function 'bzero'
configure:5882: $? = 0
configure:5885: test -s conftest
configure:5888: $? = 0
configure:5898: result: yes
configure:5842: checking for confstr
configure:5879: gcc -o conftest -g -O2   -static conftest.c  >&5
configure:5882: $? = 0
configure:5885: test -s conftest
configure:5888: $? = 0
configure:5898: result: yes
configure:5842: checking for sysconf
configure:5879: gcc -o conftest -g -O2   -static conftest.c  >&5
configure:5882: $? = 0
configure:5885: test -s conftest
configure:5888: $? = 0
configure:5898: result: yes
configure:5842: checking for pathconf
configure:5879: gcc -o conftest -g -O2   -static conftest.c  >&5
configure:5882: $? = 0
configure:5885: test -s conftest
configure:5888: $? = 0
configure:5898: result: yes
configure:5842: checking for setenv
configure:5879: gcc -o conftest -g -O2   -static conftest.c  >&5
configure:5882: $? = 0
configure:5885: test -s conftest
configure:5888: $? = 0
configure:5898: result: yes
configure:5842: checking for putenv
configure:5879: gcc -o conftest -g -O2   -static conftest.c  >&5
configure:5882: $? = 0
configure:5885: test -s conftest
configure:5888: $? = 0
configure:5898: result: yes
configure:5842: checking for setlinebuf
configure:5879: gcc -o conftest -g -O2   -static conftest.c  >&5
configure:5882: $? = 0
configure:5885: test -s conftest
configure:5888: $? = 0
configure:5898: result: yes
configure:5842: checking for setvbuf
configure:5879: gcc -o conftest -g -O2   -static conftest.c  >&5
configure:5882: $? = 0
configure:5885: test -s conftest
configure:5888: $? = 0
configure:5898: result: yes
configure:5842: checking for setlocale
configure:5879: gcc -o conftest -g -O2   -static conftest.c  >&5
configure:5882: $? = 0
configure:5885: test -s conftest
configure:5888: $? = 0
configure:5898: result: yes
configure:5842: checking for strchr
configure:5879: gcc -o conftest -g -O2   -static conftest.c  >&5
configure:5858: warning: conflicting types for built-in function 'strchr'
configure:5882: $? = 0
configure:5885: test -s conftest
configure:5888: $? = 0
configure:5898: result: yes
configure:5842: checking for tcgetattr
configure:5879: gcc -o conftest -g -O2   -static conftest.c  >&5
configure:5882: $? = 0
configure:5885: test -s conftest
configure:5888: $? = 0
configure:5898: result: yes
configure:5842: checking for uname
configure:5879: gcc -o conftest -g -O2   -static conftest.c  >&5
configure:5882: $? = 0
configure:5885: test -s conftest
configure:5888: $? = 0
configure:5898: result: yes
configure:5842: checking for ulimit
configure:5879: gcc -o conftest -g -O2   -static conftest.c  >&5
configure:5882: $? = 0
configure:5885: test -s conftest
configure:5888: $? = 0
configure:5898: result: yes
configure:5842: checking for tzset
configure:5879: gcc -o conftest -g -O2   -static conftest.c  >&5
configure:5882: $? = 0
configure:5885: test -s conftest
configure:5888: $? = 0
configure:5898: result: yes
configure:5842: checking for siginterrupt
configure:5879: gcc -o conftest -g -O2   -static conftest.c  >&5
configure:5882: $? = 0
configure:5885: test -s conftest
configure:5888: $? = 0
configure:5898: result: yes
configure:5842: checking for memmove
configure:5879: gcc -o conftest -g -O2   -static conftest.c  >&5
configure:5858: warning: conflicting types for built-in function 'memmove'
configure:5882: $? = 0
configure:5885: test -s conftest
configure:5888: $? = 0
configure:5898: result: yes
configure:5842: checking for ttyname
configure:5879: gcc -o conftest -g -O2   -static conftest.c  >&5
configure:5882: $? = 0
configure:5885: test -s conftest
configure:5888: $? = 0
configure:5898: result: yes
configure:5842: checking for times
configure:5879: gcc -o conftest -g -O2   -static conftest.c  >&5
configure:5882: $? = 0
configure:5885: test -s conftest
configure:5888: $? = 0
configure:5898: result: yes
configure:5842: checking for getaddrinfo
configure:5879: gcc -o conftest -g -O2   -static conftest.c  >&5
configure:5882: $? = 0
configure:5885: test -s conftest
configure:5888: $? = 0
configure:5898: result: yes
configure:5842: checking for gethostbyname
configure:5879: gcc -o conftest -g -O2   -static conftest.c  >&5
configure:5882: $? = 0
configure:5885: test -s conftest
configure:5888: $? = 0
configure:5898: result: yes
configure:5842: checking for getservbyname
configure:5879: gcc -o conftest -g -O2   -static conftest.c  >&5
configure:5882: $? = 0
configure:5885: test -s conftest
configure:5888: $? = 0
configure:5898: result: yes
configure:5842: checking for inet_aton
configure:5879: gcc -o conftest -g -O2   -static conftest.c  >&5
configure:5882: $? = 0
configure:5885: test -s conftest
configure:5888: $? = 0
configure:5898: result: yes
configure:5842: checking for vsnprintf
configure:5879: gcc -o conftest -g -O2   -static conftest.c  >&5
configure:5858: warning: conflicting types for built-in function 'vsnprintf'
configure:5882: $? = 0
configure:5885: test -s conftest
configure:5888: $? = 0
configure:5898: result: yes
configure:5842: checking for snprintf
configure:5879: gcc -o conftest -g -O2   -static conftest.c  >&5
configure:5858: warning: conflicting types for built-in function 'snprintf'
configure:5882: $? = 0
configure:5885: test -s conftest
configure:5888: $? = 0
configure:5898: result: yes
configure:5842: checking for vasprintf
configure:5879: gcc -o conftest -g -O2   -static conftest.c  >&5
configure:5882: $? = 0
configure:5885: test -s conftest
configure:5888: $? = 0
configure:5898: result: yes
configure:5842: checking for asprintf
configure:5879: gcc -o conftest -g -O2   -static conftest.c  >&5
configure:5882: $? = 0
configure:5885: test -s conftest
configure:5888: $? = 0
configure:5898: result: yes
configure:5842: checking for fnmatch
configure:5879: gcc -o conftest -g -O2   -static conftest.c  >&5
configure:5882: $? = 0
configure:5885: test -s conftest
configure:5888: $? = 0
configure:5898: result: yes
configure:5911: checking for isascii
configure:5948: gcc -o conftest -g -O2   -static conftest.c  >&5
configure:5951: $? = 0
configure:5954: test -s conftest
configure:5957: $? = 0
configure:5967: result: yes
configure:5911: checking for isblank
configure:5948: gcc -o conftest -g -O2   -static conftest.c  >&5
configure:5951: $? = 0
configure:5954: test -s conftest
configure:5957: $? = 0
configure:5967: result: yes
configure:5911: checking for isgraph
configure:5948: gcc -o conftest -g -O2   -static conftest.c  >&5
configure:5951: $? = 0
configure:5954: test -s conftest
configure:5957: $? = 0
configure:5967: result: yes
configure:5911: checking for isprint
configure:5948: gcc -o conftest -g -O2   -static conftest.c  >&5
configure:5951: $? = 0
configure:5954: test -s conftest
configure:5957: $? = 0
configure:5967: result: yes
configure:5911: checking for isspace
configure:5948: gcc -o conftest -g -O2   -static conftest.c  >&5
configure:5951: $? = 0
configure:5954: test -s conftest
configure:5957: $? = 0
configure:5967: result: yes
configure:5911: checking for isxdigit
configure:5948: gcc -o conftest -g -O2   -static conftest.c  >&5
configure:5951: $? = 0
configure:5954: test -s conftest
configure:5957: $? = 0
configure:5967: result: yes
configure:5980: checking for getcwd
configure:6017: gcc -o conftest -g -O2   -static conftest.c  >&5
configure:6020: $? = 0
configure:6023: test -s conftest
configure:6026: $? = 0
configure:6036: result: yes
configure:5980: checking for strcasecmp
configure:6017: gcc -o conftest -g -O2   -static conftest.c  >&5
configure:6020: $? = 0
configure:6023: test -s conftest
configure:6026: $? = 0
configure:6036: result: yes
configure:5980: checking for strerror
configure:6017: gcc -o conftest -g -O2   -static conftest.c  >&5
configure:6020: $? = 0
configure:6023: test -s conftest
configure:6026: $? = 0
configure:6036: result: yes
configure:5980: checking for strpbrk
configure:6017: gcc -o conftest -g -O2   -static conftest.c  >&5
configure:5996: warning: conflicting types for built-in function 'strpbrk'
configure:6020: $? = 0
configure:6023: test -s conftest
configure:6026: $? = 0
configure:6036: result: yes
configure:5980: checking for strtod
configure:6017: gcc -o conftest -g -O2   -static conftest.c  >&5
configure:6020: $? = 0
configure:6023: test -s conftest
configure:6026: $? = 0
configure:6036: result: yes
configure:6051: checking for strtol
configure:6088: gcc -o conftest -g -O2   -static conftest.c  >&5
configure:6091: $? = 0
configure:6094: test -s conftest
configure:6097: $? = 0
configure:6107: result: yes
configure:6051: checking for strtoul
configure:6088: gcc -o conftest -g -O2   -static conftest.c  >&5
configure:6091: $? = 0
configure:6094: test -s conftest
configure:6097: $? = 0
configure:6107: result: yes
configure:6051: checking for strtoll
configure:6088: gcc -o conftest -g -O2   -static conftest.c  >&5
configure:6091: $? = 0
configure:6094: test -s conftest
configure:6097: $? = 0
configure:6107: result: yes
configure:6051: checking for strtoull
configure:6088: gcc -o conftest -g -O2   -static conftest.c  >&5
configure:6091: $? = 0
configure:6094: test -s conftest
configure:6097: $? = 0
configure:6107: result: yes
configure:6051: checking for strtoimax
configure:6088: gcc -o conftest -g -O2   -static conftest.c  >&5
configure:6091: $? = 0
configure:6094: test -s conftest
configure:6097: $? = 0
configure:6107: result: yes
configure:6051: checking for strtoumax
configure:6088: gcc -o conftest -g -O2   -static conftest.c  >&5
configure:6091: $? = 0
configure:6094: test -s conftest
configure:6097: $? = 0
configure:6107: result: yes
configure:6119: checking whether strtold is declared
configure:6140: gcc -c -g -O2  conftest.c >&5
configure:6143: $? = 0
configure:6146: test -s conftest.o
configure:6149: $? = 0
configure:6159: result: yes
configure:6174: checking whether confstr is declared
configure:6195: gcc -c -g -O2  conftest.c >&5
configure:6198: $? = 0
configure:6201: test -s conftest.o
configure:6204: $? = 0
configure:6214: result: yes
configure:6229: checking whether sbrk is declared
configure:6250: gcc -c -g -O2  conftest.c >&5
configure:6253: $? = 0
configure:6256: test -s conftest.o
configure:6259: $? = 0
configure:6269: result: yes
configure:6284: checking whether printf is declared
configure:6305: gcc -c -g -O2  conftest.c >&5
configure:6308: $? = 0
configure:6311: test -s conftest.o
configure:6314: $? = 0
configure:6324: result: yes
configure:6339: checking whether strsignal is declared
configure:6360: gcc -c -g -O2  conftest.c >&5
configure:6363: $? = 0
configure:6366: test -s conftest.o
configure:6369: $? = 0
configure:6379: result: yes
configure:6394: checking for declaration of strtoimax
configure:6419: gcc -o conftest -g -O2   -static conftest.c  >&5
configure: In function `main':
configure:6412: warning: the address of `strtoimax', will always evaluate as `true'
configure:6422: $? = 0
configure:6425: test -s conftest
configure:6428: $? = 0
configure:6438: result: yes
configure:6453: checking for declaration of strtol
configure:6478: gcc -o conftest -g -O2   -static conftest.c  >&5
configure: In function `main':
configure:6471: warning: the address of `strtol', will always evaluate as `true'
configure:6481: $? = 0
configure:6484: test -s conftest
configure:6487: $? = 0
configure:6497: result: yes
configure:6512: checking for declaration of strtoll
configure:6537: gcc -o conftest -g -O2   -static conftest.c  >&5
configure: In function `main':
configure:6530: warning: the address of `strtoll', will always evaluate as `true'
configure:6540: $? = 0
configure:6543: test -s conftest
configure:6546: $? = 0
configure:6556: result: yes
configure:6571: checking for declaration of strtoul
configure:6596: gcc -o conftest -g -O2   -static conftest.c  >&5
configure: In function `main':
configure:6589: warning: the address of `strtoul', will always evaluate as `true'
configure:6599: $? = 0
configure:6602: test -s conftest
configure:6605: $? = 0
configure:6615: result: yes
configure:6630: checking for declaration of strtoull
configure:6655: gcc -o conftest -g -O2   -static conftest.c  >&5
configure: In function `main':
configure:6648: warning: the address of `strtoull', will always evaluate as `true'
configure:6658: $? = 0
configure:6661: test -s conftest
configure:6664: $? = 0
configure:6674: result: yes
configure:6689: checking for declaration of strtoumax
configure:6714: gcc -o conftest -g -O2   -static conftest.c  >&5
configure: In function `main':
configure:6707: warning: the address of `strtoumax', will always evaluate as `true'
configure:6717: $? = 0
configure:6720: test -s conftest
configure:6723: $? = 0
configure:6733: result: yes
configure:6751: checking for libintl.h
configure:6761: gcc -E  conftest.c
configure:6758:21: libintl.h: No such file or directory
configure:6767: $? = 1
configure: failed program was:
#line 6757 "configure"
#include "confdefs.h"
#include <libintl.h>
configure:6786: result: no
configure:6799: checking for gettext
configure:6836: gcc -o conftest -g -O2   -static conftest.c  >&5
configure:6815: warning: conflicting types for built-in function 'gettext'
/tmp/ccCz6F8o.o(.text+0x12): In function `main':
/bash-2.05/configure:6827: undefined reference to `gettext'
collect2: ld returned 1 exit status
configure:6839: $? = 1
configure: failed program was:
#line 6805 "configure"
#include "confdefs.h"
/* System header to define __stub macros and hopefully few prototypes,
    which can conflict with char gettext (); below.  */
#include <assert.h>
/* Override any gcc2 internal prototype to avoid an error.  */
#ifdef __cplusplus
extern "C"
#endif
/* We use char because int might match the return type of a gcc2
   builtin and then its argument prototype would still apply.  */
char gettext ();
char (*f) ();

int
main ()
{
/* The GNU C library defines this for functions which it implements
    to always fail with ENOSYS.  Some functions are actually named
    something starting with __ and the normal name is an alias.  */
#if defined (__stub_gettext) || defined (__stub___gettext)
choke me
#else
f = gettext;
#endif

  ;
  return 0;
}
configure:6855: result: no
configure:6799: checking for textdomain
configure:6836: gcc -o conftest -g -O2   -static conftest.c  >&5
/tmp/ccON1E6z.o(.text+0x12): In function `main':
/bash-2.05/configure:6827: undefined reference to `textdomain'
collect2: ld returned 1 exit status
configure:6839: $? = 1
configure: failed program was:
#line 6805 "configure"
#include "confdefs.h"
/* System header to define __stub macros and hopefully few prototypes,
    which can conflict with char textdomain (); below.  */
#include <assert.h>
/* Override any gcc2 internal prototype to avoid an error.  */
#ifdef __cplusplus
extern "C"
#endif
/* We use char because int might match the return type of a gcc2
   builtin and then its argument prototype would still apply.  */
char textdomain ();
char (*f) ();

int
main ()
{
/* The GNU C library defines this for functions which it implements
    to always fail with ENOSYS.  Some functions are actually named
    something starting with __ and the normal name is an alias.  */
#if defined (__stub_textdomain) || defined (__stub___textdomain)
choke me
#else
f = textdomain;
#endif

  ;
  return 0;
}
configure:6855: result: no
configure:6799: checking for bindtextdomain
configure:6836: gcc -o conftest -g -O2   -static conftest.c  >&5
/tmp/cc4HhMzN.o(.text+0x12): In function `main':
/bash-2.05/configure:6827: undefined reference to `bindtextdomain'
collect2: ld returned 1 exit status
configure:6839: $? = 1
configure: failed program was:
#line 6805 "configure"
#include "confdefs.h"
/* System header to define __stub macros and hopefully few prototypes,
    which can conflict with char bindtextdomain (); below.  */
#include <assert.h>
/* Override any gcc2 internal prototype to avoid an error.  */
#ifdef __cplusplus
extern "C"
#endif
/* We use char because int might match the return type of a gcc2
   builtin and then its argument prototype would still apply.  */
char bindtextdomain ();
char (*f) ();

int
main ()
{
/* The GNU C library defines this for functions which it implements
    to always fail with ENOSYS.  Some functions are actually named
    something starting with __ and the normal name is an alias.  */
#if defined (__stub_bindtextdomain) || defined (__stub___bindtextdomain)
choke me
#else
f = bindtextdomain;
#endif

  ;
  return 0;
}
configure:6855: result: no
configure:6867: checking for bindtextdomain in -lintl
configure:6894: gcc -o conftest -g -O2   -static conftest.c -lintl   >&5
/usr/bin/ld: cannot find -lintl
collect2: ld returned 1 exit status
configure:6897: $? = 1
configure: failed program was:
#line 6875 "configure"
#include "confdefs.h"

/* Override any gcc2 internal prototype to avoid an error.  */
#ifdef __cplusplus
extern "C"
#endif
/* We use char because int might match the return type of a gcc2
   builtin and then its argument prototype would still apply.  */
char bindtextdomain ();
int
main ()
{
bindtextdomain ();
  ;
  return 0;
}
configure:6914: result: no
configure:7130: checking for sys_siglist declaration in signal.h or unistd.h
configure:7154: gcc -c -g -O2  conftest.c >&5
configure: In function `main':
configure:7147: error: `sys_siglist' undeclared (first use in this function)
configure:7147: error: (Each undeclared identifier is reported only once
configure:7147: error: for each function it appears in.)
configure:7157: $? = 1
configure: failed program was:
#line 7136 "configure"
#include "confdefs.h"
#include <sys/types.h>
#include <signal.h>
/* NetBSD declares sys_siglist in unistd.h.  */
#if HAVE_UNISTD_H
# include <unistd.h>
#endif

int
main ()
{
char *msg = *(sys_siglist + 1);
  ;
  return 0;
}
configure:7173: result: no
configure:7527: checking for uid_t in sys/types.h
configure:7547: result: yes
configure:7561: checking type of array argument to getgroups
configure:7596: gcc -o conftest -g -O2   -static conftest.c  >&5
configure:7599: $? = 0
configure:7601: ./conftest
configure:7604: $? = 0
configure:7632: result: gid_t
configure:7639: checking for off_t
configure:7660: gcc -c -g -O2  conftest.c >&5
configure:7663: $? = 0
configure:7666: test -s conftest.o
configure:7669: $? = 0
configure:7679: result: yes
configure:7691: checking for mode_t
configure:7712: gcc -c -g -O2  conftest.c >&5
configure:7715: $? = 0
configure:7718: test -s conftest.o
configure:7721: $? = 0
configure:7731: result: yes
configure:7743: checking for uid_t in sys/types.h
configure:7763: result: yes
configure:7777: checking for pid_t
configure:7798: gcc -c -g -O2  conftest.c >&5
configure:7801: $? = 0
configure:7804: test -s conftest.o
configure:7807: $? = 0
configure:7817: result: yes
configure:7829: checking for size_t
configure:7850: gcc -c -g -O2  conftest.c >&5
configure:7853: $? = 0
configure:7856: test -s conftest.o
configure:7859: $? = 0
configure:7869: result: yes
configure:7881: checking for ssize_t
configure:7902: gcc -c -g -O2  conftest.c >&5
configure:7905: $? = 0
configure:7908: test -s conftest.o
configure:7911: $? = 0
configure:7921: result: yes
configure:7933: checking for time_t
configure:7954: gcc -c -g -O2  conftest.c >&5
configure:7957: $? = 0
configure:7960: test -s conftest.o
configure:7963: $? = 0
configure:7973: result: yes
configure:7985: checking for long long
configure:8007: gcc -o conftest -g -O2   -static conftest.c  >&5
configure:8010: $? = 0
configure:8013: test -s conftest
configure:8016: $? = 0
configure:8026: result: long long
configure:8035: checking for unsigned long long
configure:8057: gcc -o conftest -g -O2   -static conftest.c  >&5
configure:8060: $? = 0
configure:8063: test -s conftest
configure:8066: $? = 0
configure:8076: result: unsigned long long
configure:8085: checking return type of signal handlers
configure:8132: result: void
configure:8139: checking for char
configure:8160: gcc -c -g -O2  conftest.c >&5
configure:8163: $? = 0
configure:8166: test -s conftest.o
configure:8169: $? = 0
configure:8179: result: yes
configure:8182: checking size of char
configure:8346: gcc -o conftest -g -O2   -static conftest.c  >&5
configure:8349: $? = 0
configure:8351: ./conftest
configure:8354: $? = 0
configure:8370: result: 1
configure:8376: checking for short
configure:8397: gcc -c -g -O2  conftest.c >&5
configure:8400: $? = 0
configure:8403: test -s conftest.o
configure:8406: $? = 0
configure:8416: result: yes
configure:8419: checking size of short
configure:8583: gcc -o conftest -g -O2   -static conftest.c  >&5
configure:8586: $? = 0
configure:8588: ./conftest
configure:8591: $? = 0
configure:8607: result: 2
configure:8613: checking for int
configure:8634: gcc -c -g -O2  conftest.c >&5
configure:8637: $? = 0
configure:8640: test -s conftest.o
configure:8643: $? = 0
configure:8653: result: yes
configure:8656: checking size of int
configure:8820: gcc -o conftest -g -O2   -static conftest.c  >&5
configure:8823: $? = 0
configure:8825: ./conftest
configure:8828: $? = 0
configure:8844: result: 4
configure:8850: checking for long
configure:8871: gcc -c -g -O2  conftest.c >&5
configure:8874: $? = 0
configure:8877: test -s conftest.o
configure:8880: $? = 0
configure:8890: result: yes
configure:8893: checking size of long
configure:9057: gcc -o conftest -g -O2   -static conftest.c  >&5
configure:9060: $? = 0
configure:9062: ./conftest
configure:9065: $? = 0
configure:9081: result: 4
configure:9087: checking for char *
configure:9108: gcc -c -g -O2  conftest.c >&5
configure:9111: $? = 0
configure:9114: test -s conftest.o
configure:9117: $? = 0
configure:9127: result: yes
configure:9130: checking size of char *
configure:9294: gcc -o conftest -g -O2   -static conftest.c  >&5
configure:9297: $? = 0
configure:9299: ./conftest
configure:9302: $? = 0
configure:9318: result: 4
configure:9324: checking for double
configure:9345: gcc -c -g -O2  conftest.c >&5
configure:9348: $? = 0
configure:9351: test -s conftest.o
configure:9354: $? = 0
configure:9364: result: yes
configure:9367: checking size of double
configure:9531: gcc -o conftest -g -O2   -static conftest.c  >&5
configure:9534: $? = 0
configure:9536: ./conftest
configure:9539: $? = 0
configure:9555: result: 8
configure:9561: checking for long long
configure:9582: gcc -c -g -O2  conftest.c >&5
configure:9585: $? = 0
configure:9588: test -s conftest.o
configure:9591: $? = 0
configure:9601: result: yes
configure:9604: checking size of long long
configure:9768: gcc -o conftest -g -O2   -static conftest.c  >&5
configure:9771: $? = 0
configure:9773: ./conftest
configure:9776: $? = 0
configure:9792: result: 8
configure:9798: checking for u_int
configure:9819: gcc -c -g -O2  conftest.c >&5
configure:9822: $? = 0
configure:9825: test -s conftest.o
configure:9828: $? = 0
configure:9838: result: yes
configure:9850: checking for u_long
configure:9871: gcc -c -g -O2  conftest.c >&5
configure:9874: $? = 0
configure:9877: test -s conftest.o
configure:9880: $? = 0
configure:9890: result: yes
configure:9903: checking for bits16_t
configure:9924: gcc -c -g -O2  conftest.c >&5
configure: In function `main':
configure:9947: error: `bits16_t' undeclared (first use in this function)
configure:9947: error: (Each undeclared identifier is reported only once
configure:9947: error: for each function it appears in.)
configure:9947: error: parse error before ')' token
configure:9927: $? = 1
configure: failed program was:
#line 9909 "configure"
#include "confdefs.h"
#include <stdio.h>
#if HAVE_SYS_TYPES_H
# include <sys/types.h>
#endif
#if HAVE_SYS_STAT_H
# include <sys/stat.h>
#endif
#if STDC_HEADERS
# include <stdlib.h>
# include <stddef.h>
#else
# if HAVE_STDLIB_H
#  include <stdlib.h>
# endif
#endif
#if HAVE_STRING_H
# if !STDC_HEADERS && HAVE_MEMORY_H
#  include <memory.h>
# endif
# include <string.h>
#endif
#if HAVE_STRINGS_H
# include <strings.h>
#endif
#if HAVE_INTTYPES_H
# include <inttypes.h>
#else
# if HAVE_STDINT_H
#  include <stdint.h>
# endif
#endif
#if HAVE_UNISTD_H
# include <unistd.h>
#endif
int
main ()
{
if ((bits16_t *) 0)
  return 0;
if (sizeof (bits16_t))
  return 0;
  ;
  return 0;
}
configure:9943: result: no
configure:10064: checking for u_bits16_t
configure:10085: gcc -c -g -O2  conftest.c >&5
configure: In function `main':
configure:10108: error: `u_bits16_t' undeclared (first use in this function)
configure:10108: error: (Each undeclared identifier is reported only once
configure:10108: error: for each function it appears in.)
configure:10108: error: parse error before ')' token
configure:10088: $? = 1
configure: failed program was:
#line 10070 "configure"
#include "confdefs.h"
#include <stdio.h>
#if HAVE_SYS_TYPES_H
# include <sys/types.h>
#endif
#if HAVE_SYS_STAT_H
# include <sys/stat.h>
#endif
#if STDC_HEADERS
# include <stdlib.h>
# include <stddef.h>
#else
# if HAVE_STDLIB_H
#  include <stdlib.h>
# endif
#endif
#if HAVE_STRING_H
# if !STDC_HEADERS && HAVE_MEMORY_H
#  include <memory.h>
# endif
# include <string.h>
#endif
#if HAVE_STRINGS_H
# include <strings.h>
#endif
#if HAVE_INTTYPES_H
# include <inttypes.h>
#else
# if HAVE_STDINT_H
#  include <stdint.h>
# endif
#endif
#if HAVE_UNISTD_H
# include <unistd.h>
#endif
int
main ()
{
if ((u_bits16_t *) 0)
  return 0;
if (sizeof (u_bits16_t))
  return 0;
  ;
  return 0;
}
configure:10104: result: no
configure:10225: checking for bits32_t
configure:10246: gcc -c -g -O2  conftest.c >&5
configure: In function `main':
configure:10269: error: `bits32_t' undeclared (first use in this function)
configure:10269: error: (Each undeclared identifier is reported only once
configure:10269: error: for each function it appears in.)
configure:10269: error: parse error before ')' token
configure:10249: $? = 1
configure: failed program was:
#line 10231 "configure"
#include "confdefs.h"
#include <stdio.h>
#if HAVE_SYS_TYPES_H
# include <sys/types.h>
#endif
#if HAVE_SYS_STAT_H
# include <sys/stat.h>
#endif
#if STDC_HEADERS
# include <stdlib.h>
# include <stddef.h>
#else
# if HAVE_STDLIB_H
#  include <stdlib.h>
# endif
#endif
#if HAVE_STRING_H
# if !STDC_HEADERS && HAVE_MEMORY_H
#  include <memory.h>
# endif
# include <string.h>
#endif
#if HAVE_STRINGS_H
# include <strings.h>
#endif
#if HAVE_INTTYPES_H
# include <inttypes.h>
#else
# if HAVE_STDINT_H
#  include <stdint.h>
# endif
#endif
#if HAVE_UNISTD_H
# include <unistd.h>
#endif
int
main ()
{
if ((bits32_t *) 0)
  return 0;
if (sizeof (bits32_t))
  return 0;
  ;
  return 0;
}
configure:10265: result: no
configure:10386: checking for u_bits32_t
configure:10407: gcc -c -g -O2  conftest.c >&5
configure: In function `main':
configure:10430: error: `u_bits32_t' undeclared (first use in this function)
configure:10430: error: (Each undeclared identifier is reported only once
configure:10430: error: for each function it appears in.)
configure:10430: error: parse error before ')' token
configure:10410: $? = 1
configure: failed program was:
#line 10392 "configure"
#include "confdefs.h"
#include <stdio.h>
#if HAVE_SYS_TYPES_H
# include <sys/types.h>
#endif
#if HAVE_SYS_STAT_H
# include <sys/stat.h>
#endif
#if STDC_HEADERS
# include <stdlib.h>
# include <stddef.h>
#else
# if HAVE_STDLIB_H
#  include <stdlib.h>
# endif
#endif
#if HAVE_STRING_H
# if !STDC_HEADERS && HAVE_MEMORY_H
#  include <memory.h>
# endif
# include <string.h>
#endif
#if HAVE_STRINGS_H
# include <strings.h>
#endif
#if HAVE_INTTYPES_H
# include <inttypes.h>
#else
# if HAVE_STDINT_H
#  include <stdint.h>
# endif
#endif
#if HAVE_UNISTD_H
# include <unistd.h>
#endif
int
main ()
{
if ((u_bits32_t *) 0)
  return 0;
if (sizeof (u_bits32_t))
  return 0;
  ;
  return 0;
}
configure:10426: result: no
configure:10600: checking for bits64_t
configure:10621: gcc -c -g -O2  conftest.c >&5
configure: In function `main':
configure:10644: error: `bits64_t' undeclared (first use in this function)
configure:10644: error: (Each undeclared identifier is reported only once
configure:10644: error: for each function it appears in.)
configure:10644: error: parse error before ')' token
configure:10624: $? = 1
configure: failed program was:
#line 10606 "configure"
#include "confdefs.h"
#include <stdio.h>
#if HAVE_SYS_TYPES_H
# include <sys/types.h>
#endif
#if HAVE_SYS_STAT_H
# include <sys/stat.h>
#endif
#if STDC_HEADERS
# include <stdlib.h>
# include <stddef.h>
#else
# if HAVE_STDLIB_H
#  include <stdlib.h>
# endif
#endif
#if HAVE_STRING_H
# if !STDC_HEADERS && HAVE_MEMORY_H
#  include <memory.h>
# endif
# include <string.h>
#endif
#if HAVE_STRINGS_H
# include <strings.h>
#endif
#if HAVE_INTTYPES_H
# include <inttypes.h>
#else
# if HAVE_STDINT_H
#  include <stdint.h>
# endif
#endif
#if HAVE_UNISTD_H
# include <unistd.h>
#endif
int
main ()
{
if ((bits64_t *) 0)
  return 0;
if (sizeof (bits64_t))
  return 0;
  ;
  return 0;
}
configure:10640: result: no
configure:10814: checking for ptrdiff_t
configure:10835: gcc -c -g -O2  conftest.c >&5
configure:10838: $? = 0
configure:10841: test -s conftest.o
configure:10844: $? = 0
configure:10854: result: yes
configure:11027: checking whether stat file-mode macros are broken
configure:11072: result: no
configure:11082: checking whether #! works in shell scripts
configure:11099: result: yes
configure:11162: checking if dup2 fails to clear the close-on-exec flag
configure:11194: gcc -o conftest -g -O2   -static conftest.c  >&5
configure:11197: $? = 0
configure:11199: ./conftest
configure:11202: $? = 1
configure: program exited with status 1
configure: failed program was:
#line 11173 "configure"
#include "confdefs.h"

#include <sys/types.h>
#include <fcntl.h>
main()
{
  int fd1, fd2, fl;
  fd1 = open("/dev/null", 2);
  if (fcntl(fd1, 2, 1) < 0)
    exit(1);
  fd2 = dup2(fd1, 1);
  if (fd2 < 0)
    exit(2);
  fl = fcntl(fd2, 1, 0);
  /* fl will be 1 if dup2 did not reset the close-on-exec flag. */
  exit(fl != 1);
}

configure:11216: result: no
configure:11225: checking whether pgrps need synchronization
configure:11289: gcc -o conftest -g -O2   -static conftest.c  >&5
configure:11292: $? = 0
configure:11294: ./conftest
configure:11297: $? = 0
configure:11311: result: no
configure:11320: checking for type of signal functions
configure:11345: gcc -o conftest -g -O2   -static conftest.c  >&5
configure:11348: $? = 0
configure:11351: test -s conftest
configure:11354: $? = 0
configure:11440: result: posix
configure:11459: checking for sys_errlist and sys_nerr
configure:11479: gcc -o conftest -g -O2   -static conftest.c  >&5
configure:11482: $? = 0
configure:11485: test -s conftest
configure:11488: $? = 0
configure:11498: result: yes
configure:11507: checking for sys_siglist in system C library
configure:11536: gcc -o conftest -g -O2   -static conftest.c  >&5
/tmp/ccqE6dNy.o(.text+0x10): In function `main':
/bash-2.05/configure:11531: undefined reference to `sys_siglist'
collect2: ld returned 1 exit status
configure:11539: $? = 1
configure: program exited with status 1
configure: failed program was:
#line 11518 "configure"
#include "confdefs.h"

#include <sys/types.h>
#include <signal.h>
#ifdef HAVE_UNISTD_H
#include <unistd.h>
#endif
#ifndef SYS_SIGLIST_DECLARED
extern char *sys_siglist[];
#endif
main()
{
char *msg = sys_siglist[2];
exit(msg == 0);
}
configure:11557: result: no
configure:11566: checking for _sys_siglist in signal.h or unistd.h
configure:11589: gcc -c -g -O2  conftest.c >&5
configure: In function `main':
configure:11582: error: `_sys_siglist' undeclared (first use in this function)
configure:11582: error: (Each undeclared identifier is reported only once
configure:11582: error: for each function it appears in.)
configure:11592: $? = 1
configure: failed program was:
#line 11572 "configure"
#include "confdefs.h"

#include <sys/types.h>
#include <signal.h>
#ifdef HAVE_UNISTD_H
#include <unistd.h>
#endif
int
main ()
{
 char *msg = _sys_siglist[2];
  ;
  return 0;
}
configure:11608: result: no
configure:11617: checking for _sys_siglist in system C library
configure:11646: gcc -o conftest -g -O2   -static conftest.c  >&5
/tmp/ccWBtd3V.o(.text+0x10): In function `main':
/bash-2.05/configure:11641: undefined reference to `_sys_siglist'
collect2: ld returned 1 exit status
configure:11649: $? = 1
configure: program exited with status 1
configure: failed program was:
#line 11628 "configure"
#include "confdefs.h"

#include <sys/types.h>
#include <signal.h>
#ifdef HAVE_UNISTD_H
#include <unistd.h>
#endif
#ifndef UNDER_SYS_SIGLIST_DECLARED
extern char *_sys_siglist[];
#endif
main()
{
char *msg = (char *)_sys_siglist[2];
exit(msg == 0);
}
configure:11667: result: no
configure:11676: checking whether signal handlers are of type void
configure:11702: gcc -c -g -O2  conftest.c >&5
configure:11705: $? = 0
configure:11708: test -s conftest.o
configure:11711: $? = 0
configure:11721: result: yes
configure:11730: checking for clock_t
configure:11759: result: yes
configure:11769: checking for sigset_t
configure:11798: result: yes
configure:11808: checking for quad_t
configure:11836: result: yes
configure:11851: checking for intmax_t
configure:11879: result: yes
configure:11889: checking for uintmax_t
configure:11917: result: yes
configure:11929: checking for socklen_t
configure:11958: result: yes
configure:11974: checking for size and type of struct rlimit fields
configure:11993: gcc -c -g -O2  conftest.c >&5
configure:11996: $? = 0
configure:11999: test -s conftest.o
configure:12002: $? = 0
configure:12056: result: rlim_t
configure:12070: checking for struct termios.c_line
configure:12093: gcc -c -g -O2  conftest.c >&5
configure:12096: $? = 0
configure:12099: test -s conftest.o
configure:12102: $? = 0
configure:12112: result: yes
configure:12121: checking for struct termio.c_line
configure:12144: gcc -c -g -O2  conftest.c >&5
configure:12147: $? = 0
configure:12150: test -s conftest.o
configure:12153: $? = 0
configure:12163: result: yes
configure:12172: checking if struct dirent has a d_ino member
configure:12212: gcc -c -g -O2  conftest.c >&5
configure:12215: $? = 0
configure:12218: test -s conftest.o
configure:12221: $? = 0
configure:12232: result: yes
configure:12241: checking if struct dirent has a d_fileno member
configure:12281: gcc -c -g -O2  conftest.c >&5
configure:12284: $? = 0
configure:12287: test -s conftest.o
configure:12290: $? = 0
configure:12301: result: yes
configure:12310: checking for struct winsize in sys/ioctl.h and termios.h
configure:12329: gcc -c -g -O2  conftest.c >&5
configure:12332: $? = 0
configure:12335: test -s conftest.o
configure:12338: $? = 0
configure:12382: result: sys/ioctl.h
configure:12400: checking for struct timeval in sys/time.h and time.h
configure:12435: result: yes
configure:12444: checking for struct stat.st_blocks
configure:12464: gcc -c -g -O2  conftest.c >&5
configure:12467: $? = 0
configure:12470: test -s conftest.o
configure:12473: $? = 0
configure:12483: result: yes
configure:12493: checking for the existence of strsignal
configure:12512: gcc -o conftest -g -O2   -static conftest.c  >&5
configure:12515: $? = 0
configure:12518: test -s conftest
configure:12521: $? = 0
configure:12532: result: yes
configure:12541: checking if opendir() opens non-directories
configure:12596: gcc -o conftest -g -O2   -static conftest.c  >&5
configure:12599: $? = 0
configure:12601: ./conftest
configure:12604: $? = 1
configure: program exited with status 1
configure: failed program was:
#line 12553 "configure"
#include "confdefs.h"

#include <stdio.h>
#include <sys/types.h>
#include <fcntl.h>
#ifdef HAVE_UNISTD_H
# include <unistd.h>
#endif /* HAVE_UNISTD_H */
#if defined(HAVE_DIRENT_H)
# include <dirent.h>
#else
# define dirent direct
# ifdef HAVE_SYS_NDIR_H
#  include <sys/ndir.h>
# endif /* SYSNDIR */
# ifdef HAVE_SYS_DIR_H
#  include <sys/dir.h>
# endif /* SYSDIR */
# ifdef HAVE_NDIR_H
#  include <ndir.h>
# endif
#endif /* HAVE_DIRENT_H */
main()
{
DIR *dir;
int fd, err;
err = mkdir("/tmp/bash-aclocal", 0700);
if (err < 0) {
  perror("mkdir");
  exit(1);
}
unlink("/tmp/bash-aclocal/not_a_directory");
fd = open("/tmp/bash-aclocal/not_a_directory", O_WRONLY|O_CREAT|O_EXCL, 0666);
write(fd, "\n", 1);
close(fd);
dir = opendir("/tmp/bash-aclocal/not_a_directory");
unlink("/tmp/bash-aclocal/not_a_directory");
rmdir("/tmp/bash-aclocal");
exit (dir == 0);
}
configure:12617: result: no
configure:12626: checking whether ulimit can substitute for getdtablesize
configure:12649: gcc -o conftest -g -O2   -static conftest.c  >&5
configure:12652: $? = 0
configure:12654: ./conftest
configure:12657: $? = 0
configure:12670: result: yes
configure:12679: checking to see if getenv can be redefined
configure:12727: gcc -o conftest -g -O2   -static conftest.c  >&5
configure:12730: $? = 0
configure:12732: ./conftest
configure:12735: $? = 0
configure:12748: result: yes
configure:12859: checking for presence of POSIX-style sigsetjmp/siglongjmp
configure:12913: gcc -o conftest -g -O2   -static conftest.c  >&5
configure:12916: $? = 0
configure:12918: ./conftest
configure:12921: $? = 0
configure:12934: result: present
configure:12943: checking whether or not strcoll and strcmp differ
configure:12995: gcc -o conftest -g -O2   -static conftest.c  >&5
configure:12998: $? = 0
configure:13000: ./conftest
configure:13003: $? = 1
configure: program exited with status 1
configure: failed program was:
#line 12955 "configure"
#include "confdefs.h"

#include <stdio.h>
#if defined (HAVE_LOCALE_H)
#include <locale.h>
#endif

main(c, v)
int     c;
char    *v[];
{
        int     r1, r2;
        char    *deflocale, *defcoll;

#ifdef HAVE_SETLOCALE
        deflocale = setlocale(LC_ALL, "");
	defcoll = setlocale(LC_COLLATE, "");
#endif

#ifdef HAVE_STRCOLL
	/* These two values are taken from tests/glob-test. */
        r1 = strcoll("abd", "aXd");
#else
	r1 = 0;
#endif
        r2 = strcmp("abd", "aXd");

	/* These two should both be greater than 0.  It is permissible for
	   a system to return different values, as long as the sign is the
	   same. */

        /* Exit with 1 (failure) if these two values are both > 0, since
	   this tests whether strcoll(3) is broken with respect to strcmp(3)
	   in the default locale. */
	exit (r1 > 0 && r2 > 0);
}

configure:13016: result: no
configure:13025: checking for printf floating point output in hex notation
configure:13055: gcc -o conftest -g -O2   -static conftest.c  >&5
configure:13058: $? = 0
configure:13060: ./conftest
configure:13063: $? = 0
configure:13076: result: yes
configure:13085: checking if signal handlers must be reinstalled when invoked
configure:13145: gcc -o conftest -g -O2   -static conftest.c  >&5
configure:13148: $? = 0
configure:13150: ./conftest
configure:13153: $? = 0
configure:13166: result: no
configure:13175: checking for presence of necessary job control definitions
configure:13235: gcc -o conftest -g -O2   -static conftest.c  >&5
configure:13238: $? = 0
configure:13240: ./conftest
configure:13243: $? = 0
configure:13256: result: present
configure:13265: checking for presence of named pipes
configure:13319: gcc -o conftest -g -O2   -static conftest.c  >&5
configure:13322: $? = 0
configure:13324: ./conftest
configure:13327: $? = 0
configure:13340: result: present
configure:13349: checking POSIX termios
configure:13370: gcc -o conftest -g -O2   -static conftest.c  >&5
configure:13373: $? = 0
configure:13376: test -s conftest
configure:13379: $? = 0
configure:13389: result: yes
configure:13393: checking whether termios.h defines TIOCGWINSZ
configure:13417: result: no
configure:13422: checking whether sys/ioctl.h defines TIOCGWINSZ
configure:13446: result: yes
configure:13458: checking for TIOCSTAT in sys/ioctl.h
configure:13477: gcc -c -g -O2  conftest.c >&5
configure: In function `main':
configure:13470: error: `TIOCSTAT' undeclared (first use in this function)
configure:13470: error: (Each undeclared identifier is reported only once
configure:13470: error: for each function it appears in.)
configure:13480: $? = 1
configure: failed program was:
#line 13464 "configure"
#include "confdefs.h"
#include <sys/types.h>
#include <sys/ioctl.h>
int
main ()
{
int x = TIOCSTAT;
  ;
  return 0;
}
configure:13497: result: no
configure:13506: checking for FIONREAD in sys/ioctl.h
configure:13525: gcc -c -g -O2  conftest.c >&5
configure:13528: $? = 0
configure:13531: test -s conftest.o
configure:13534: $? = 0
configure:13545: result: yes
configure:13554: checking for speed_t in sys/types.h
configure:13572: gcc -c -g -O2  conftest.c >&5
configure: In function `main':
configure:13565: error: `speed_t' undeclared (first use in this function)
configure:13565: error: (Each undeclared identifier is reported only once
configure:13565: error: for each function it appears in.)
configure:13565: error: parse error before "x"
configure:13575: $? = 1
configure: failed program was:
#line 13560 "configure"
#include "confdefs.h"
#include <sys/types.h>
int
main ()
{
speed_t x;
  ;
  return 0;
}
configure:13592: result: no
configure:13601: checking whether getpw functions are declared in pwd.h
configure:13627: result: yes
configure:13636: checking for unusable real-time signals due to large values
configure:13671: gcc -o conftest -g -O2   -static conftest.c  >&5
configure:13674: $? = 0
configure:13676: ./conftest
configure:13679: $? = 1
configure: program exited with status 1
configure: failed program was:
#line 13648 "configure"
#include "confdefs.h"

#include <sys/types.h>
#include <signal.h>

#ifndef NSIG
#  define NSIG 64
#endif

main ()
{
  int n_sigs = 2 * NSIG;
#ifdef SIGRTMIN
  int rtmin = SIGRTMIN;
#else
  int rtmin = 0;
#endif

  exit(rtmin < n_sigs);
}
configure:13692: result: no
configure:13817: checking for tgetent in -ltermcap
configure:13844: gcc -o conftest -g -O2   -static conftest.c -ltermcap   >&5
configure:13847: $? = 0
configure:13850: test -s conftest
configure:13853: $? = 0
configure:13864: result: yes
configure:14037: checking which library has the termcap functions
configure:14040: result: using libtermcap
configure:14062: checking whether /dev/fd is available
configure:14077: result: absent
configure:14099: checking whether /dev/stdin stdout stderr are available
configure:14114: result: absent
configure:14123: checking for default mail directory
configure:14142: result: unknown
configure:14365: creating ./config.status

## ----------------------- ##
## Running config.status.  ##
## ----------------------- ##

This file was extended by config.status (bash 2.05a) 2.52, executed with
  CONFIG_FILES    = 
  CONFIG_HEADERS  = 
  CONFIG_LINKS    = 
  CONFIG_COMMANDS = 
  > ./config.status 
on localhost.localdomain

config.status:14875: creating Makefile
config.status:14875: creating builtins/Makefile
config.status:14875: creating lib/readline/Makefile
config.status:14875: creating lib/glob/Makefile
config.status:14875: creating lib/malloc/Makefile
config.status:14875: creating lib/sh/Makefile
config.status:14875: creating lib/termcap/Makefile
config.status:14875: creating lib/tilde/Makefile
config.status:14875: creating doc/Makefile
config.status:14875: creating support/Makefile
config.status:14875: creating examples/loadables/Makefile
config.status:14875: creating examples/loadables/perl/Makefile
config.status:14967: creating config.h

## ----------------- ##
## Cache variables.  ##
## ----------------- ##

ac_cv_build=i686-pc-linux-gnu
ac_cv_build_alias=i686-pc-linux-gnu
ac_cv_c_bigendian=no
ac_cv_c_char_unsigned=no
ac_cv_c_compiler_gnu=yes
ac_cv_c_const=yes
ac_cv_c_inline=inline
ac_cv_c_long_double=yes
ac_cv_c_stringize=yes
ac_cv_decl_sys_siglist=no
ac_cv_env_CC_set=
ac_cv_env_CC_value=
ac_cv_env_CFLAGS_set=
ac_cv_env_CFLAGS_value=
ac_cv_env_CPPFLAGS_set=
ac_cv_env_CPPFLAGS_value=
ac_cv_env_CPP_set=
ac_cv_env_CPP_value=
ac_cv_env_LDFLAGS_set=
ac_cv_env_LDFLAGS_value=
ac_cv_env_build_alias_set=
ac_cv_env_build_alias_value=
ac_cv_env_host_alias_set=
ac_cv_env_host_alias_value=
ac_cv_env_target_alias_set=
ac_cv_env_target_alias_value=
ac_cv_func___setostype=no
ac_cv_func__doprnt=no
ac_cv_func_alloca_works=yes
ac_cv_func_asprintf=yes
ac_cv_func_bcopy=yes
ac_cv_func_bindtextdomain=no
ac_cv_func_bzero=yes
ac_cv_func_confstr=yes
ac_cv_func_dup2=yes
ac_cv_func_fnmatch=yes
ac_cv_func_getaddrinfo=yes
ac_cv_func_getcwd=yes
ac_cv_func_getdtablesize=yes
ac_cv_func_getgroups=yes
ac_cv_func_gethostbyname=yes
ac_cv_func_gethostname=yes
ac_cv_func_getpagesize=yes
ac_cv_func_getpeername=yes
ac_cv_func_getpgrp_void=yes
ac_cv_func_getrlimit=yes
ac_cv_func_getrusage=yes
ac_cv_func_getservbyname=yes
ac_cv_func_gettext=no
ac_cv_func_gettimeofday=yes
ac_cv_func_inet_aton=yes
ac_cv_func_isascii=yes
ac_cv_func_isblank=yes
ac_cv_func_isgraph=yes
ac_cv_func_isprint=yes
ac_cv_func_isspace=yes
ac_cv_func_isxdigit=yes
ac_cv_func_killpg=yes
ac_cv_func_lstat=yes
ac_cv_func_memmove=yes
ac_cv_func_mkfifo=yes
ac_cv_func_pathconf=yes
ac_cv_func_putenv=yes
ac_cv_func_readlink=yes
ac_cv_func_rename=yes
ac_cv_func_sbrk=yes
ac_cv_func_select=yes
ac_cv_func_setdtablesize=no
ac_cv_func_setenv=yes
ac_cv_func_setlinebuf=yes
ac_cv_func_setlocale=yes
ac_cv_func_setvbuf=yes
ac_cv_func_setvbuf_reversed=no
ac_cv_func_siginterrupt=yes
ac_cv_func_snprintf=yes
ac_cv_func_strcasecmp=yes
ac_cv_func_strchr=yes
ac_cv_func_strcoll_works=yes
ac_cv_func_strerror=yes
ac_cv_func_strpbrk=yes
ac_cv_func_strtod=yes
ac_cv_func_strtoimax=yes
ac_cv_func_strtol=yes
ac_cv_func_strtoll=yes
ac_cv_func_strtoul=yes
ac_cv_func_strtoull=yes
ac_cv_func_strtoumax=yes
ac_cv_func_sysconf=yes
ac_cv_func_tcgetattr=yes
ac_cv_func_tcgetpgrp=yes
ac_cv_func_textdomain=no
ac_cv_func_times=yes
ac_cv_func_ttyname=yes
ac_cv_func_tzset=yes
ac_cv_func_ulimit=yes
ac_cv_func_uname=yes
ac_cv_func_vasprintf=yes
ac_cv_func_vprintf=yes
ac_cv_func_vsnprintf=yes
ac_cv_func_wait3=yes
ac_cv_func_waitpid=yes
ac_cv_have_decl_confstr=yes
ac_cv_have_decl_printf=yes
ac_cv_have_decl_sbrk=yes
ac_cv_have_decl_strsignal=yes
ac_cv_have_decl_strtold=yes
ac_cv_header_arpa_inet_h=yes
ac_cv_header_dirent_dirent_h=yes
ac_cv_header_dlfcn_h=yes
ac_cv_header_grp_h=yes
ac_cv_header_inttypes_h=yes
ac_cv_header_libintl_h=no
ac_cv_header_limits_h=yes
ac_cv_header_locale_h=yes
ac_cv_header_memory_h=yes
ac_cv_header_minix_config_h=no
ac_cv_header_netdb_h=yes
ac_cv_header_netinet_in_h=yes
ac_cv_header_stat_broken=no
ac_cv_header_stdarg_h=yes
ac_cv_header_stdc=yes
ac_cv_header_stddef_h=yes
ac_cv_header_stdint_h=yes
ac_cv_header_stdlib_h=yes
ac_cv_header_string_h=yes
ac_cv_header_strings_h=yes
ac_cv_header_sys_file_h=yes
ac_cv_header_sys_param_h=yes
ac_cv_header_sys_pte_h=no
ac_cv_header_sys_ptem_h=no
ac_cv_header_sys_resource_h=yes
ac_cv_header_sys_select_h=yes
ac_cv_header_sys_socket_h=yes
ac_cv_header_sys_stat_h=yes
ac_cv_header_sys_stream_h=no
ac_cv_header_sys_time_h=yes
ac_cv_header_sys_times_h=yes
ac_cv_header_sys_types_h=yes
ac_cv_header_sys_wait_h=yes
ac_cv_header_termcap_h=yes
ac_cv_header_termio_h=yes
ac_cv_header_termios_h=yes
ac_cv_header_time=yes
ac_cv_header_unistd_h=yes
ac_cv_header_varargs_h=no
ac_cv_host=i686-pc-linux-gnu
ac_cv_host_alias=i686-pc-linux-gnu
ac_cv_lib_dir_opendir=no
ac_cv_lib_intl_bindtextdomain=no
ac_cv_lib_termcap_tgetent=yes
ac_cv_member_struct_stat_st_blocks=yes
ac_cv_member_struct_termio_c_line=yes
ac_cv_member_struct_termios_c_line=yes
ac_cv_objext=o
ac_cv_path_install='/usr/bin/install -c'
ac_cv_prog_AR=ar
ac_cv_prog_CPP='gcc -E'
ac_cv_prog_ac_ct_CC=gcc
ac_cv_prog_ac_ct_RANLIB=ranlib
ac_cv_prog_cc_g=yes
ac_cv_prog_cc_stdc=
ac_cv_prog_gcc_traditional=no
ac_cv_prog_make_make_set=yes
ac_cv_sizeof_char=1
ac_cv_sizeof_char_p=4
ac_cv_sizeof_double=8
ac_cv_sizeof_int=4
ac_cv_sizeof_long=4
ac_cv_sizeof_long_long=8
ac_cv_sizeof_short=2
ac_cv_sys_interpreter=yes
ac_cv_sys_posix_termios=yes
ac_cv_sys_tiocgwinsz_in_sys_ioctl_h=yes
ac_cv_sys_tiocgwinsz_in_termios_h=no
ac_cv_type_bits16_t=no
ac_cv_type_bits32_t=no
ac_cv_type_bits64_t=no
ac_cv_type_char=yes
ac_cv_type_char_p=yes
ac_cv_type_double=yes
ac_cv_type_getgroups=gid_t
ac_cv_type_int=yes
ac_cv_type_long=yes
ac_cv_type_long_long=yes
ac_cv_type_mode_t=yes
ac_cv_type_off_t=yes
ac_cv_type_pid_t=yes
ac_cv_type_ptrdiff_t=yes
ac_cv_type_short=yes
ac_cv_type_signal=void
ac_cv_type_size_t=yes
ac_cv_type_ssize_t=yes
ac_cv_type_time_t=yes
ac_cv_type_u_bits16_t=no
ac_cv_type_u_bits32_t=no
ac_cv_type_u_int=yes
ac_cv_type_u_long=yes
ac_cv_type_uid_t=yes
ac_cv_working_alloca_h=yes
bash_cv_decl_strtoimax=yes
bash_cv_decl_strtol=yes
bash_cv_decl_strtoll=yes
bash_cv_decl_strtoul=yes
bash_cv_decl_strtoull=yes
bash_cv_decl_strtoumax=yes
bash_cv_decl_under_sys_siglist=no
bash_cv_dev_fd=absent
bash_cv_dev_stdin=absent
bash_cv_dirent_has_d_fileno=yes
bash_cv_dirent_has_dino=yes
bash_cv_dup2_broken=no
bash_cv_fionread_in_ioctl=yes
bash_cv_func_sigsetjmp=present
bash_cv_func_strcoll_broken=no
bash_cv_getenv_redef=yes
bash_cv_getpw_declared=yes
bash_cv_have_strsignal=yes
bash_cv_job_control_missing=present
bash_cv_mail_dir=unknown
bash_cv_must_reinstall_sighandlers=no
bash_cv_opendir_not_robust=no
bash_cv_pgrp_pipe=no
bash_cv_printf_a_format=yes
bash_cv_signal_vintage=posix
bash_cv_speed_t_in_sys_types=no
bash_cv_struct_timeval=yes
bash_cv_struct_winsize_header=ioctl_h
bash_cv_sys_errlist=yes
bash_cv_sys_named_pipes=present
bash_cv_sys_siglist=no
bash_cv_termcap_lib=libtermcap
bash_cv_tiocstat_in_ioctl=no
bash_cv_type_clock_t=yes
bash_cv_type_intmax_t=yes
bash_cv_type_long_long='long long'
bash_cv_type_quad_t=yes
bash_cv_type_rlimit=rlim_t
bash_cv_type_sigset_t=yes
bash_cv_type_socklen_t=yes
bash_cv_type_uintmax_t=yes
bash_cv_type_unsigned_long_long='unsigned long long'
bash_cv_ulimit_maxfds=yes
bash_cv_under_sys_siglist=no
bash_cv_unusable_rtsigs=no
bash_cv_void_sighandler=yes

## ------------ ##
## confdefs.h.  ##
## ------------ ##

#define USING_BASH_MALLOC 1
#define ALIAS 1
#define PUSHD_AND_POPD 1
#define RESTRICTED_SHELL 1
#define PROCESS_SUBSTITUTION 1
#define PROMPT_STRING_DECODE 1
#define SELECT_COMMAND 1
#define HELP_BUILTIN 1
#define ARRAY_VARS 1
#define DPAREN_ARITHMETIC 1
#define BRACE_EXPANSION 1
#define COMMAND_TIMING 1
#define EXTENDED_GLOB 1
#define COND_COMMAND 1
#define ARITH_FOR_COMMAND 1
#define NETWORK_REDIRECTIONS 1
#define PROGRAMMABLE_COMPLETION 1
#define READLINE 1
#define HISTORY 1
#define BANG_HISTORY 1
#define _GNU_SOURCE 1
#define HAVE_STRINGIZE 1
#define HAVE_LONG_DOUBLE 1
#define PROTOTYPES 1
#define STDC_HEADERS 1
#define HAVE_SYS_TYPES_H 1
#define HAVE_SYS_STAT_H 1
#define HAVE_STDLIB_H 1
#define HAVE_STRING_H 1
#define HAVE_MEMORY_H 1
#define HAVE_STRINGS_H 1
#define HAVE_INTTYPES_H 1
#define HAVE_STDINT_H 1
#define HAVE_UNISTD_H 1
#define HAVE_DIRENT_H 1
#define TIME_WITH_SYS_TIME 1
#define HAVE_INTTYPES_H 1
#define HAVE_UNISTD_H 1
#define HAVE_STDLIB_H 1
#define HAVE_STDARG_H 1
#define HAVE_LIMITS_H 1
#define HAVE_STRING_H 1
#define HAVE_MEMORY_H 1
#define HAVE_LOCALE_H 1
#define HAVE_TERMCAP_H 1
#define HAVE_TERMIO_H 1
#define HAVE_TERMIOS_H 1
#define HAVE_DLFCN_H 1
#define HAVE_STDDEF_H 1
#define HAVE_STDINT_H 1
#define HAVE_NETDB_H 1
#define HAVE_GRP_H 1
#define HAVE_STRINGS_H 1
#define HAVE_SYS_SELECT_H 1
#define HAVE_SYS_FILE_H 1
#define HAVE_SYS_RESOURCE_H 1
#define HAVE_SYS_PARAM_H 1
#define HAVE_SYS_SOCKET_H 1
#define HAVE_SYS_TIME_H 1
#define HAVE_SYS_TIMES_H 1
#define HAVE_SYS_WAIT_H 1
#define HAVE_NETINET_IN_H 1
#define HAVE_ARPA_INET_H 1
#define HAVE_ALLOCA_H 1
#define HAVE_ALLOCA 1
#define GETPGRP_VOID 1
#define HAVE_VPRINTF 1
#define HAVE_STRCOLL 1
#define RETSIGTYPE void
#define HAVE_WAIT3 1
#define HAVE_MKFIFO 1
#define HAVE_DUP2 1
#define HAVE_SELECT 1
#define HAVE_GETDTABLESIZE 1
#define HAVE_GETGROUPS 1
#define HAVE_GETHOSTNAME 1
#define HAVE_GETPAGESIZE 1
#define HAVE_KILLPG 1
#define HAVE_LSTAT 1
#define HAVE_GETPEERNAME 1
#define HAVE_SBRK 1
#define HAVE_GETRLIMIT 1
#define HAVE_GETRUSAGE 1
#define HAVE_GETTIMEOFDAY 1
#define HAVE_WAITPID 1
#define HAVE_TCGETPGRP 1
#define HAVE_READLINK 1
#define HAVE_RENAME 1
#define HAVE_BCOPY 1
#define HAVE_BZERO 1
#define HAVE_CONFSTR 1
#define HAVE_SYSCONF 1
#define HAVE_PATHCONF 1
#define HAVE_SETENV 1
#define HAVE_PUTENV 1
#define HAVE_SETLINEBUF 1
#define HAVE_SETVBUF 1
#define HAVE_SETLOCALE 1
#define HAVE_STRCHR 1
#define HAVE_TCGETATTR 1
#define HAVE_UNAME 1
#define HAVE_ULIMIT 1
#define HAVE_TZSET 1
#define HAVE_SIGINTERRUPT 1
#define HAVE_MEMMOVE 1
#define HAVE_TTYNAME 1
#define HAVE_TIMES 1
#define HAVE_GETADDRINFO 1
#define HAVE_GETHOSTBYNAME 1
#define HAVE_GETSERVBYNAME 1
#define HAVE_INET_ATON 1
#define HAVE_VSNPRINTF 1
#define HAVE_SNPRINTF 1
#define HAVE_VASPRINTF 1
#define HAVE_ASPRINTF 1
#define HAVE_FNMATCH 1
#define HAVE_ISASCII 1
#define HAVE_ISBLANK 1
#define HAVE_ISGRAPH 1
#define HAVE_ISPRINT 1
#define HAVE_ISSPACE 1
#define HAVE_ISXDIGIT 1
#define HAVE_GETCWD 1
#define HAVE_STRCASECMP 1
#define HAVE_STRERROR 1
#define HAVE_STRPBRK 1
#define HAVE_STRTOD 1
#define HAVE_STRTOL 1
#define HAVE_STRTOUL 1
#define HAVE_STRTOLL 1
#define HAVE_STRTOULL 1
#define HAVE_STRTOIMAX 1
#define HAVE_STRTOUMAX 1
#define HAVE_DECL_STRTOLD 1
#define HAVE_DECL_CONFSTR 1
#define HAVE_DECL_SBRK 1
#define HAVE_DECL_PRINTF 1
#define HAVE_DECL_STRSIGNAL 1
#define HAVE_DECL_STRTOIMAX 1
#define HAVE_DECL_STRTOL 1
#define HAVE_DECL_STRTOLL 1
#define HAVE_DECL_STRTOUL 1
#define HAVE_DECL_STRTOULL 1
#define HAVE_DECL_STRTOUMAX 1
#define GETGROUPS_T gid_t
#define HAVE_LONG_LONG 1
#define HAVE_UNSIGNED_LONG_LONG 1
#define RETSIGTYPE void
#define SIZEOF_CHAR 1
#define SIZEOF_SHORT 2
#define SIZEOF_INT 4
#define SIZEOF_LONG 4
#define SIZEOF_CHAR_P 4
#define SIZEOF_DOUBLE 8
#define SIZEOF_LONG_LONG 8
#define bits16_t short
#define u_bits16_t unsigned short
#define bits32_t int
#define u_bits32_t unsigned int
#define bits64_t double
#define HAVE_HASH_BANG_EXEC 1
#define HAVE_POSIX_SIGNALS 1
#define HAVE_SYS_ERRLIST 1
#define VOID_SIGHANDLER 1
#define HAVE_QUAD_T 1
#define HAVE_SOCKLEN_T 1
#define RLIMTYPE rlim_t
#define TERMIOS_LDISC 1
#define TERMIO_LDISC 1
#define STRUCT_DIRENT_HAS_D_INO 1
#define STRUCT_DIRENT_HAS_D_FILENO 1
#define STRUCT_WINSIZE_IN_SYS_IOCTL 1
#define HAVE_TIMEVAL 1
#define HAVE_STRUCT_STAT_ST_BLOCKS 1
#define HAVE_STRSIGNAL 1
#define ULIMIT_MAXFDS 1
#define CAN_REDEFINE_GETENV 1
#define HAVE_POSIX_SIGSETJMP 1
#define HAVE_PRINTF_A_FORMAT 1
#define GWINSZ_IN_SYS_IOCTL 1
#define FIONREAD_IN_SYS_IOCTL 1
#define HAVE_GETPW_DECLS 1
#define DEFAULT_MAIL_DIRECTORY "unknown"


configure: exit 0

## ----------------------- ##
## Running config.status.  ##
## ----------------------- ##

This file was extended by config.status (bash 2.05a) 2.52, executed with
  CONFIG_FILES    = 
  CONFIG_HEADERS  = config.h
  CONFIG_LINKS    = 
  CONFIG_COMMANDS = 
  > ./config.status 
on easion-PC

config.status:14967: creating config.h
config.status:15108: config.h is unchanged
