This file contains any messages produced by compilers while
running configure, to aid debugging if configure makes a mistake.

It was created by libSM configure 1.1.0, which was
generated by GNU Autoconf 2.61.  Invocation command line was

  $ ./configure 

## --------- ##
## Platform. ##
## --------- ##

hostname = localhost.localdomain
uname -m = i686
uname -r = 2.6.23.1-42.fc8
uname -s = Linux
uname -v = #1 SMP Tue Oct 30 13:55:12 EDT 2007

/usr/bin/uname -p = unknown
/bin/uname -X     = unknown

/bin/arch              = i686
/usr/bin/arch -k       = unknown
/usr/convex/getsysinfo = unknown
/usr/bin/hostinfo      = unknown
/bin/machine           = unknown
/usr/bin/oslevel       = unknown
/bin/universe          = unknown

PATH: /usr/kerberos/sbin
PATH: /usr/kerberos/bin
PATH: /usr/lib/ccache
PATH: /usr/local/sbin
PATH: /usr/local/bin
PATH: /sbin
PATH: /bin
PATH: /usr/sbin
PATH: /usr/bin
PATH: /root/bin


## ----------- ##
## Core tests. ##
## ----------- ##

configure:2020: checking for a BSD-compatible install
configure:2076: result: /usr/bin/install -c
configure:2087: checking whether build environment is sane
configure:2130: result: yes
configure:2158: checking for a thread-safe mkdir -p
configure:2197: result: /bin/mkdir -p
configure:2210: checking for gawk
configure:2226: found /bin/gawk
configure:2237: result: gawk
configure:2248: checking whether make sets $(MAKE)
configure:2269: result: yes
configure:2458: checking whether to enable maintainer-specific portions of Makefiles
configure:2467: result: no
configure:2563: checking build system type
configure:2581: result: i686-pc-linux-gnu
configure:2603: checking host system type
configure:2618: result: i686-pc-linux-gnu
configure:2652: checking for style of include used by make
configure:2680: result: GNU
configure:2750: checking for gcc
configure:2766: found /usr/lib/ccache/gcc
configure:2777: result: gcc
configure:3015: checking for C compiler version
configure:3022: gcc --version >&5
3.0
configure:3025: $? = 0
configure:3032: gcc -v >&5
Reading specs from /usr/local/lib/gcc-lib/i686-pc-linux-gnu/3.0/specs
Configured with: ./configure 
Thread model: single
gcc version 3.0 20010507 (prerelease)
configure:3035: $? = 0
configure:3042: gcc -V >&5
gcc: argument to `-V' is missing
configure:3045: $? = 1
configure:3068: checking for C compiler default output file name
configure:3095: gcc    conftest.c  >&5
configure:3098: $? = 0
configure:3136: result: a.out
configure:3153: checking whether the C compiler works
configure:3163: ./a.out
configure:3166: $? = 0
configure:3183: result: yes
configure:3190: checking whether we are cross compiling
configure:3192: result: no
configure:3195: checking for suffix of executables
configure:3202: gcc -o conftest    conftest.c  >&5
configure:3205: $? = 0
configure:3229: result: 
configure:3235: checking for suffix of object files
configure:3261: gcc -c   conftest.c >&5
configure:3264: $? = 0
configure:3287: result: o
configure:3291: checking whether we are using the GNU C compiler
configure:3320: gcc -c   conftest.c >&5
configure:3326: $? = 0
configure:3343: result: yes
configure:3348: checking whether gcc accepts -g
configure:3378: gcc -c -g  conftest.c >&5
configure:3384: $? = 0
configure:3483: result: yes
configure:3500: checking for gcc option to accept ISO C89
configure:3574: gcc  -c -g -O2  conftest.c >&5
configure:3580: $? = 0
configure:3603: result: none needed
configure:3623: checking dependency style of gcc
configure:3714: result: gcc3
configure:3729: checking for a sed that does not truncate output
configure:3785: result: /bin/sed
configure:3788: checking for grep that handles long lines and -e
configure:3862: result: /bin/grep
configure:3867: checking for egrep
configure:3945: result: /bin/grep -E
configure:3961: checking for ld used by gcc
configure:4028: result: /usr/bin/ld
configure:4037: checking if the linker (/usr/bin/ld) is GNU ld
configure:4052: result: yes
configure:4057: checking for /usr/bin/ld option to reload object files
configure:4064: result: -r
configure:4082: checking for BSD-compatible nm
configure:4131: result: /usr/bin/nm -B
configure:4135: checking whether ln -s works
configure:4139: result: yes
configure:4146: checking how to recognize dependent libraries
configure:4332: result: pass_all
configure:4574: checking how to run the C preprocessor
configure:4614: gcc -E  conftest.c
configure:4620: $? = 0
configure:4651: gcc -E  conftest.c
conftest.c:10:28: ac_nonexistent.h: No such file or directory
configure:4657: $? = 1
configure: failed program was:
| /* confdefs.h.  */
| #define PACKAGE_NAME "libSM"
| #define PACKAGE_TARNAME "libSM"
| #define PACKAGE_VERSION "1.1.0"
| #define PACKAGE_STRING "libSM 1.1.0"
| #define PACKAGE_BUGREPORT "https://bugs.freedesktop.org/enter_bug.cgi?product=xorg"
| #define PACKAGE "libSM"
| #define VERSION "1.1.0"
| /* end confdefs.h.  */
| #include <ac_nonexistent.h>
configure:4690: result: gcc -E
configure:4719: gcc -E  conftest.c
configure:4725: $? = 0
configure:4756: gcc -E  conftest.c
conftest.c:10:28: ac_nonexistent.h: No such file or directory
configure:4762: $? = 1
configure: failed program was:
| /* confdefs.h.  */
| #define PACKAGE_NAME "libSM"
| #define PACKAGE_TARNAME "libSM"
| #define PACKAGE_VERSION "1.1.0"
| #define PACKAGE_STRING "libSM 1.1.0"
| #define PACKAGE_BUGREPORT "https://bugs.freedesktop.org/enter_bug.cgi?product=xorg"
| #define PACKAGE "libSM"
| #define VERSION "1.1.0"
| /* end confdefs.h.  */
| #include <ac_nonexistent.h>
configure:4800: checking for ANSI C header files
configure:4830: gcc -c -g -O2  conftest.c >&5
configure:4836: $? = 0
configure:4935: gcc -o conftest -g -O2   conftest.c  >&5
configure:4938: $? = 0
configure:4944: ./conftest
configure:4947: $? = 0
configure:4964: result: yes
configure:4988: checking for sys/types.h
configure:5009: gcc -c -g -O2  conftest.c >&5
configure:5015: $? = 0
configure:5031: result: yes
configure:4988: checking for sys/stat.h
configure:5009: gcc -c -g -O2  conftest.c >&5
configure:5015: $? = 0
configure:5031: result: yes
configure:4988: checking for stdlib.h
configure:5009: gcc -c -g -O2  conftest.c >&5
configure:5015: $? = 0
configure:5031: result: yes
configure:4988: checking for string.h
configure:5009: gcc -c -g -O2  conftest.c >&5
configure:5015: $? = 0
configure:5031: result: yes
configure:4988: checking for memory.h
configure:5009: gcc -c -g -O2  conftest.c >&5
configure:5015: $? = 0
configure:5031: result: yes
configure:4988: checking for strings.h
configure:5009: gcc -c -g -O2  conftest.c >&5
configure:5015: $? = 0
configure:5031: result: yes
configure:4988: checking for inttypes.h
configure:5009: gcc -c -g -O2  conftest.c >&5
configure:5015: $? = 0
configure:5031: result: yes
configure:4988: checking for stdint.h
configure:5009: gcc -c -g -O2  conftest.c >&5
configure:5015: $? = 0
configure:5031: result: yes
configure:4988: checking for unistd.h
configure:5009: gcc -c -g -O2  conftest.c >&5
configure:5015: $? = 0
configure:5031: result: yes
configure:5058: checking dlfcn.h usability
configure:5075: gcc -c -g -O2  conftest.c >&5
configure:5081: $? = 0
configure:5095: result: yes
configure:5099: checking dlfcn.h presence
configure:5114: gcc -E  conftest.c
configure:5120: $? = 0
configure:5134: result: yes
configure:5167: checking for dlfcn.h
configure:5175: result: yes
configure:5246: checking for g++
configure:5262: found /usr/lib/ccache/g++
configure:5273: result: g++
configure:5304: checking for C++ compiler version
configure:5311: g++ --version >&5
g++ (GCC) 4.1.2 20070925 (Red Hat 4.1.2-33)
Copyright (C) 2006 Free Software Foundation, Inc.
This is free software; see the source for copying conditions.  There is NO
warranty; not even for MERCHANTABILITY or FITNESS FOR A PARTICULAR PURPOSE.

configure:5314: $? = 0
configure:5321: g++ -v >&5
Using built-in specs.
Target: i386-redhat-linux
Configured with: ../configure --prefix=/usr --mandir=/usr/share/man --infodir=/usr/share/info --enable-shared --enable-threads=posix --enable-checking=release --with-system-zlib --enable-__cxa_atexit --disable-libunwind-exceptions --enable-languages=c,c++,objc,obj-c++,java,fortran,ada --enable-java-awt=gtk --disable-dssi --enable-plugin --with-java-home=/usr/lib/jvm/java-1.5.0-gcj-1.5.0.0/jre --enable-libgcj-multifile --enable-java-maintainer-mode --with-ecj-jar=/usr/share/java/eclipse-ecj.jar --with-cpu=generic --host=i386-redhat-linux
Thread model: posix
gcc version 4.1.2 20070925 (Red Hat 4.1.2-33)
configure:5324: $? = 0
configure:5331: g++ -V >&5
g++: '-V' option must have argument
configure:5334: $? = 1
configure:5337: checking whether we are using the GNU C++ compiler
configure:5366: g++ -c   conftest.cpp >&5
configure:5372: $? = 0
configure:5389: result: yes
configure:5394: checking whether g++ accepts -g
configure:5424: g++ -c -g  conftest.cpp >&5
configure:5430: $? = 0
configure:5529: result: yes
configure:5554: checking dependency style of g++
configure:5645: result: gcc3
configure:5670: checking how to run the C++ preprocessor
configure:5706: g++ -E  conftest.cpp
configure:5712: $? = 0
configure:5743: g++ -E  conftest.cpp
conftest.cpp:21:28: error: ac_nonexistent.h: No such file or directory
configure:5749: $? = 1
configure: failed program was:
| /* confdefs.h.  */
| #define PACKAGE_NAME "libSM"
| #define PACKAGE_TARNAME "libSM"
| #define PACKAGE_VERSION "1.1.0"
| #define PACKAGE_STRING "libSM 1.1.0"
| #define PACKAGE_BUGREPORT "https://bugs.freedesktop.org/enter_bug.cgi?product=xorg"
| #define PACKAGE "libSM"
| #define VERSION "1.1.0"
| #define STDC_HEADERS 1
| #define HAVE_SYS_TYPES_H 1
| #define HAVE_SYS_STAT_H 1
| #define HAVE_STDLIB_H 1
| #define HAVE_STRING_H 1
| #define HAVE_MEMORY_H 1
| #define HAVE_STRINGS_H 1
| #define HAVE_INTTYPES_H 1
| #define HAVE_STDINT_H 1
| #define HAVE_UNISTD_H 1
| #define HAVE_DLFCN_H 1
| /* end confdefs.h.  */
| #include <ac_nonexistent.h>
configure:5782: result: g++ -E
configure:5811: g++ -E  conftest.cpp
configure:5817: $? = 0
configure:5848: g++ -E  conftest.cpp
conftest.cpp:21:28: error: ac_nonexistent.h: No such file or directory
configure:5854: $? = 1
configure: failed program was:
| /* confdefs.h.  */
| #define PACKAGE_NAME "libSM"
| #define PACKAGE_TARNAME "libSM"
| #define PACKAGE_VERSION "1.1.0"
| #define PACKAGE_STRING "libSM 1.1.0"
| #define PACKAGE_BUGREPORT "https://bugs.freedesktop.org/enter_bug.cgi?product=xorg"
| #define PACKAGE "libSM"
| #define VERSION "1.1.0"
| #define STDC_HEADERS 1
| #define HAVE_SYS_TYPES_H 1
| #define HAVE_SYS_STAT_H 1
| #define HAVE_STDLIB_H 1
| #define HAVE_STRING_H 1
| #define HAVE_MEMORY_H 1
| #define HAVE_STRINGS_H 1
| #define HAVE_INTTYPES_H 1
| #define HAVE_STDINT_H 1
| #define HAVE_UNISTD_H 1
| #define HAVE_DLFCN_H 1
| /* end confdefs.h.  */
| #include <ac_nonexistent.h>
configure:5947: checking for g77
configure:5977: result: no
configure:5947: checking for xlf
configure:5977: result: no
configure:5947: checking for f77
configure:5977: result: no
configure:5947: checking for frt
configure:5977: result: no
configure:5947: checking for pgf77
configure:5977: result: no
configure:5947: checking for cf77
configure:5977: result: no
configure:5947: checking for fort77
configure:5977: result: no
configure:5947: checking for fl32
configure:5977: result: no
configure:5947: checking for af77
configure:5977: result: no
configure:5947: checking for xlf90
configure:5977: result: no
configure:5947: checking for f90
configure:5977: result: no
configure:5947: checking for pgf90
configure:5977: result: no
configure:5947: checking for pghpf
configure:5977: result: no
configure:5947: checking for epcf90
configure:5977: result: no
configure:5947: checking for gfortran
configure:5963: found /usr/bin/gfortran
configure:5974: result: gfortran
configure:6004: checking for Fortran 77 compiler version
configure:6011: gfortran --version >&5
GNU Fortran (GCC) 4.1.2 20070925 (Red Hat 4.1.2-33)
Copyright (C) 2007 Free Software Foundation, Inc.

GNU Fortran comes with NO WARRANTY, to the extent permitted by law.
You may redistribute copies of GNU Fortran
under the terms of the GNU General Public License.
For more information about these matters, see the file named COPYING

configure:6014: $? = 0
configure:6021: gfortran -v >&5
Using built-in specs.
Target: i386-redhat-linux
Configured with: ../configure --prefix=/usr --mandir=/usr/share/man --infodir=/usr/share/info --enable-shared --enable-threads=posix --enable-checking=release --with-system-zlib --enable-__cxa_atexit --disable-libunwind-exceptions --enable-languages=c,c++,objc,obj-c++,java,fortran,ada --enable-java-awt=gtk --disable-dssi --enable-plugin --with-java-home=/usr/lib/jvm/java-1.5.0-gcj-1.5.0.0/jre --enable-libgcj-multifile --enable-java-maintainer-mode --with-ecj-jar=/usr/share/java/eclipse-ecj.jar --with-cpu=generic --host=i386-redhat-linux
Thread model: posix
gcc version 4.1.2 20070925 (Red Hat 4.1.2-33)
configure:6024: $? = 0
configure:6031: gfortran -V >&5
gfortran: '-V' option must have argument
configure:6034: $? = 1
configure:6042: checking whether we are using the GNU Fortran 77 compiler
configure:6061: gfortran -c  conftest.F >&5
configure:6067: $? = 0
configure:6084: result: yes
configure:6090: checking whether gfortran accepts -g
configure:6107: gfortran -c -g conftest.f >&5
configure:6113: $? = 0
configure:6129: result: yes
configure:6159: checking the maximum length of command line arguments
configure:6271: result: 98304
configure:6283: checking command to parse /usr/bin/nm -B output from gcc object
configure:6388: gcc -c -g -O2  conftest.c >&5
configure:6391: $? = 0
configure:6395: /usr/bin/nm -B conftest.o \| sed -n -e 's/^.*[ 	]\([ABCDGIRSTW][ABCDGIRSTW]*\)[ 	][ 	]*\([_A-Za-z][_A-Za-z0-9]*\)$/\1 \2 \2/p' \> conftest.nm
configure:6398: $? = 0
configure:6450: gcc -o conftest -g -O2   conftest.c conftstm.o >&5
configure:6453: $? = 0
configure:6491: result: ok
configure:6495: checking for objdir
configure:6510: result: .libs
configure:6602: checking for ar
configure:6618: found /usr/bin/ar
configure:6629: result: ar
configure:6698: checking for ranlib
configure:6714: found /usr/bin/ranlib
configure:6725: result: ranlib
configure:6794: checking for strip
configure:6810: found /usr/bin/strip
configure:6821: result: strip
configure:7107: checking if gcc supports -fno-rtti -fno-exceptions
configure:7125: gcc -c -g -O2  -fno-rtti -fno-exceptions conftest.c >&5
cc1: Unrecognized option `-fno-rtti'
configure:7129: $? = 1
configure:7142: result: no
configure:7157: checking for gcc option to produce PIC
configure:7389: result: -fPIC
configure:7397: checking if gcc PIC flag -fPIC works
configure:7415: gcc -c -g -O2  -fPIC -DPIC conftest.c >&5
configure:7419: $? = 0
configure:7432: result: yes
configure:7460: checking if gcc static flag -static works
configure:7488: result: no
configure:7498: checking if gcc supports -c -o file.o
configure:7519: gcc -c -g -O2  -o out/conftest2.o conftest.c >&5
configure:7523: $? = 0
configure:7545: result: yes
configure:7571: checking whether the gcc linker (/usr/bin/ld) supports shared libraries
configure:8551: result: yes
configure:8572: checking whether -lc should be explicitly linked in
configure:8577: gcc -c -g -O2  conftest.c >&5
configure:8580: $? = 0
configure:8595: gcc -shared conftest.o  -v -Wl,-soname -Wl,conftest -o conftest 2\>\&1 \| grep  -lc  \>/dev/null 2\>\&1
configure:8598: $? = 0
configure:8610: result: no
configure:8618: checking dynamic linker characteristics
configure:9222: result: GNU/Linux ld.so
configure:9231: checking how to hardcode library paths into programs
configure:9256: result: immediate
configure:9270: checking whether stripping libraries is possible
configure:9275: result: yes
configure:10077: checking if libtool supports shared libraries
configure:10079: result: yes
configure:10082: checking whether to build shared libraries
configure:10103: result: yes
configure:10106: checking whether to build static libraries
configure:10110: result: yes
configure:10203: creating libtool
configure:10791: checking for ld used by g++
configure:10858: result: /usr/bin/ld
configure:10867: checking if the linker (/usr/bin/ld) is GNU ld
configure:10882: result: yes
configure:10933: checking whether the g++ linker (/usr/bin/ld) supports shared libraries
configure:11907: result: yes
configure:11925: g++ -c -g -O2  conftest.cpp >&5
configure:11928: $? = 0
configure:12080: checking for g++ option to produce PIC
configure:12364: result: -fPIC
configure:12372: checking if g++ PIC flag -fPIC works
configure:12390: g++ -c -g -O2  -fPIC -DPIC conftest.cpp >&5
configure:12394: $? = 0
configure:12407: result: yes
configure:12435: checking if g++ static flag -static works
configure:12463: result: yes
configure:12473: checking if g++ supports -c -o file.o
configure:12494: g++ -c -g -O2  -o out/conftest2.o conftest.cpp >&5
configure:12498: $? = 0
configure:12520: result: yes
configure:12546: checking whether the g++ linker (/usr/bin/ld) supports shared libraries
configure:12571: result: yes
configure:12638: checking dynamic linker characteristics
configure:13190: result: GNU/Linux ld.so
configure:13199: checking how to hardcode library paths into programs
configure:13224: result: immediate
configure:13758: checking if libtool supports shared libraries
configure:13760: result: yes
configure:13763: checking whether to build shared libraries
configure:13783: result: yes
configure:13786: checking whether to build static libraries
configure:13790: result: yes
configure:13800: checking for gfortran option to produce PIC
configure:14032: result: -fPIC
configure:14040: checking if gfortran PIC flag -fPIC works
configure:14058: gfortran -c -g -O2 -fPIC conftest.f >&5
configure:14062: $? = 0
configure:14075: result: yes
configure:14103: checking if gfortran static flag -static works
configure:14131: result: yes
configure:14141: checking if gfortran supports -c -o file.o
configure:14162: gfortran -c -g -O2 -o out/conftest2.o conftest.f >&5
configure:14166: $? = 0
configure:14188: result: yes
configure:14214: checking whether the gfortran linker (/usr/bin/ld) supports shared libraries
configure:15174: result: yes
configure:15241: checking dynamic linker characteristics
configure:15793: result: GNU/Linux ld.so
configure:15802: checking how to hardcode library paths into programs
configure:15827: result: immediate
configure:19447: checking for gcc
configure:19474: result: gcc
configure:19712: checking for C compiler version
configure:19719: gcc --version >&5
3.0
configure:19722: $? = 0
configure:19729: gcc -v >&5
Reading specs from /usr/local/lib/gcc-lib/i686-pc-linux-gnu/3.0/specs
Configured with: ./configure 
Thread model: single
gcc version 3.0 20010507 (prerelease)
configure:19732: $? = 0
configure:19739: gcc -V >&5
gcc: argument to `-V' is missing
configure:19742: $? = 1
configure:19745: checking whether we are using the GNU C compiler
configure:19797: result: yes
configure:19802: checking whether gcc accepts -g
configure:19937: result: yes
configure:19954: checking for gcc option to accept ISO C89
configure:20057: result: none needed
configure:20077: checking dependency style of gcc
configure:20168: result: gcc3
configure:20234: checking for pkg-config
configure:20252: found /usr/bin/pkg-config
configure:20264: result: /usr/bin/pkg-config
configure:20293: checking pkg-config is at least version 0.9.0
configure:20296: result: yes
configure:20307: checking for SM
configure:20314: $PKG_CONFIG --exists --print-errors "ice xproto"
configure:20317: $? = 0
configure:20330: $PKG_CONFIG --exists --print-errors "ice xproto"
configure:20333: $? = 0
configure:20408: result: yes
configure:20417: checking for XTRANS
configure:20424: $PKG_CONFIG --exists --print-errors "xtrans"
configure:20427: $? = 0
configure:20440: $PKG_CONFIG --exists --print-errors "xtrans"
configure:20443: $? = 0
configure:20518: result: yes
configure:20528: checking for ANSI C header files
configure:20692: result: yes
configure:20704: checking return type of signal handlers
configure:20732: gcc -c -g -O2  conftest.c >&5
conftest.c: In function `main':
conftest.c:28: void value not ignored as it ought to be
configure:20738: $? = 1
configure: failed program was:
| /* confdefs.h.  */
| #define PACKAGE_NAME "libSM"
| #define PACKAGE_TARNAME "libSM"
| #define PACKAGE_VERSION "1.1.0"
| #define PACKAGE_STRING "libSM 1.1.0"
| #define PACKAGE_BUGREPORT "https://bugs.freedesktop.org/enter_bug.cgi?product=xorg"
| #define PACKAGE "libSM"
| #define VERSION "1.1.0"
| #define STDC_HEADERS 1
| #define HAVE_SYS_TYPES_H 1
| #define HAVE_SYS_STAT_H 1
| #define HAVE_STDLIB_H 1
| #define HAVE_STRING_H 1
| #define HAVE_MEMORY_H 1
| #define HAVE_STRINGS_H 1
| #define HAVE_INTTYPES_H 1
| #define HAVE_STDINT_H 1
| #define HAVE_UNISTD_H 1
| #define HAVE_DLFCN_H 1
| #define STDC_HEADERS 1
| /* end confdefs.h.  */
| #include <sys/types.h>
| #include <signal.h>
| 
| int
| main ()
| {
| return *(signal (0, 0)) (0) == 1;
|   ;
|   return 0;
| }
configure:20753: result: void
configure:20778: checking if Xtrans should support UNIX socket connections
configure:20787: result: yes
configure:20789: checking if Xtrans should support TCP socket connections
configure:20791: result: yes
configure:20801: checking for library containing socket
configure:20842: gcc -o conftest -g -O2   conftest.c  >&5
configure:20848: $? = 0
configure:20876: result: none required
configure:20884: checking for library containing gethostbyname
configure:20925: gcc -o conftest -g -O2   conftest.c  >&5
configure:20931: $? = 0
configure:20959: result: none required
configure:20973: checking for getaddrinfo
configure:21029: gcc -o conftest -g -O2   conftest.c  >&5
configure:21035: $? = 0
configure:21052: result: yes
configure:21062: checking if IPv6 support should be built
configure:21071: result: yes
configure:21075: checking for struct sockaddr_in.sin_len
configure:21108: gcc -c -g -O2  conftest.c >&5
conftest.c: In function `main':
conftest.c:36: structure has no member named `sin_len'
configure:21114: $? = 1
configure: failed program was:
| /* confdefs.h.  */
| #define PACKAGE_NAME "libSM"
| #define PACKAGE_TARNAME "libSM"
| #define PACKAGE_VERSION "1.1.0"
| #define PACKAGE_STRING "libSM 1.1.0"
| #define PACKAGE_BUGREPORT "https://bugs.freedesktop.org/enter_bug.cgi?product=xorg"
| #define PACKAGE "libSM"
| #define VERSION "1.1.0"
| #define STDC_HEADERS 1
| #define HAVE_SYS_TYPES_H 1
| #define HAVE_SYS_STAT_H 1
| #define HAVE_STDLIB_H 1
| #define HAVE_STRING_H 1
| #define HAVE_MEMORY_H 1
| #define HAVE_STRINGS_H 1
| #define HAVE_INTTYPES_H 1
| #define HAVE_STDINT_H 1
| #define HAVE_UNISTD_H 1
| #define HAVE_DLFCN_H 1
| #define STDC_HEADERS 1
| #define RETSIGTYPE void
| #define UNIXCONN 1
| #define TCPCONN 1
| #define IPv6 1
| /* end confdefs.h.  */
| 
| #include <sys/types.h>
| #include <sys/socket.h>
| #include <netinet/in.h>
| 
| 
| int
| main ()
| {
| static struct sockaddr_in ac_aggr;
| if (ac_aggr.sin_len)
| return 0;
|   ;
|   return 0;
| }
configure:21152: gcc -c -g -O2  conftest.c >&5
conftest.c: In function `main':
conftest.c:36: structure has no member named `sin_len'
configure:21158: $? = 1
configure: failed program was:
| /* confdefs.h.  */
| #define PACKAGE_NAME "libSM"
| #define PACKAGE_TARNAME "libSM"
| #define PACKAGE_VERSION "1.1.0"
| #define PACKAGE_STRING "libSM 1.1.0"
| #define PACKAGE_BUGREPORT "https://bugs.freedesktop.org/enter_bug.cgi?product=xorg"
| #define PACKAGE "libSM"
| #define VERSION "1.1.0"
| #define STDC_HEADERS 1
| #define HAVE_SYS_TYPES_H 1
| #define HAVE_SYS_STAT_H 1
| #define HAVE_STDLIB_H 1
| #define HAVE_STRING_H 1
| #define HAVE_MEMORY_H 1
| #define HAVE_STRINGS_H 1
| #define HAVE_INTTYPES_H 1
| #define HAVE_STDINT_H 1
| #define HAVE_UNISTD_H 1
| #define HAVE_DLFCN_H 1
| #define STDC_HEADERS 1
| #define RETSIGTYPE void
| #define UNIXCONN 1
| #define TCPCONN 1
| #define IPv6 1
| /* end confdefs.h.  */
| 
| #include <sys/types.h>
| #include <sys/socket.h>
| #include <netinet/in.h>
| 
| 
| int
| main ()
| {
| static struct sockaddr_in ac_aggr;
| if (sizeof ac_aggr.sin_len)
| return 0;
|   ;
|   return 0;
| }
configure:21176: result: no
configure:21199: checking if Xtrans should support os-specific local connections
configure:21201: result: no
configure:21231: checking for LIBUUID
configure:21238: $PKG_CONFIG --exists --print-errors "uuid"
configure:21241: $? = 0
configure:21254: $PKG_CONFIG --exists --print-errors "uuid"
configure:21257: $? = 0
configure:21332: result: yes
configure:21529: creating ./config.status

## ---------------------- ##
## Running config.status. ##
## ---------------------- ##

This file was extended by libSM config.status 1.1.0, which was
generated by GNU Autoconf 2.61.  Invocation command line was

  CONFIG_FILES    = 
  CONFIG_HEADERS  = 
  CONFIG_LINKS    = 
  CONFIG_COMMANDS = 
  $ ./config.status 

on localhost.localdomain

config.status:676: creating Makefile
config.status:676: creating src/Makefile
config.status:676: creating sm.pc
config.status:676: creating config.h
config.status:958: executing depfiles commands

## ---------------- ##
## Cache variables. ##
## ---------------- ##

ac_cv_build=i686-pc-linux-gnu
ac_cv_c_compiler_gnu=yes
ac_cv_cxx_compiler_gnu=yes
ac_cv_env_CCC_set=
ac_cv_env_CCC_value=
ac_cv_env_CC_set=
ac_cv_env_CC_value=
ac_cv_env_CFLAGS_set=
ac_cv_env_CFLAGS_value=
ac_cv_env_CPPFLAGS_set=
ac_cv_env_CPPFLAGS_value=
ac_cv_env_CPP_set=
ac_cv_env_CPP_value=
ac_cv_env_CXXCPP_set=
ac_cv_env_CXXCPP_value=
ac_cv_env_CXXFLAGS_set=
ac_cv_env_CXXFLAGS_value=
ac_cv_env_CXX_set=
ac_cv_env_CXX_value=
ac_cv_env_F77_set=
ac_cv_env_F77_value=
ac_cv_env_FFLAGS_set=
ac_cv_env_FFLAGS_value=
ac_cv_env_LDFLAGS_set=
ac_cv_env_LDFLAGS_value=
ac_cv_env_LIBS_set=
ac_cv_env_LIBS_value=
ac_cv_env_LIBUUID_CFLAGS_set=
ac_cv_env_LIBUUID_CFLAGS_value=
ac_cv_env_LIBUUID_LIBS_set=
ac_cv_env_LIBUUID_LIBS_value=
ac_cv_env_PKG_CONFIG_set=
ac_cv_env_PKG_CONFIG_value=
ac_cv_env_SM_CFLAGS_set=
ac_cv_env_SM_CFLAGS_value=
ac_cv_env_SM_LIBS_set=
ac_cv_env_SM_LIBS_value=
ac_cv_env_XTRANS_CFLAGS_set=
ac_cv_env_XTRANS_CFLAGS_value=
ac_cv_env_XTRANS_LIBS_set=
ac_cv_env_XTRANS_LIBS_value=
ac_cv_env_build_alias_set=
ac_cv_env_build_alias_value=
ac_cv_env_host_alias_set=
ac_cv_env_host_alias_value=
ac_cv_env_target_alias_set=
ac_cv_env_target_alias_value=
ac_cv_f77_compiler_gnu=yes
ac_cv_func_getaddrinfo=yes
ac_cv_header_dlfcn_h=yes
ac_cv_header_inttypes_h=yes
ac_cv_header_memory_h=yes
ac_cv_header_stdc=yes
ac_cv_header_stdint_h=yes
ac_cv_header_stdlib_h=yes
ac_cv_header_string_h=yes
ac_cv_header_strings_h=yes
ac_cv_header_sys_stat_h=yes
ac_cv_header_sys_types_h=yes
ac_cv_header_unistd_h=yes
ac_cv_host=i686-pc-linux-gnu
ac_cv_member_struct_sockaddr_in_sin_len=no
ac_cv_objext=o
ac_cv_path_EGREP='/bin/grep -E'
ac_cv_path_GREP=/bin/grep
ac_cv_path_ac_pt_PKG_CONFIG=/usr/bin/pkg-config
ac_cv_path_install='/usr/bin/install -c'
ac_cv_path_mkdir=/bin/mkdir
ac_cv_prog_AWK=gawk
ac_cv_prog_CPP='gcc -E'
ac_cv_prog_CXXCPP='g++ -E'
ac_cv_prog_ac_ct_AR=ar
ac_cv_prog_ac_ct_CC=gcc
ac_cv_prog_ac_ct_CXX=g++
ac_cv_prog_ac_ct_F77=gfortran
ac_cv_prog_ac_ct_RANLIB=ranlib
ac_cv_prog_ac_ct_STRIP=strip
ac_cv_prog_cc_c89=
ac_cv_prog_cc_g=yes
ac_cv_prog_cxx_g=yes
ac_cv_prog_f77_g=yes
ac_cv_prog_make_make_set=yes
ac_cv_search_gethostbyname='none required'
ac_cv_search_socket='none required'
ac_cv_type_signal=void
am_cv_CC_dependencies_compiler_type=gcc3
am_cv_CXX_dependencies_compiler_type=gcc3
lt_cv_deplibs_check_method=pass_all
lt_cv_file_magic_cmd='$MAGIC_CMD'
lt_cv_file_magic_test_file=
lt_cv_ld_reload_flag=-r
lt_cv_objdir=.libs
lt_cv_path_LD=/usr/bin/ld
lt_cv_path_LDCXX=/usr/bin/ld
lt_cv_path_NM='/usr/bin/nm -B'
lt_cv_path_SED=/bin/sed
lt_cv_prog_compiler_c_o=yes
lt_cv_prog_compiler_c_o_CXX=yes
lt_cv_prog_compiler_c_o_F77=yes
lt_cv_prog_compiler_rtti_exceptions=no
lt_cv_prog_gnu_ld=yes
lt_cv_prog_gnu_ldcxx=yes
lt_cv_sys_global_symbol_pipe='sed -n -e '\''s/^.*[ 	]\([ABCDGIRSTW][ABCDGIRSTW]*\)[ 	][ 	]*\([_A-Za-z][_A-Za-z0-9]*\)$/\1 \2 \2/p'\'''
lt_cv_sys_global_symbol_to_c_name_address='sed -n -e '\''s/^: \([^ ]*\) $/  {\"\1\", (lt_ptr) 0},/p'\'' -e '\''s/^[BCDEGRST] \([^ ]*\) \([^ ]*\)$/  {"\2", (lt_ptr) \&\2},/p'\'''
lt_cv_sys_global_symbol_to_cdecl='sed -n -e '\''s/^. .* \(.*\)$/extern int \1;/p'\'''
lt_cv_sys_max_cmd_len=98304
lt_lt_cv_prog_compiler_c_o='"yes"'
lt_lt_cv_prog_compiler_c_o_CXX='"yes"'
lt_lt_cv_prog_compiler_c_o_F77='"yes"'
lt_lt_cv_sys_global_symbol_pipe='"sed -n -e '\''s/^.*[ 	]\\([ABCDGIRSTW][ABCDGIRSTW]*\\)[ 	][ 	]*\\([_A-Za-z][_A-Za-z0-9]*\\)\$/\\1 \\2 \\2/p'\''"'
lt_lt_cv_sys_global_symbol_to_c_name_address='"sed -n -e '\''s/^: \\([^ ]*\\) \$/  {\\\"\\1\\\", (lt_ptr) 0},/p'\'' -e '\''s/^[BCDEGRST] \\([^ ]*\\) \\([^ ]*\\)\$/  {\"\\2\", (lt_ptr) \\&\\2},/p'\''"'
lt_lt_cv_sys_global_symbol_to_cdecl='"sed -n -e '\''s/^. .* \\(.*\\)\$/extern int \\1;/p'\''"'
pkg_cv_LIBUUID_CFLAGS=' '
pkg_cv_LIBUUID_LIBS='-luuid  '
pkg_cv_SM_CFLAGS=' '
pkg_cv_SM_LIBS='-lICE  '
pkg_cv_XTRANS_CFLAGS='-D_BSD_SOURCE -DHAS_FCHOWN -DHAS_STICKY_DIR_BIT  '
pkg_cv_XTRANS_LIBS=' '

## ----------------- ##
## Output variables. ##
## ----------------- ##

ACLOCAL='${SHELL} /root/x11lib/libSM-1.1.0/missing --run aclocal-1.10'
AMDEPBACKSLASH='\'
AMDEP_FALSE='#'
AMDEP_TRUE=''
AMTAR='${SHELL} /root/x11lib/libSM-1.1.0/missing --run tar'
AR='ar'
AUTOCONF='${SHELL} /root/x11lib/libSM-1.1.0/missing --run autoconf'
AUTOHEADER='${SHELL} /root/x11lib/libSM-1.1.0/missing --run autoheader'
AUTOMAKE='${SHELL} /root/x11lib/libSM-1.1.0/missing --run automake-1.10'
AWK='gawk'
CC='gcc'
CCDEPMODE='depmode=gcc3'
CFLAGS='-Wall -Wpointer-arith -Wstrict-prototypes 	-Wmissing-prototypes -Wmissing-declarations 	-Wnested-externs -fno-strict-aliasing -g -O2'
CPP='gcc -E'
CPPFLAGS=''
CXX='g++'
CXXCPP='g++ -E'
CXXDEPMODE='depmode=gcc3'
CXXFLAGS='-g -O2'
CYGPATH_W='echo'
DEFS='-DHAVE_CONFIG_H'
DEPDIR='.deps'
ECHO='echo'
ECHO_C=''
ECHO_N='-n'
ECHO_T=''
EGREP='/bin/grep -E'
EXEEXT=''
F77='gfortran'
FFLAGS='-g -O2'
GREP='/bin/grep'
INSTALL_DATA='${INSTALL} -m 644'
INSTALL_PROGRAM='${INSTALL}'
INSTALL_SCRIPT='${INSTALL}'
INSTALL_STRIP_PROGRAM='$(install_sh) -c -s'
LDFLAGS=''
LIBOBJS=''
LIBS=''
LIBTOOL='$(SHELL) $(top_builddir)/libtool'
LIBUUID_CFLAGS=' '
LIBUUID_LIBS='-luuid  '
LN_S='ln -s'
LTLIBOBJS=''
MAINT='#'
MAINTAINER_MODE_FALSE=''
MAINTAINER_MODE_TRUE='#'
MAKEINFO='${SHELL} /root/x11lib/libSM-1.1.0/missing --run makeinfo'
OBJEXT='o'
PACKAGE='libSM'
PACKAGE_BUGREPORT='https://bugs.freedesktop.org/enter_bug.cgi?product=xorg'
PACKAGE_NAME='libSM'
PACKAGE_STRING='libSM 1.1.0'
PACKAGE_TARNAME='libSM'
PACKAGE_VERSION='1.1.0'
PATH_SEPARATOR=':'
PKG_CONFIG='/usr/bin/pkg-config'
RANLIB='ranlib'
SED='/bin/sed'
SET_MAKE=''
SHELL='/bin/sh'
SM_CFLAGS=' '
SM_LIBS='-lICE  '
STRIP='strip'
VERSION='1.1.0'
WITH_LIBUUID_FALSE='#'
WITH_LIBUUID_TRUE=''
XTRANS_CFLAGS='-D_BSD_SOURCE -DHAS_FCHOWN -DHAS_STICKY_DIR_BIT  '
XTRANS_LIBS=' '
ac_ct_CC='gcc'
ac_ct_CXX='g++'
ac_ct_F77='gfortran'
am__fastdepCC_FALSE='#'
am__fastdepCC_TRUE=''
am__fastdepCXX_FALSE='#'
am__fastdepCXX_TRUE=''
am__include='include'
am__isrc=''
am__leading_dot='.'
am__quote=''
am__tar='${AMTAR} chof - "$$tardir"'
am__untar='${AMTAR} xf -'
bindir='${exec_prefix}/bin'
build='i686-pc-linux-gnu'
build_alias=''
build_cpu='i686'
build_os='linux-gnu'
build_vendor='pc'
datadir='${datarootdir}'
datarootdir='${prefix}/share'
docdir='${datarootdir}/doc/${PACKAGE_TARNAME}'
dvidir='${docdir}'
exec_prefix='${prefix}'
host='i686-pc-linux-gnu'
host_alias=''
host_cpu='i686'
host_os='linux-gnu'
host_vendor='pc'
htmldir='${docdir}'
includedir='${prefix}/include'
infodir='${datarootdir}/info'
install_sh='$(SHELL) /root/x11lib/libSM-1.1.0/install-sh'
libdir='${exec_prefix}/lib'
libexecdir='${exec_prefix}/libexec'
localedir='${datarootdir}/locale'
localstatedir='${prefix}/var'
mandir='${datarootdir}/man'
mkdir_p='/bin/mkdir -p'
oldincludedir='/usr/include'
pdfdir='${docdir}'
prefix='/usr/local'
program_transform_name='s,x,x,'
psdir='${docdir}'
sbindir='${exec_prefix}/sbin'
sharedstatedir='${prefix}/com'
sysconfdir='${prefix}/etc'
target_alias=''

## ----------- ##
## confdefs.h. ##
## ----------- ##

#define PACKAGE_NAME "libSM"
#define PACKAGE_TARNAME "libSM"
#define PACKAGE_VERSION "1.1.0"
#define PACKAGE_STRING "libSM 1.1.0"
#define PACKAGE_BUGREPORT "https://bugs.freedesktop.org/enter_bug.cgi?product=xorg"
#define PACKAGE "libSM"
#define VERSION "1.1.0"
#define STDC_HEADERS 1
#define HAVE_SYS_TYPES_H 1
#define HAVE_SYS_STAT_H 1
#define HAVE_STDLIB_H 1
#define HAVE_STRING_H 1
#define HAVE_MEMORY_H 1
#define HAVE_STRINGS_H 1
#define HAVE_INTTYPES_H 1
#define HAVE_STDINT_H 1
#define HAVE_UNISTD_H 1
#define HAVE_DLFCN_H 1
#define STDC_HEADERS 1
#define RETSIGTYPE void
#define UNIXCONN 1
#define TCPCONN 1
#define IPv6 1
#define PACKAGE_VERSION_MAJOR 1
#define PACKAGE_VERSION_MINOR 1
#define PACKAGE_VERSION_PATCHLEVEL 0

configure: exit 0
