This file contains any messages produced by compilers while
running configure, to aid debugging if configure makes a mistake.

It was created by libXft configure 2.1.14, which was
generated by GNU Autoconf 2.63.  Invocation command line was

  $ ./configure 

## --------- ##
## Platform. ##
## --------- ##

hostname = localhost.localdomain
uname -m = i686
uname -r = 2.6.23.1-42.fc8
uname -s = Linux
uname -v = #1 SMP Tue Oct 30 13:55:12 EDT 2007

/usr/bin/uname -p = unknown
/bin/uname -X     = unknown

/bin/arch              = i686
/usr/bin/arch -k       = unknown
/usr/convex/getsysinfo = unknown
/usr/bin/hostinfo      = unknown
/bin/machine           = unknown
/usr/bin/oslevel       = unknown
/bin/universe          = unknown

PATH: /usr/kerberos/sbin
PATH: /usr/kerberos/bin
PATH: /usr/lib/ccache
PATH: /usr/local/sbin
PATH: /usr/local/bin
PATH: /sbin
PATH: /bin
PATH: /usr/sbin
PATH: /usr/bin
PATH: /root/bin


## ----------- ##
## Core tests. ##
## ----------- ##

configure:2158: checking for a BSD-compatible install
configure:2226: result: /usr/bin/install -c
configure:2237: checking whether build environment is sane
configure:2297: result: yes
configure:2438: checking for a thread-safe mkdir -p
configure:2477: result: /bin/mkdir -p
configure:2490: checking for gawk
configure:2506: found /bin/gawk
configure:2517: result: gawk
configure:2528: checking whether make sets $(MAKE)
configure:2550: result: yes
configure:2633: checking whether to enable maintainer-specific portions of Makefiles
configure:2642: result: no
configure:2720: checking for gcc
configure:2736: found /usr/lib/ccache/gcc
configure:2747: result: gcc
configure:2979: checking for C compiler version
configure:2987: gcc --version >&5
3.0
configure:2991: $? = 0
configure:2998: gcc -v >&5
Reading specs from /usr/local/lib/gcc-lib/i686-pc-linux-gnu/3.0/specs
Configured with: ./configure 
Thread model: single
gcc version 3.0 20010507 (prerelease)
configure:3002: $? = 0
configure:3009: gcc -V >&5
gcc: argument to `-V' is missing
configure:3013: $? = 1
configure:3036: checking for C compiler default output file name
configure:3058: gcc    conftest.c  >&5
configure:3062: $? = 0
configure:3100: result: a.out
configure:3119: checking whether the C compiler works
configure:3129: ./a.out
configure:3133: $? = 0
configure:3152: result: yes
configure:3159: checking whether we are cross compiling
configure:3161: result: no
configure:3164: checking for suffix of executables
configure:3171: gcc -o conftest    conftest.c  >&5
configure:3175: $? = 0
configure:3201: result: 
configure:3207: checking for suffix of object files
configure:3233: gcc -c   conftest.c >&5
configure:3237: $? = 0
configure:3262: result: o
configure:3266: checking whether we are using the GNU C compiler
configure:3295: gcc -c   conftest.c >&5
configure:3302: $? = 0
configure:3319: result: yes
configure:3328: checking whether gcc accepts -g
configure:3358: gcc -c -g  conftest.c >&5
configure:3365: $? = 0
configure:3466: result: yes
configure:3483: checking for gcc option to accept ISO C89
configure:3557: gcc  -c -g -O2  conftest.c >&5
configure:3564: $? = 0
configure:3587: result: none needed
configure:3616: checking for style of include used by make
configure:3644: result: GNU
configure:3669: checking dependency style of gcc
configure:3779: result: gcc3
configure:3872: checking build system type
configure:3890: result: i686-pc-linux-gnu
configure:3912: checking host system type
configure:3927: result: i686-pc-linux-gnu
configure:3949: checking for a sed that does not truncate output
configure:4005: result: /bin/sed
configure:4008: checking for grep that handles long lines and -e
configure:4068: result: /bin/grep
configure:4073: checking for egrep
configure:4137: result: /bin/grep -E
configure:4153: checking for ld used by gcc
configure:4220: result: /usr/bin/ld
configure:4229: checking if the linker (/usr/bin/ld) is GNU ld
configure:4244: result: yes
configure:4249: checking for /usr/bin/ld option to reload object files
configure:4256: result: -r
configure:4274: checking for BSD-compatible nm
configure:4323: result: /usr/bin/nm -B
configure:4327: checking whether ln -s works
configure:4331: result: yes
configure:4338: checking how to recognize dependent libraries
configure:4524: result: pass_all
configure:4773: checking how to run the C preprocessor
configure:4813: gcc -E  conftest.c
configure:4820: $? = 0
configure:4851: gcc -E  conftest.c
conftest.c:10:28: ac_nonexistent.h: No such file or directory
configure:4858: $? = 1
configure: failed program was:
| /* confdefs.h.  */
| #define PACKAGE_NAME "libXft"
| #define PACKAGE_TARNAME "libXft"
| #define PACKAGE_VERSION "2.1.14"
| #define PACKAGE_STRING "libXft 2.1.14"
| #define PACKAGE_BUGREPORT "https://bugs.freedesktop.org/enter_bug.cgi?product=xorg"
| #define PACKAGE "libXft"
| #define VERSION "2.1.14"
| /* end confdefs.h.  */
| #include <ac_nonexistent.h>
configure:4891: result: gcc -E
configure:4920: gcc -E  conftest.c
configure:4927: $? = 0
configure:4958: gcc -E  conftest.c
conftest.c:10:28: ac_nonexistent.h: No such file or directory
configure:4965: $? = 1
configure: failed program was:
| /* confdefs.h.  */
| #define PACKAGE_NAME "libXft"
| #define PACKAGE_TARNAME "libXft"
| #define PACKAGE_VERSION "2.1.14"
| #define PACKAGE_STRING "libXft 2.1.14"
| #define PACKAGE_BUGREPORT "https://bugs.freedesktop.org/enter_bug.cgi?product=xorg"
| #define PACKAGE "libXft"
| #define VERSION "2.1.14"
| /* end confdefs.h.  */
| #include <ac_nonexistent.h>
configure:5005: checking for ANSI C header files
configure:5035: gcc -c -g -O2  conftest.c >&5
configure:5042: $? = 0
configure:5141: gcc -o conftest -g -O2   conftest.c  >&5
configure:5145: $? = 0
configure:5151: ./conftest
configure:5155: $? = 0
configure:5173: result: yes
configure:5197: checking for sys/types.h
configure:5218: gcc -c -g -O2  conftest.c >&5
configure:5225: $? = 0
configure:5242: result: yes
configure:5197: checking for sys/stat.h
configure:5218: gcc -c -g -O2  conftest.c >&5
configure:5225: $? = 0
configure:5242: result: yes
configure:5197: checking for stdlib.h
configure:5218: gcc -c -g -O2  conftest.c >&5
configure:5225: $? = 0
configure:5242: result: yes
configure:5197: checking for string.h
configure:5218: gcc -c -g -O2  conftest.c >&5
configure:5225: $? = 0
configure:5242: result: yes
configure:5197: checking for memory.h
configure:5218: gcc -c -g -O2  conftest.c >&5
configure:5225: $? = 0
configure:5242: result: yes
configure:5197: checking for strings.h
configure:5218: gcc -c -g -O2  conftest.c >&5
configure:5225: $? = 0
configure:5242: result: yes
configure:5197: checking for inttypes.h
configure:5218: gcc -c -g -O2  conftest.c >&5
configure:5225: $? = 0
configure:5242: result: yes
configure:5197: checking for stdint.h
configure:5218: gcc -c -g -O2  conftest.c >&5
configure:5225: $? = 0
configure:5242: result: yes
configure:5197: checking for unistd.h
configure:5218: gcc -c -g -O2  conftest.c >&5
configure:5225: $? = 0
configure:5242: result: yes
configure:5272: checking dlfcn.h usability
configure:5289: gcc -c -g -O2  conftest.c >&5
configure:5296: $? = 0
configure:5310: result: yes
configure:5314: checking dlfcn.h presence
configure:5329: gcc -E  conftest.c
configure:5336: $? = 0
configure:5350: result: yes
configure:5383: checking for dlfcn.h
configure:5392: result: yes
configure:5465: checking for g++
configure:5481: found /usr/lib/ccache/g++
configure:5492: result: g++
configure:5519: checking for C++ compiler version
configure:5527: g++ --version >&5
g++ (GCC) 4.1.2 20070925 (Red Hat 4.1.2-33)
Copyright (C) 2006 Free Software Foundation, Inc.
This is free software; see the source for copying conditions.  There is NO
warranty; not even for MERCHANTABILITY or FITNESS FOR A PARTICULAR PURPOSE.

configure:5531: $? = 0
configure:5538: g++ -v >&5
Using built-in specs.
Target: i386-redhat-linux
Configured with: ../configure --prefix=/usr --mandir=/usr/share/man --infodir=/usr/share/info --enable-shared --enable-threads=posix --enable-checking=release --with-system-zlib --enable-__cxa_atexit --disable-libunwind-exceptions --enable-languages=c,c++,objc,obj-c++,java,fortran,ada --enable-java-awt=gtk --disable-dssi --enable-plugin --with-java-home=/usr/lib/jvm/java-1.5.0-gcj-1.5.0.0/jre --enable-libgcj-multifile --enable-java-maintainer-mode --with-ecj-jar=/usr/share/java/eclipse-ecj.jar --with-cpu=generic --host=i386-redhat-linux
Thread model: posix
gcc version 4.1.2 20070925 (Red Hat 4.1.2-33)
configure:5542: $? = 0
configure:5549: g++ -V >&5
g++: '-V' option must have argument
configure:5553: $? = 1
configure:5556: checking whether we are using the GNU C++ compiler
configure:5585: g++ -c   conftest.cpp >&5
configure:5592: $? = 0
configure:5609: result: yes
configure:5618: checking whether g++ accepts -g
configure:5648: g++ -c -g  conftest.cpp >&5
configure:5655: $? = 0
configure:5756: result: yes
configure:5781: checking dependency style of g++
configure:5891: result: gcc3
configure:5916: checking how to run the C++ preprocessor
configure:5952: g++ -E  conftest.cpp
configure:5959: $? = 0
configure:5990: g++ -E  conftest.cpp
conftest.cpp:21:28: error: ac_nonexistent.h: No such file or directory
configure:5997: $? = 1
configure: failed program was:
| /* confdefs.h.  */
| #define PACKAGE_NAME "libXft"
| #define PACKAGE_TARNAME "libXft"
| #define PACKAGE_VERSION "2.1.14"
| #define PACKAGE_STRING "libXft 2.1.14"
| #define PACKAGE_BUGREPORT "https://bugs.freedesktop.org/enter_bug.cgi?product=xorg"
| #define PACKAGE "libXft"
| #define VERSION "2.1.14"
| #define STDC_HEADERS 1
| #define HAVE_SYS_TYPES_H 1
| #define HAVE_SYS_STAT_H 1
| #define HAVE_STDLIB_H 1
| #define HAVE_STRING_H 1
| #define HAVE_MEMORY_H 1
| #define HAVE_STRINGS_H 1
| #define HAVE_INTTYPES_H 1
| #define HAVE_STDINT_H 1
| #define HAVE_UNISTD_H 1
| #define HAVE_DLFCN_H 1
| /* end confdefs.h.  */
| #include <ac_nonexistent.h>
configure:6030: result: g++ -E
configure:6059: g++ -E  conftest.cpp
configure:6066: $? = 0
configure:6097: g++ -E  conftest.cpp
conftest.cpp:21:28: error: ac_nonexistent.h: No such file or directory
configure:6104: $? = 1
configure: failed program was:
| /* confdefs.h.  */
| #define PACKAGE_NAME "libXft"
| #define PACKAGE_TARNAME "libXft"
| #define PACKAGE_VERSION "2.1.14"
| #define PACKAGE_STRING "libXft 2.1.14"
| #define PACKAGE_BUGREPORT "https://bugs.freedesktop.org/enter_bug.cgi?product=xorg"
| #define PACKAGE "libXft"
| #define VERSION "2.1.14"
| #define STDC_HEADERS 1
| #define HAVE_SYS_TYPES_H 1
| #define HAVE_SYS_STAT_H 1
| #define HAVE_STDLIB_H 1
| #define HAVE_STRING_H 1
| #define HAVE_MEMORY_H 1
| #define HAVE_STRINGS_H 1
| #define HAVE_INTTYPES_H 1
| #define HAVE_STDINT_H 1
| #define HAVE_UNISTD_H 1
| #define HAVE_DLFCN_H 1
| /* end confdefs.h.  */
| #include <ac_nonexistent.h>
configure:6199: checking for g77
configure:6229: result: no
configure:6199: checking for xlf
configure:6229: result: no
configure:6199: checking for f77
configure:6229: result: no
configure:6199: checking for frt
configure:6229: result: no
configure:6199: checking for pgf77
configure:6229: result: no
configure:6199: checking for cf77
configure:6229: result: no
configure:6199: checking for fort77
configure:6229: result: no
configure:6199: checking for fl32
configure:6229: result: no
configure:6199: checking for af77
configure:6229: result: no
configure:6199: checking for xlf90
configure:6229: result: no
configure:6199: checking for f90
configure:6229: result: no
configure:6199: checking for pgf90
configure:6229: result: no
configure:6199: checking for pghpf
configure:6229: result: no
configure:6199: checking for epcf90
configure:6229: result: no
configure:6199: checking for gfortran
configure:6215: found /usr/bin/gfortran
configure:6226: result: gfortran
configure:6252: checking for Fortran 77 compiler version
configure:6260: gfortran --version >&5
GNU Fortran (GCC) 4.1.2 20070925 (Red Hat 4.1.2-33)
Copyright (C) 2007 Free Software Foundation, Inc.

GNU Fortran comes with NO WARRANTY, to the extent permitted by law.
You may redistribute copies of GNU Fortran
under the terms of the GNU General Public License.
For more information about these matters, see the file named COPYING

configure:6264: $? = 0
configure:6271: gfortran -v >&5
Using built-in specs.
Target: i386-redhat-linux
Configured with: ../configure --prefix=/usr --mandir=/usr/share/man --infodir=/usr/share/info --enable-shared --enable-threads=posix --enable-checking=release --with-system-zlib --enable-__cxa_atexit --disable-libunwind-exceptions --enable-languages=c,c++,objc,obj-c++,java,fortran,ada --enable-java-awt=gtk --disable-dssi --enable-plugin --with-java-home=/usr/lib/jvm/java-1.5.0-gcj-1.5.0.0/jre --enable-libgcj-multifile --enable-java-maintainer-mode --with-ecj-jar=/usr/share/java/eclipse-ecj.jar --with-cpu=generic --host=i386-redhat-linux
Thread model: posix
gcc version 4.1.2 20070925 (Red Hat 4.1.2-33)
configure:6275: $? = 0
configure:6282: gfortran -V >&5
gfortran: '-V' option must have argument
configure:6286: $? = 1
configure:6294: checking whether we are using the GNU Fortran 77 compiler
configure:6313: gfortran -c  conftest.F >&5
configure:6320: $? = 0
configure:6337: result: yes
configure:6343: checking whether gfortran accepts -g
configure:6360: gfortran -c -g conftest.f >&5
configure:6367: $? = 0
configure:6383: result: yes
configure:6416: checking the maximum length of command line arguments
configure:6528: result: 98304
configure:6540: checking command to parse /usr/bin/nm -B output from gcc object
configure:6645: gcc -c -g -O2  conftest.c >&5
configure:6648: $? = 0
configure:6652: /usr/bin/nm -B conftest.o \| sed -n -e 's/^.*[ 	]\([ABCDGIRSTW][ABCDGIRSTW]*\)[ 	][ 	]*\([_A-Za-z][_A-Za-z0-9]*\)$/\1 \2 \2/p' \> conftest.nm
configure:6655: $? = 0
configure:6707: gcc -o conftest -g -O2   conftest.c conftstm.o >&5
configure:6710: $? = 0
configure:6748: result: ok
configure:6752: checking for objdir
configure:6767: result: .libs
configure:6859: checking for ar
configure:6875: found /usr/bin/ar
configure:6886: result: ar
configure:6951: checking for ranlib
configure:6967: found /usr/bin/ranlib
configure:6978: result: ranlib
configure:7043: checking for strip
configure:7059: found /usr/bin/strip
configure:7070: result: strip
configure:7660: checking if gcc supports -fno-rtti -fno-exceptions
configure:7678: gcc -c -g -O2  -fno-rtti -fno-exceptions conftest.c >&5
cc1: Unrecognized option `-fno-rtti'
configure:7682: $? = 1
configure:7695: result: no
configure:7710: checking for gcc option to produce PIC
configure:7942: result: -fPIC
configure:7950: checking if gcc PIC flag -fPIC works
configure:7968: gcc -c -g -O2  -fPIC -DPIC conftest.c >&5
configure:7972: $? = 0
configure:7985: result: yes
configure:8013: checking if gcc static flag -static works
configure:8041: result: no
configure:8051: checking if gcc supports -c -o file.o
configure:8072: gcc -c -g -O2  -o out/conftest2.o conftest.c >&5
configure:8076: $? = 0
configure:8098: result: yes
configure:8124: checking whether the gcc linker (/usr/bin/ld) supports shared libraries
configure:9112: result: yes
configure:9133: checking whether -lc should be explicitly linked in
configure:9138: gcc -c -g -O2  conftest.c >&5
configure:9141: $? = 0
configure:9156: gcc -shared conftest.o  -v -Wl,-soname -Wl,conftest -o conftest 2\>\&1 \| grep  -lc  \>/dev/null 2\>\&1
configure:9159: $? = 0
configure:9171: result: no
configure:9179: checking dynamic linker characteristics
configure:9781: result: GNU/Linux ld.so
configure:9805: checking how to hardcode library paths into programs
configure:9830: result: immediate
configure:9844: checking whether stripping libraries is possible
configure:9849: result: yes
configure:10679: checking if libtool supports shared libraries
configure:10681: result: yes
configure:10684: checking whether to build shared libraries
configure:10705: result: yes
configure:10708: checking whether to build static libraries
configure:10712: result: yes
configure:10806: creating libtool
configure:11399: checking for ld used by g++
configure:11466: result: /usr/bin/ld
configure:11475: checking if the linker (/usr/bin/ld) is GNU ld
configure:11490: result: yes
configure:11541: checking whether the g++ linker (/usr/bin/ld) supports shared libraries
configure:12495: result: yes
configure:12512: g++ -c -g -O2  conftest.cpp >&5
configure:12515: $? = 0
configure:12671: checking for g++ option to produce PIC
configure:12955: result: -fPIC
configure:12963: checking if g++ PIC flag -fPIC works
configure:12981: g++ -c -g -O2  -fPIC -DPIC conftest.cpp >&5
configure:12985: $? = 0
configure:12998: result: yes
configure:13026: checking if g++ static flag -static works
configure:13054: result: yes
configure:13064: checking if g++ supports -c -o file.o
configure:13085: g++ -c -g -O2  -o out/conftest2.o conftest.cpp >&5
configure:13089: $? = 0
configure:13111: result: yes
configure:13137: checking whether the g++ linker (/usr/bin/ld) supports shared libraries
configure:13163: result: yes
configure:13230: checking dynamic linker characteristics
configure:13780: result: GNU/Linux ld.so
configure:13804: checking how to hardcode library paths into programs
configure:13829: result: immediate
configure:14368: checking if libtool supports shared libraries
configure:14370: result: yes
configure:14373: checking whether to build shared libraries
configure:14393: result: yes
configure:14396: checking whether to build static libraries
configure:14400: result: yes
configure:14410: checking for gfortran option to produce PIC
configure:14642: result: -fPIC
configure:14650: checking if gfortran PIC flag -fPIC works
configure:14668: gfortran -c -g -O2 -fPIC conftest.f >&5
configure:14672: $? = 0
configure:14685: result: yes
configure:14713: checking if gfortran static flag -static works
configure:14741: result: yes
configure:14751: checking if gfortran supports -c -o file.o
configure:14772: gfortran -c -g -O2 -o out/conftest2.o conftest.f >&5
configure:14776: $? = 0
configure:14798: result: yes
configure:14824: checking whether the gfortran linker (/usr/bin/ld) supports shared libraries
configure:15792: result: yes
configure:15859: checking dynamic linker characteristics
configure:16409: result: GNU/Linux ld.so
configure:16433: checking how to hardcode library paths into programs
configure:16458: result: immediate
configure:20066: checking for gcc option to accept ISO C99
configure:20225: gcc  -c -g -O2  conftest.c >&5
conftest.c:71: parse error before "text"
conftest.c: In function `test_restrict':
conftest.c:76: `for' loop initial declaration used outside C99 mode
conftest.c:76: `text' undeclared (first use in this function)
conftest.c:76: (Each undeclared identifier is reported only once
conftest.c:76: for each function it appears in.)
conftest.c: In function `main':
conftest.c:125: syntax error before "newvar"
conftest.c:135: `for' loop initial declaration used outside C99 mode
conftest.c:151: `newvar' undeclared (first use in this function)
configure:20232: $? = 1
configure: failed program was:
| /* confdefs.h.  */
| #define PACKAGE_NAME "libXft"
| #define PACKAGE_TARNAME "libXft"
| #define PACKAGE_VERSION "2.1.14"
| #define PACKAGE_STRING "libXft 2.1.14"
| #define PACKAGE_BUGREPORT "https://bugs.freedesktop.org/enter_bug.cgi?product=xorg"
| #define PACKAGE "libXft"
| #define VERSION "2.1.14"
| #define STDC_HEADERS 1
| #define HAVE_SYS_TYPES_H 1
| #define HAVE_SYS_STAT_H 1
| #define HAVE_STDLIB_H 1
| #define HAVE_STRING_H 1
| #define HAVE_MEMORY_H 1
| #define HAVE_STRINGS_H 1
| #define HAVE_INTTYPES_H 1
| #define HAVE_STDINT_H 1
| #define HAVE_UNISTD_H 1
| #define HAVE_DLFCN_H 1
| /* end confdefs.h.  */
| #include <stdarg.h>
| #include <stdbool.h>
| #include <stdlib.h>
| #include <wchar.h>
| #include <stdio.h>
| 
| // Check varargs macros.  These examples are taken from C99 6.10.3.5.
| #define debug(...) fprintf (stderr, __VA_ARGS__)
| #define showlist(...) puts (#__VA_ARGS__)
| #define report(test,...) ((test) ? puts (#test) : printf (__VA_ARGS__))
| static void
| test_varargs_macros (void)
| {
|   int x = 1234;
|   int y = 5678;
|   debug ("Flag");
|   debug ("X = %d\n", x);
|   showlist (The first, second, and third items.);
|   report (x>y, "x is %d but y is %d", x, y);
| }
| 
| // Check long long types.
| #define BIG64 18446744073709551615ull
| #define BIG32 4294967295ul
| #define BIG_OK (BIG64 / BIG32 == 4294967297ull && BIG64 % BIG32 == 0)
| #if !BIG_OK
|   your preprocessor is broken;
| #endif
| #if BIG_OK
| #else
|   your preprocessor is broken;
| #endif
| static long long int bignum = -9223372036854775807LL;
| static unsigned long long int ubignum = BIG64;
| 
| struct incomplete_array
| {
|   int datasize;
|   double data[];
| };
| 
| struct named_init {
|   int number;
|   const wchar_t *name;
|   double average;
| };
| 
| typedef const char *ccp;
| 
| static inline int
| test_restrict (ccp restrict text)
| {
|   // See if C++-style comments work.
|   // Iterate through items via the restricted pointer.
|   // Also check for declarations in for loops.
|   for (unsigned int i = 0; *(text+i) != '\0'; ++i)
|     continue;
|   return 0;
| }
| 
| // Check varargs and va_copy.
| static void
| test_varargs (const char *format, ...)
| {
|   va_list args;
|   va_start (args, format);
|   va_list args_copy;
|   va_copy (args_copy, args);
| 
|   const char *str;
|   int number;
|   float fnumber;
| 
|   while (*format)
|     {
|       switch (*format++)
| 	{
| 	case 's': // string
| 	  str = va_arg (args_copy, const char *);
| 	  break;
| 	case 'd': // int
| 	  number = va_arg (args_copy, int);
| 	  break;
| 	case 'f': // float
| 	  fnumber = va_arg (args_copy, double);
| 	  break;
| 	default:
| 	  break;
| 	}
|     }
|   va_end (args_copy);
|   va_end (args);
| }
| 
| int
| main ()
| {
| 
|   // Check bool.
|   _Bool success = false;
| 
|   // Check restrict.
|   if (test_restrict ("String literal") == 0)
|     success = true;
|   char *restrict newvar = "Another string";
| 
|   // Check varargs.
|   test_varargs ("s, d' f .", "string", 65, 34.234);
|   test_varargs_macros ();
| 
|   // Check flexible array members.
|   struct incomplete_array *ia =
|     malloc (sizeof (struct incomplete_array) + (sizeof (double) * 10));
|   ia->datasize = 10;
|   for (int i = 0; i < ia->datasize; ++i)
|     ia->data[i] = i * 1.234;
| 
|   // Check named initializers.
|   struct named_init ni = {
|     .number = 34,
|     .name = L"Test wide string",
|     .average = 543.34343,
|   };
| 
|   ni.number = 58;
| 
|   int dynamic_array[ni.number];
|   dynamic_array[ni.number - 1] = 543;
| 
|   // work around unused variable warnings
|   return (!success || bignum == 0LL || ubignum == 0uLL || newvar[0] == 'x'
| 	  || dynamic_array[ni.number - 1] != 543);
| 
|   ;
|   return 0;
| }
configure:20225: gcc -std=gnu99 -c -g -O2  conftest.c >&5
configure:20232: $? = 0
configure:20262: result: -std=gnu99
configure:20692: checking for pkg-config
configure:20710: found /usr/bin/pkg-config
configure:20722: result: /usr/bin/pkg-config
configure:20747: checking pkg-config is at least version 0.9.0
configure:20750: result: yes
configure:20761: checking for XRENDER
configure:20768: $PKG_CONFIG --exists --print-errors "xrender >= 0.8.2"
configure:20771: $? = 0
configure:20784: $PKG_CONFIG --exists --print-errors "xrender >= 0.8.2"
configure:20787: $? = 0
configure:20822: result: yes
configure:21434: checking for FREETYPE
configure:21441: $PKG_CONFIG --exists --print-errors "freetype2"
configure:21444: $? = 0
configure:21457: $PKG_CONFIG --exists --print-errors "freetype2"
configure:21460: $? = 0
configure:21495: result: yes
configure:21560: checking for FONTCONFIG
configure:21567: $PKG_CONFIG --exists --print-errors "fontconfig >= 2.2"
configure:21570: $? = 0
configure:21583: $PKG_CONFIG --exists --print-errors "fontconfig >= 2.2"
configure:21586: $? = 0
configure:21663: result: yes
configure:21687: checking for FT_Get_Next_Char
configure:21743: gcc -std=gnu99 -o conftest -g -O2 -I/usr/include/freetype2     conftest.c  -lfreetype   >&5
configure:21750: $? = 0
configure:21772: result: yes
configure:21687: checking for FT_Get_BDF_Property
configure:21743: gcc -std=gnu99 -o conftest -g -O2 -I/usr/include/freetype2     conftest.c  -lfreetype   >&5
configure:21750: $? = 0
configure:21772: result: yes
configure:21687: checking for FT_Get_PS_Font_Info
configure:21743: gcc -std=gnu99 -o conftest -g -O2 -I/usr/include/freetype2     conftest.c  -lfreetype   >&5
configure:21750: $? = 0
configure:21772: result: yes
configure:21687: checking for FT_Has_PS_Glyph_Names
configure:21743: gcc -std=gnu99 -o conftest -g -O2 -I/usr/include/freetype2     conftest.c  -lfreetype   >&5
configure:21750: $? = 0
configure:21772: result: yes
configure:21687: checking for FT_GlyphSlot_Embolden
configure:21743: gcc -std=gnu99 -o conftest -g -O2 -I/usr/include/freetype2     conftest.c  -lfreetype   >&5
configure:21750: $? = 0
configure:21772: result: yes
configure:21784: checking for FT_Bitmap_Size.y_ppem
configure:21814: gcc -std=gnu99 -c -g -O2 -I/usr/include/freetype2    conftest.c >&5
configure:21821: $? = 0
configure:21881: result: yes
configure:22042: creating ./config.status

## ---------------------- ##
## Running config.status. ##
## ---------------------- ##

This file was extended by libXft config.status 2.1.14, which was
generated by GNU Autoconf 2.63.  Invocation command line was

  CONFIG_FILES    = 
  CONFIG_HEADERS  = 
  CONFIG_LINKS    = 
  CONFIG_COMMANDS = 
  $ ./config.status 

on localhost.localdomain

config.status:847: creating Makefile
config.status:847: creating xft.pc
config.status:847: creating xft-config
config.status:847: creating src/Makefile
config.status:847: creating man/Makefile
config.status:847: creating man/xft-config.1
config.status:847: creating man/Xft.3
config.status:847: creating config.h
config.status:847: creating include/X11/Xft/Xft.h
config.status:1069: include/X11/Xft/Xft.h is unchanged
config.status:1121: executing depfiles commands

## ---------------- ##
## Cache variables. ##
## ---------------- ##

ac_cv_build=i686-pc-linux-gnu
ac_cv_c_compiler_gnu=yes
ac_cv_cxx_compiler_gnu=yes
ac_cv_env_CCC_set=
ac_cv_env_CCC_value=
ac_cv_env_CC_set=
ac_cv_env_CC_value=
ac_cv_env_CFLAGS_set=
ac_cv_env_CFLAGS_value=
ac_cv_env_CPPFLAGS_set=
ac_cv_env_CPPFLAGS_value=
ac_cv_env_CPP_set=
ac_cv_env_CPP_value=
ac_cv_env_CXXCPP_set=
ac_cv_env_CXXCPP_value=
ac_cv_env_CXXFLAGS_set=
ac_cv_env_CXXFLAGS_value=
ac_cv_env_CXX_set=
ac_cv_env_CXX_value=
ac_cv_env_F77_set=
ac_cv_env_F77_value=
ac_cv_env_FFLAGS_set=
ac_cv_env_FFLAGS_value=
ac_cv_env_FONTCONFIG_CFLAGS_set=
ac_cv_env_FONTCONFIG_CFLAGS_value=
ac_cv_env_FONTCONFIG_LIBS_set=
ac_cv_env_FONTCONFIG_LIBS_value=
ac_cv_env_FREETYPE_CFLAGS_set=
ac_cv_env_FREETYPE_CFLAGS_value=
ac_cv_env_FREETYPE_LIBS_set=
ac_cv_env_FREETYPE_LIBS_value=
ac_cv_env_LDFLAGS_set=
ac_cv_env_LDFLAGS_value=
ac_cv_env_LIBS_set=
ac_cv_env_LIBS_value=
ac_cv_env_PKG_CONFIG_set=
ac_cv_env_PKG_CONFIG_value=
ac_cv_env_XMKMF_set=
ac_cv_env_XMKMF_value=
ac_cv_env_XRENDER_CFLAGS_set=
ac_cv_env_XRENDER_CFLAGS_value=
ac_cv_env_XRENDER_LIBS_set=
ac_cv_env_XRENDER_LIBS_value=
ac_cv_env_build_alias_set=
ac_cv_env_build_alias_value=
ac_cv_env_host_alias_set=
ac_cv_env_host_alias_value=
ac_cv_env_target_alias_set=
ac_cv_env_target_alias_value=
ac_cv_f77_compiler_gnu=yes
ac_cv_func_FT_Get_BDF_Property=yes
ac_cv_func_FT_Get_Next_Char=yes
ac_cv_func_FT_Get_PS_Font_Info=yes
ac_cv_func_FT_GlyphSlot_Embolden=yes
ac_cv_func_FT_Has_PS_Glyph_Names=yes
ac_cv_header_dlfcn_h=yes
ac_cv_header_inttypes_h=yes
ac_cv_header_memory_h=yes
ac_cv_header_stdc=yes
ac_cv_header_stdint_h=yes
ac_cv_header_stdlib_h=yes
ac_cv_header_string_h=yes
ac_cv_header_strings_h=yes
ac_cv_header_sys_stat_h=yes
ac_cv_header_sys_types_h=yes
ac_cv_header_unistd_h=yes
ac_cv_host=i686-pc-linux-gnu
ac_cv_member_FT_Bitmap_Size_y_ppem=yes
ac_cv_objext=o
ac_cv_path_EGREP='/bin/grep -E'
ac_cv_path_GREP=/bin/grep
ac_cv_path_ac_pt_PKG_CONFIG=/usr/bin/pkg-config
ac_cv_path_install='/usr/bin/install -c'
ac_cv_path_mkdir=/bin/mkdir
ac_cv_prog_AWK=gawk
ac_cv_prog_CPP='gcc -E'
ac_cv_prog_CXXCPP='g++ -E'
ac_cv_prog_ac_ct_AR=ar
ac_cv_prog_ac_ct_CC=gcc
ac_cv_prog_ac_ct_CXX=g++
ac_cv_prog_ac_ct_F77=gfortran
ac_cv_prog_ac_ct_RANLIB=ranlib
ac_cv_prog_ac_ct_STRIP=strip
ac_cv_prog_cc_c89=
ac_cv_prog_cc_c99=-std=gnu99
ac_cv_prog_cc_g=yes
ac_cv_prog_cxx_g=yes
ac_cv_prog_f77_g=yes
ac_cv_prog_make_make_set=yes
am_cv_CC_dependencies_compiler_type=gcc3
am_cv_CXX_dependencies_compiler_type=gcc3
lt_cv_deplibs_check_method=pass_all
lt_cv_file_magic_cmd='$MAGIC_CMD'
lt_cv_file_magic_test_file=
lt_cv_ld_reload_flag=-r
lt_cv_objdir=.libs
lt_cv_path_LD=/usr/bin/ld
lt_cv_path_LDCXX=/usr/bin/ld
lt_cv_path_NM='/usr/bin/nm -B'
lt_cv_path_SED=/bin/sed
lt_cv_prog_compiler_c_o=yes
lt_cv_prog_compiler_c_o_CXX=yes
lt_cv_prog_compiler_c_o_F77=yes
lt_cv_prog_compiler_pic_works=yes
lt_cv_prog_compiler_pic_works_CXX=yes
lt_cv_prog_compiler_pic_works_F77=yes
lt_cv_prog_compiler_rtti_exceptions=no
lt_cv_prog_compiler_static_works=no
lt_cv_prog_compiler_static_works_CXX=yes
lt_cv_prog_compiler_static_works_F77=yes
lt_cv_prog_gnu_ld=yes
lt_cv_prog_gnu_ldcxx=yes
lt_cv_sys_global_symbol_pipe='sed -n -e '\''s/^.*[ 	]\([ABCDGIRSTW][ABCDGIRSTW]*\)[ 	][ 	]*\([_A-Za-z][_A-Za-z0-9]*\)$/\1 \2 \2/p'\'''
lt_cv_sys_global_symbol_to_c_name_address='sed -n -e '\''s/^: \([^ ]*\) $/  {\"\1\", (lt_ptr) 0},/p'\'' -e '\''s/^[BCDEGRST] \([^ ]*\) \([^ ]*\)$/  {"\2", (lt_ptr) \&\2},/p'\'''
lt_cv_sys_global_symbol_to_cdecl='sed -n -e '\''s/^. .* \(.*\)$/extern int \1;/p'\'''
lt_cv_sys_lib_dlsearch_path_spec='/lib /usr/lib /usr/lib/qt-3.3/lib /usr/local/lib/ '
lt_cv_sys_lib_search_path_spec='/usr/local/lib/gcc-lib/i686-pc-linux-gnu/3.0 /usr/local/lib /lib /usr/lib'
lt_cv_sys_max_cmd_len=98304
lt_lt_cv_prog_compiler_c_o='"yes"'
lt_lt_cv_prog_compiler_c_o_CXX='"yes"'
lt_lt_cv_prog_compiler_c_o_F77='"yes"'
lt_lt_cv_sys_global_symbol_pipe='"sed -n -e '\''s/^.*[ 	]\\([ABCDGIRSTW][ABCDGIRSTW]*\\)[ 	][ 	]*\\([_A-Za-z][_A-Za-z0-9]*\\)\$/\\1 \\2 \\2/p'\''"'
lt_lt_cv_sys_global_symbol_to_c_name_address='"sed -n -e '\''s/^: \\([^ ]*\\) \$/  {\\\"\\1\\\", (lt_ptr) 0},/p'\'' -e '\''s/^[BCDEGRST] \\([^ ]*\\) \\([^ ]*\\)\$/  {\"\\2\", (lt_ptr) \\&\\2},/p'\''"'
lt_lt_cv_sys_global_symbol_to_cdecl='"sed -n -e '\''s/^. .* \\(.*\\)\$/extern int \\1;/p'\''"'
pkg_cv_FONTCONFIG_CFLAGS=' '
pkg_cv_FONTCONFIG_LIBS='-lfontconfig  '
pkg_cv_FREETYPE_CFLAGS='-I/usr/include/freetype2  '
pkg_cv_FREETYPE_LIBS='-lfreetype  '
pkg_cv_XRENDER_CFLAGS=' '
pkg_cv_XRENDER_LIBS='-lXrender -lX11  '

## ----------------- ##
## Output variables. ##
## ----------------- ##

ACLOCAL='${SHELL} /root/libXft-2.1.14/missing --run aclocal-1.11'
ADMIN_MAN_DIR='$(mandir)/man$(ADMIN_MAN_SUFFIX)'
ADMIN_MAN_SUFFIX='8'
AMDEPBACKSLASH='\'
AMDEP_FALSE='#'
AMDEP_TRUE=''
AMTAR='${SHELL} /root/libXft-2.1.14/missing --run tar'
AM_BACKSLASH='\'
AM_DEFAULT_VERBOSITY='0'
APP_MAN_DIR='$(mandir)/man$(APP_MAN_SUFFIX)'
APP_MAN_SUFFIX='1'
AR='ar'
AUTOCONF='${SHELL} /root/libXft-2.1.14/missing --run autoconf'
AUTOHEADER='${SHELL} /root/libXft-2.1.14/missing --run autoheader'
AUTOMAKE='${SHELL} /root/libXft-2.1.14/missing --run automake-1.11'
AWK='gawk'
CC='gcc -std=gnu99'
CCDEPMODE='depmode=gcc3'
CFLAGS='-g -O2'
CHANGELOG_CMD='(GIT_DIR=$(top_srcdir)/.git git log > .changelog.tmp && mv .changelog.tmp ChangeLog) || (rm -f .changelog.tmp; touch ChangeLog; echo '\''git directory not found: installing possibly empty changelog.'\'' >&2)'
CPP='gcc -E'
CPPFLAGS=''
CWARNFLAGS='-Wall -Wpointer-arith -Wstrict-prototypes -Wmissing-prototypes -Wmissing-declarations -Wnested-externs -fno-strict-aliasing -Wbad-function-cast '
CXX='g++'
CXXCPP='g++ -E'
CXXDEPMODE='depmode=gcc3'
CXXFLAGS='-g -O2'
CYGPATH_W='echo'
DEFS='-DHAVE_CONFIG_H'
DEPDIR='.deps'
DRIVER_MAN_DIR='$(mandir)/man$(DRIVER_MAN_SUFFIX)'
DRIVER_MAN_SUFFIX='4'
DSYMUTIL=''
ECHO='echo'
ECHO_C=''
ECHO_N='-n'
ECHO_T=''
EGREP='/bin/grep -E'
EXEEXT=''
F77='gfortran'
FFLAGS='-g -O2'
FILE_MAN_DIR='$(mandir)/man$(FILE_MAN_SUFFIX)'
FILE_MAN_SUFFIX='5'
FONTCONFIG_CFLAGS=' '
FONTCONFIG_LIBS='-lfontconfig  '
FREETYPE_CFLAGS='-I/usr/include/freetype2  '
FREETYPE_LIBS='-lfreetype  '
GREP='/bin/grep'
INSTALL_DATA='${INSTALL} -m 644'
INSTALL_PROGRAM='${INSTALL}'
INSTALL_SCRIPT='${INSTALL}'
INSTALL_STRIP_PROGRAM='$(install_sh) -c -s'
LDFLAGS=''
LIBOBJS=''
LIBS=''
LIBTOOL='$(SHELL) $(top_builddir)/libtool'
LIB_MAN_DIR='$(mandir)/man$(LIB_MAN_SUFFIX)'
LIB_MAN_SUFFIX='3'
LN_S='ln -s'
LTLIBOBJS=''
MAINT='#'
MAINTAINER_MODE_FALSE=''
MAINTAINER_MODE_TRUE='#'
MAKEINFO='${SHELL} /root/libXft-2.1.14/missing --run makeinfo'
MISC_MAN_DIR='$(mandir)/man$(MISC_MAN_SUFFIX)'
MISC_MAN_SUFFIX='7'
MKDIR_P='/bin/mkdir -p'
NMEDIT=''
OBJEXT='o'
PACKAGE='libXft'
PACKAGE_BUGREPORT='https://bugs.freedesktop.org/enter_bug.cgi?product=xorg'
PACKAGE_NAME='libXft'
PACKAGE_STRING='libXft 2.1.14'
PACKAGE_TARNAME='libXft'
PACKAGE_VERSION='2.1.14'
PATH_SEPARATOR=':'
PKG_CONFIG='/usr/bin/pkg-config'
RANLIB='ranlib'
SED='/bin/sed'
SET_MAKE=''
SHELL='/bin/sh'
STRIP='strip'
VERSION='2.1.14'
XMKMF=''
XRENDER_CFLAGS=' '
XRENDER_LIBS='-lXrender -lX11  '
ac_ct_CC='gcc'
ac_ct_CXX='g++'
ac_ct_F77='gfortran'
am__EXEEXT_FALSE=''
am__EXEEXT_TRUE='#'
am__fastdepCC_FALSE='#'
am__fastdepCC_TRUE=''
am__fastdepCXX_FALSE='#'
am__fastdepCXX_TRUE=''
am__include='include'
am__isrc=''
am__leading_dot='.'
am__quote=''
am__tar='${AMTAR} chof - "$$tardir"'
am__untar='${AMTAR} xf -'
bindir='${exec_prefix}/bin'
build='i686-pc-linux-gnu'
build_alias=''
build_cpu='i686'
build_os='linux-gnu'
build_vendor='pc'
datadir='${datarootdir}'
datarootdir='${prefix}/share'
distcleancheck_listfiles='find . -type f ! -name ChangeLog -print'
docdir='${datarootdir}/doc/${PACKAGE_TARNAME}'
dvidir='${docdir}'
exec_prefix='${prefix}'
ft_config='no'
host='i686-pc-linux-gnu'
host_alias=''
host_cpu='i686'
host_os='linux-gnu'
host_vendor='pc'
htmldir='${docdir}'
includedir='${prefix}/include'
infodir='${datarootdir}/info'
install_sh='${SHELL} /root/libXft-2.1.14/install-sh'
libdir='${exec_prefix}/lib'
libexecdir='${exec_prefix}/libexec'
localedir='${datarootdir}/locale'
localstatedir='${prefix}/var'
mandir='${datarootdir}/man'
mkdir_p='/bin/mkdir -p'
oldincludedir='/usr/include'
pdfdir='${docdir}'
prefix='/usr/local'
program_transform_name='s,x,x,'
psdir='${docdir}'
sbindir='${exec_prefix}/sbin'
sharedstatedir='${prefix}/com'
sysconfdir='${prefix}/etc'
target_alias=''

## ----------- ##
## confdefs.h. ##
## ----------- ##

#define PACKAGE_NAME "libXft"
#define PACKAGE_TARNAME "libXft"
#define PACKAGE_VERSION "2.1.14"
#define PACKAGE_STRING "libXft 2.1.14"
#define PACKAGE_BUGREPORT "https://bugs.freedesktop.org/enter_bug.cgi?product=xorg"
#define PACKAGE "libXft"
#define VERSION "2.1.14"
#define STDC_HEADERS 1
#define HAVE_SYS_TYPES_H 1
#define HAVE_SYS_STAT_H 1
#define HAVE_STDLIB_H 1
#define HAVE_STRING_H 1
#define HAVE_MEMORY_H 1
#define HAVE_STRINGS_H 1
#define HAVE_INTTYPES_H 1
#define HAVE_STDINT_H 1
#define HAVE_UNISTD_H 1
#define HAVE_DLFCN_H 1
#define PACKAGE_VERSION_MAJOR 2
#define PACKAGE_VERSION_MINOR 1
#define PACKAGE_VERSION_PATCHLEVEL 14
#define XFT_MAJOR 2
#define XFT_MINOR 1
#define XFT_REVISION 14
#define HAVE_FT_GET_NEXT_CHAR 1
#define HAVE_FT_GET_BDF_PROPERTY 1
#define HAVE_FT_GET_PS_FONT_INFO 1
#define HAVE_FT_HAS_PS_GLYPH_NAMES 1
#define HAVE_FT_GLYPHSLOT_EMBOLDEN 1
#define HAVE_FT_BITMAP_SIZE_Y_PPEM 1

configure: exit 0
